2024-07-17 14:11:28,482 [INFO] Activator:176 - 


2024-07-17 14:11:28,483 [INFO] Activator:177 - !SESSION log4j initialized
2024-07-17 14:11:29,896 [INFO] LogOutputStream:77 - [STDOUT_REDIRECT] 
2024-07-17 14:11:34,689 [ERROR] ConfigurationRetriever:142 - IOException on connection: sw-center.st.com
2024-07-17 14:11:34,689 [ERROR] ConfigurationRetriever:142 - IOException on connection: sw-center.st.com
2024-07-17 14:11:34,690 [ERROR] ConfigurationRetriever:142 - IOException on connection: sw-center.st.com
2024-07-17 14:11:36,259 [INFO] ApplicationProperties:184 - Using Application install path: C:\my_workspace\my_software\stm32cubeide\STM32CubeIDE_1.14.1\STM32CubeIDE\plugins\com.st.stm32cube.common.mx_6.10.0.202311202037
2024-07-17 14:11:36,271 [INFO] DbMcusXml:78 - Set database path to: C:\my_workspace\my_software\stm32cubeide\STM32CubeIDE_1.14.1\STM32CubeIDE\plugins\com.st.stm32cube.common.mx_6.10.0.202311202037\\db\/mcu/
2024-07-17 14:11:36,272 [INFO] ApiDb:274 - Set plugin database path to: C:\my_workspace\my_software\stm32cubeide\STM32CubeIDE_1.14.1\STM32CubeIDE\plugins\com.st.stm32cube.common.mx_6.10.0.202311202037\\db\/plugins/boardmanager/
2024-07-17 14:11:36,272 [WARN] ApiDb:259 - Overriding images path with different value:  => C:\my_workspace\my_software\stm32cubeide\STM32CubeIDE_1.14.1\STM32CubeIDE\plugins\com.st.stm32cube.common.mx_6.10.0.202311202037\\db\/plugins/mcufinder/images/
2024-07-17 14:11:36,287 [INFO] ApiDb:250 - Set database path to: C:\Users\ECA1WX\.stmcufinder\plugins\mcufinder//mcu/
2024-07-17 14:11:36,287 [INFO] DbMcusAds:125 - Set database path to: C:\Users\ECA1WX\.stmcufinder\plugins\mcufinder//mcu/
2024-07-17 14:11:36,289 [INFO] CrossReferenceDbSqlite:203 - Set database path to: C:\Users\ECA1WX\.stmcufinder\plugins\mcufinder//mcu/cs/
2024-07-17 14:11:36,361 [INFO] RulesReader:64 - Compatibility file has been processed (297 Rules)
2024-07-17 14:11:36,435 [INFO] DbMcusXml:78 - Set database path to: C:\my_workspace\my_software\stm32cubeide\STM32CubeIDE_1.14.1\STM32CubeIDE\plugins\com.st.stm32cube.common.mx_6.10.0.202311202037\\db\/mcu/
2024-07-17 14:11:36,435 [INFO] ApiDb:274 - Set plugin database path to: C:\my_workspace\my_software\stm32cubeide\STM32CubeIDE_1.14.1\STM32CubeIDE\plugins\com.st.stm32cube.common.mx_6.10.0.202311202037\\db\/plugins/boardmanager/
2024-07-17 14:11:36,435 [INFO] ApiDb:261 - Set plugin images path to: C:\my_workspace\my_software\stm32cubeide\STM32CubeIDE_1.14.1\STM32CubeIDE\plugins\com.st.stm32cube.common.mx_6.10.0.202311202037\\db\/plugins/mcufinder/images/
2024-07-17 14:11:36,435 [WARN] DbFile:41 - Overriding database path with different value: C:\Users\ECA1WX\.stmcufinder\plugins\mcufinder/ => C:\Users\ECA1WX\.stmcufinder\plugins\mcufinder
2024-07-17 14:11:36,435 [INFO] ApiDb:250 - Set database path to: C:\Users\ECA1WX\.stmcufinder\plugins\mcufinder//mcu/
2024-07-17 14:11:36,435 [WARN] DbFile:41 - Overriding database path with different value: C:\Users\ECA1WX\.stmcufinder\plugins\mcufinder/ => C:\Users\ECA1WX\.stmcufinder\plugins\mcufinder
2024-07-17 14:11:36,435 [INFO] DbMcusAds:125 - Set database path to: C:\Users\ECA1WX\.stmcufinder\plugins\mcufinder//mcu/
2024-07-17 14:11:36,435 [WARN] DbFile:41 - Overriding database path with different value: C:\Users\ECA1WX\.stmcufinder\plugins\mcufinder/ => C:\Users\ECA1WX\.stmcufinder\plugins\mcufinder
2024-07-17 14:11:36,435 [WARN] DbFile:41 - Overriding database path with different value: C:\Users\ECA1WX\.stmcufinder\plugins\mcufinder/ => C:\Users\ECA1WX\.stmcufinder\plugins\mcufinder
2024-07-17 14:11:36,435 [INFO] CrossReferenceDbSqlite:203 - Set database path to: C:\Users\ECA1WX\.stmcufinder\plugins\mcufinder//mcu/cs/
2024-07-17 14:11:36,489 [INFO] MainPanel:264 - HeapMemory: 268435456
2024-07-17 14:11:36,530 [INFO] DbMcusXml:78 - Set database path to: C:\my_workspace\my_software\stm32cubeide\STM32CubeIDE_1.14.1\STM32CubeIDE\plugins\com.st.stm32cube.common.mx_6.10.0.202311202037\\db\/mcu/
2024-07-17 14:11:36,530 [INFO] ApiDb:274 - Set plugin database path to: C:\my_workspace\my_software\stm32cubeide\STM32CubeIDE_1.14.1\STM32CubeIDE\plugins\com.st.stm32cube.common.mx_6.10.0.202311202037\\db\/plugins/boardmanager/
2024-07-17 14:11:36,530 [INFO] ApiDb:261 - Set plugin images path to: C:\my_workspace\my_software\stm32cubeide\STM32CubeIDE_1.14.1\STM32CubeIDE\plugins\com.st.stm32cube.common.mx_6.10.0.202311202037\\db\/plugins/mcufinder/images/
2024-07-17 14:11:36,530 [WARN] DbFile:41 - Overriding database path with different value: C:\Users\ECA1WX\.stmcufinder\plugins\mcufinder/ => C:\Users\ECA1WX\.stmcufinder\plugins\mcufinder
2024-07-17 14:11:36,530 [INFO] ApiDb:250 - Set database path to: C:\Users\ECA1WX\.stmcufinder\plugins\mcufinder//mcu/
2024-07-17 14:11:36,530 [WARN] DbFile:41 - Overriding database path with different value: C:\Users\ECA1WX\.stmcufinder\plugins\mcufinder/ => C:\Users\ECA1WX\.stmcufinder\plugins\mcufinder
2024-07-17 14:11:36,530 [INFO] DbMcusAds:125 - Set database path to: C:\Users\ECA1WX\.stmcufinder\plugins\mcufinder//mcu/
2024-07-17 14:11:36,531 [WARN] DbFile:41 - Overriding database path with different value: C:\Users\ECA1WX\.stmcufinder\plugins\mcufinder/ => C:\Users\ECA1WX\.stmcufinder\plugins\mcufinder
2024-07-17 14:11:36,531 [WARN] DbFile:41 - Overriding database path with different value: C:\Users\ECA1WX\.stmcufinder\plugins\mcufinder/ => C:\Users\ECA1WX\.stmcufinder\plugins\mcufinder
2024-07-17 14:11:36,531 [INFO] CrossReferenceDbSqlite:203 - Set database path to: C:\Users\ECA1WX\.stmcufinder\plugins\mcufinder//mcu/cs/
2024-07-17 14:11:36,543 [INFO] ApplicationProperties:184 - Using Application install path: C:\my_workspace\my_software\stm32cubeide\STM32CubeIDE_1.14.1\STM32CubeIDE\plugins\com.st.stm32cube.common.mx_6.10.0.202311202037
2024-07-17 14:11:36,544 [INFO] PluginManage:196 - Search for loadable plugins [exclusion list=, ]
2024-07-17 14:11:36,547 [INFO] PluginManage:310 - Check plugin analytics
2024-07-17 14:11:41,204 [INFO] AnalyticsPlugin:253 - Accepted Software Licenses: 
2024-07-17 14:11:41,204 [INFO] AnalyticsPlugin:255 - Accepted CMSIS Pack Licenses: 
2024-07-17 14:11:41,205 [INFO] AnalyticsPlugin:257 - Accepted Firmware Licenses: FW.F7.1.17.0
2024-07-17 14:11:41,206 [INFO] PluginManage:359 - Loaded plugin analytics (category:tool,tabindex:-1)
2024-07-17 14:11:41,206 [INFO] PluginManage:310 - Check plugin cadmodel
2024-07-17 14:11:41,206 [ERROR] ConfigurationRetriever:142 - IOException on connection: sw-center.st.com
2024-07-17 14:11:41,207 [ERROR] ConfigurationRetriever:142 - IOException on connection: sw-center.st.com
2024-07-17 14:11:41,207 [ERROR] ConfigurationRetriever:142 - IOException on connection: sw-center.st.com
2024-07-17 14:11:41,211 [INFO] CADModel:105 - Init CAD model plugin
2024-07-17 14:11:41,211 [INFO] PluginManage:359 - Loaded plugin cadmodel (category:power,tabindex:5)
2024-07-17 14:11:41,211 [INFO] PluginManage:310 - Check plugin clock
2024-07-17 14:11:41,218 [INFO] PluginManage:359 - Loaded plugin clock (category:base,tabindex:2)
2024-07-17 14:11:41,218 [INFO] PluginManage:310 - Check plugin ddr
2024-07-17 14:11:41,219 [INFO] PluginManage:359 - Loaded plugin ddr (category:tool,tabindex:6)
2024-07-17 14:11:41,219 [INFO] PluginManage:310 - Check plugin filemanager
2024-07-17 14:11:41,317 [INFO] PluginManage:359 - Loaded plugin filemanager (category:base,tabindex:10)
2024-07-17 14:11:41,317 [INFO] PluginManage:310 - Check plugin ipmanager
2024-07-17 14:11:41,324 [INFO] PluginManage:359 - Loaded plugin ipmanager (category:base,tabindex:5)
2024-07-17 14:11:41,324 [INFO] PluginManage:310 - Check plugin lpbam
2024-07-17 14:11:41,330 [INFO] PluginManage:359 - Loaded plugin lpbam (category:base,tabindex:0)
2024-07-17 14:11:41,330 [INFO] PluginManage:310 - Check plugin memorymap
2024-07-17 14:11:41,338 [INFO] PluginManage:359 - Loaded plugin memorymap (category:base,tabindex:4)
2024-07-17 14:11:41,339 [INFO] PluginManage:310 - Check plugin pinoutandconfiguration
2024-07-17 14:11:41,343 [INFO] PluginManage:359 - Loaded plugin pinoutandconfiguration (category:base,tabindex:1)
2024-07-17 14:11:41,343 [INFO] PluginManage:310 - Check plugin pinoutconfig
2024-07-17 14:11:41,398 [WARN] SupportedApi:132 - Cannot load RTOS API schema: s4s-elt-must-match.1: The content of 'definitions' must match (annotation?, (simpleType | complexType)?, (unique | key | keyref)*)). A problem was found starting at: attribute.
2024-07-17 14:11:41,495 [INFO] PluginManage:359 - Loaded plugin pinoutconfig (category:base,tabindex:0)
2024-07-17 14:11:41,495 [INFO] PluginManage:310 - Check plugin power
2024-07-17 14:11:41,507 [INFO] PluginManage:359 - Loaded plugin power (category:power,tabindex:4)
2024-07-17 14:11:41,507 [INFO] PluginManage:310 - Check plugin projectmanager
2024-07-17 14:11:41,526 [INFO] PluginManage:359 - Loaded plugin projectmanager (category:projectmanager,tabindex:3)
2024-07-17 14:11:41,526 [INFO] PluginManage:310 - Check plugin thirdparty
2024-07-17 14:11:41,613 [INFO] PluginManage:359 - Loaded plugin thirdparty (category:base,tabindex:-1)
2024-07-17 14:11:41,613 [INFO] PluginManage:310 - Check plugin tools
2024-07-17 14:11:41,613 [WARN] IntegrityCheckThread:84 - waiting for thirdparty lock release [integrity check]
2024-07-17 14:11:41,613 [INFO] IntegrityCheckThread:86 - entering critical section [integrity check]
2024-07-17 14:11:41,614 [INFO] ThirdPartyUpdaterWithRetryManager:70 - Updater plugin not ready yet. [1/15]
2024-07-17 14:11:41,616 [INFO] PluginManage:359 - Loaded plugin tools (category:base,tabindex:7)
2024-07-17 14:11:41,616 [INFO] PluginManage:310 - Check plugin tutovideos
2024-07-17 14:11:41,728 [INFO] PluginManage:359 - Loaded plugin tutovideos (category:base,tabindex:-1)
2024-07-17 14:11:41,728 [INFO] PluginManage:310 - Check plugin updater
2024-07-17 14:11:41,735 [INFO] PluginManage:359 - Loaded plugin updater (category:base,tabindex:12)
2024-07-17 14:11:41,736 [INFO] PluginManage:310 - Check plugin userauth
2024-07-17 14:11:41,739 [INFO] UserAuth:114 - Init User Auth plugin
2024-07-17 14:11:41,739 [INFO] PluginManage:359 - Loaded plugin userauth (category:base,tabindex:14)
2024-07-17 14:11:41,740 [INFO] PluginManage:283 - PluginManage : Loaded plugins [17]
2024-07-17 14:11:41,885 [INFO] PinOutPanel:1499 - setPackage(No Configuration,No Configuration)
2024-07-17 14:11:41,949 [INFO] CADModel:165 - CPN selected for project level
2024-07-17 14:11:41,949 [INFO] CADModel:114 - Register for checkConnection events
2024-07-17 14:11:41,963 [INFO] IPUIPlugin:80 - create IPUIPlugin
2024-07-17 14:11:41,963 [INFO] PluginManager:220 - loadIPPluginJar : add adc
2024-07-17 14:11:41,965 [INFO] IPUIPlugin:80 - create IPUIPlugin
2024-07-17 14:11:41,966 [INFO] PluginManager:220 - loadIPPluginJar : add aes
2024-07-17 14:11:41,968 [INFO] IPUIPlugin:80 - create IPUIPlugin
2024-07-17 14:11:41,968 [INFO] PluginManager:220 - loadIPPluginJar : add can
2024-07-17 14:11:41,970 [INFO] IPUIPlugin:80 - create IPUIPlugin
2024-07-17 14:11:41,970 [INFO] PluginManager:220 - loadIPPluginJar : add comp
2024-07-17 14:11:41,972 [INFO] IPUIPlugin:80 - create IPUIPlugin
2024-07-17 14:11:41,972 [INFO] PluginManager:220 - loadIPPluginJar : add cryp
2024-07-17 14:11:41,974 [INFO] IPUIPlugin:80 - create IPUIPlugin
2024-07-17 14:11:41,974 [INFO] PluginManager:220 - loadIPPluginJar : add dfsdm
2024-07-17 14:11:41,979 [INFO] IPUIPlugin:80 - create IPUIPlugin
2024-07-17 14:11:41,979 [INFO] PluginManager:220 - loadIPPluginJar : add dma
2024-07-17 14:11:41,981 [INFO] IPUIPlugin:80 - create IPUIPlugin
2024-07-17 14:11:41,982 [INFO] PluginManager:220 - loadIPPluginJar : add dma3
2024-07-17 14:11:41,983 [INFO] IPUIPlugin:80 - create IPUIPlugin
2024-07-17 14:11:41,983 [INFO] PluginManager:220 - loadIPPluginJar : add fatfs
2024-07-17 14:11:41,987 [INFO] IPUIPlugin:80 - create IPUIPlugin
2024-07-17 14:11:41,987 [INFO] PluginManager:220 - loadIPPluginJar : add fmc
2024-07-17 14:11:41,990 [INFO] IPUIPlugin:80 - create IPUIPlugin
2024-07-17 14:11:41,990 [INFO] PluginManager:220 - loadIPPluginJar : add freertos
2024-07-17 14:11:41,992 [INFO] IPUIPlugin:80 - create IPUIPlugin
2024-07-17 14:11:41,992 [INFO] PluginManager:220 - loadIPPluginJar : add genericplugin
2024-07-17 14:11:41,993 [INFO] IPUIPlugin:80 - create IPUIPlugin
2024-07-17 14:11:41,994 [INFO] PluginManager:220 - loadIPPluginJar : add gfxmmu
2024-07-17 14:11:41,997 [INFO] IPUIPlugin:80 - create IPUIPlugin
2024-07-17 14:11:41,997 [INFO] PluginManager:220 - loadIPPluginJar : add gic
2024-07-17 14:11:42,000 [INFO] IPUIPlugin:80 - create IPUIPlugin
2024-07-17 14:11:42,000 [INFO] PluginManager:220 - loadIPPluginJar : add gpio
2024-07-17 14:11:42,002 [INFO] IPUIPlugin:80 - create IPUIPlugin
2024-07-17 14:11:42,002 [INFO] PluginManager:220 - loadIPPluginJar : add gtzc
2024-07-17 14:11:42,004 [INFO] IPUIPlugin:80 - create IPUIPlugin
2024-07-17 14:11:42,004 [INFO] PluginManager:220 - loadIPPluginJar : add hash
2024-07-17 14:11:42,006 [INFO] IPUIPlugin:80 - create IPUIPlugin
2024-07-17 14:11:42,007 [INFO] PluginManager:220 - loadIPPluginJar : add i2c
2024-07-17 14:11:42,008 [INFO] IPUIPlugin:80 - create IPUIPlugin
2024-07-17 14:11:42,009 [INFO] PluginManager:220 - loadIPPluginJar : add i2s
2024-07-17 14:11:42,011 [INFO] IPUIPlugin:80 - create IPUIPlugin
2024-07-17 14:11:42,011 [INFO] PluginManager:220 - loadIPPluginJar : add i3c
2024-07-17 14:11:42,013 [INFO] IPUIPlugin:80 - create IPUIPlugin
2024-07-17 14:11:42,014 [INFO] PluginManager:220 - loadIPPluginJar : add ipddr
2024-07-17 14:11:42,020 [INFO] IPUIPlugin:80 - create IPUIPlugin
2024-07-17 14:11:42,020 [INFO] PluginManager:220 - loadIPPluginJar : add linkedlist
2024-07-17 14:11:42,022 [INFO] IPUIPlugin:80 - create IPUIPlugin
2024-07-17 14:11:42,022 [INFO] PluginManager:220 - loadIPPluginJar : add lorawan
2024-07-17 14:11:42,024 [INFO] IPUIPlugin:80 - create IPUIPlugin
2024-07-17 14:11:42,024 [INFO] PluginManager:220 - loadIPPluginJar : add ltdc
2024-07-17 14:11:42,028 [INFO] IPUIPlugin:80 - create IPUIPlugin
2024-07-17 14:11:42,028 [INFO] PluginManager:220 - loadIPPluginJar : add mdma
2024-07-17 14:11:42,029 [INFO] IPUIPlugin:80 - create IPUIPlugin
2024-07-17 14:11:42,030 [INFO] PluginManager:220 - loadIPPluginJar : add nvic
2024-07-17 14:11:42,032 [INFO] IPUIPlugin:80 - create IPUIPlugin
2024-07-17 14:11:42,032 [INFO] PluginManager:220 - loadIPPluginJar : add opamp
2024-07-17 14:11:42,034 [INFO] IPUIPlugin:80 - create IPUIPlugin
2024-07-17 14:11:42,034 [INFO] PluginManager:220 - loadIPPluginJar : add openamp
2024-07-17 14:11:42,036 [INFO] IPUIPlugin:80 - create IPUIPlugin
2024-07-17 14:11:42,036 [INFO] PluginManager:220 - loadIPPluginJar : add pdm2pcm
2024-07-17 14:11:42,041 [INFO] IPUIPlugin:80 - create IPUIPlugin
2024-07-17 14:11:42,043 [INFO] PluginManager:220 - loadIPPluginJar : add plateformsettings
2024-07-17 14:11:42,045 [INFO] IPUIPlugin:80 - create IPUIPlugin
2024-07-17 14:11:42,045 [INFO] PluginManager:220 - loadIPPluginJar : add quadspi
2024-07-17 14:11:42,047 [INFO] IPUIPlugin:80 - create IPUIPlugin
2024-07-17 14:11:42,047 [INFO] PluginManager:220 - loadIPPluginJar : add resmgrutility
2024-07-17 14:11:42,050 [INFO] IPUIPlugin:80 - create IPUIPlugin
2024-07-17 14:11:42,050 [INFO] PluginManager:220 - loadIPPluginJar : add sai
2024-07-17 14:11:42,052 [INFO] IPUIPlugin:80 - create IPUIPlugin
2024-07-17 14:11:42,052 [INFO] PluginManager:220 - loadIPPluginJar : add spi
2024-07-17 14:11:42,055 [INFO] IPUIPlugin:80 - create IPUIPlugin
2024-07-17 14:11:42,055 [INFO] PluginManager:220 - loadIPPluginJar : add stm32_wpan
2024-07-17 14:11:42,057 [INFO] IPUIPlugin:80 - create IPUIPlugin
2024-07-17 14:11:42,057 [INFO] PluginManager:220 - loadIPPluginJar : add tim
2024-07-17 14:11:42,059 [INFO] IPUIPlugin:80 - create IPUIPlugin
2024-07-17 14:11:42,059 [INFO] PluginManager:220 - loadIPPluginJar : add touchsensing
2024-07-17 14:11:42,061 [INFO] IPUIPlugin:80 - create IPUIPlugin
2024-07-17 14:11:42,061 [INFO] PluginManager:220 - loadIPPluginJar : add tracer_emb
2024-07-17 14:11:42,063 [INFO] IPUIPlugin:80 - create IPUIPlugin
2024-07-17 14:11:42,063 [INFO] PluginManager:220 - loadIPPluginJar : add ts
2024-07-17 14:11:42,064 [INFO] IPUIPlugin:80 - create IPUIPlugin
2024-07-17 14:11:42,064 [INFO] PluginManager:220 - loadIPPluginJar : add tsc
2024-07-17 14:11:42,065 [INFO] IPUIPlugin:80 - create IPUIPlugin
2024-07-17 14:11:42,065 [INFO] PluginManager:220 - loadIPPluginJar : add ucpd
2024-07-17 14:11:42,068 [INFO] IPUIPlugin:80 - create IPUIPlugin
2024-07-17 14:11:42,068 [INFO] PluginManager:220 - loadIPPluginJar : add usart
2024-07-17 14:11:42,070 [INFO] IPUIPlugin:80 - create IPUIPlugin
2024-07-17 14:11:42,070 [INFO] PluginManager:220 - loadIPPluginJar : add usbx
2024-07-17 14:11:42,186 [INFO] CADModel:165 - CPN selected for project level
2024-07-17 14:11:42,186 [INFO] CADModel:114 - Register for checkConnection events
2024-07-17 14:11:42,186 [FATAL] Updater:308 - Updater called before beeing initialized
2024-07-17 14:11:42,186 [ERROR] CADModel:125 - Updater not yet initialized, retry later 
2024-07-17 14:11:42,263 [INFO] CADModel:165 - CPN selected for project level
2024-07-17 14:11:42,263 [INFO] CADModel:114 - Register for checkConnection events
2024-07-17 14:11:42,263 [FATAL] Updater:308 - Updater called before beeing initialized
2024-07-17 14:11:42,263 [ERROR] CADModel:125 - Updater not yet initialized, retry later 
2024-07-17 14:11:42,266 [FATAL] Updater:308 - Updater called before beeing initialized
2024-07-17 14:11:42,347 [FATAL] Updater:308 - Updater called before beeing initialized
2024-07-17 14:11:42,351 [INFO] DbMcusAds:53 - JSON generation date=Thu Sep 30 14:55:09 CST 2021 (1632984909247)
2024-07-17 14:11:42,351 [FATAL] Updater:308 - Updater called before beeing initialized
2024-07-17 14:11:42,380 [WARN] DetailPanel:346 - Failed to get advertising image, set to default
2024-07-17 14:11:42,444 [FATAL] Updater:308 - Updater called before beeing initialized
2024-07-17 14:11:42,446 [FATAL] Updater:308 - Updater called before beeing initialized
2024-07-17 14:11:42,446 [FATAL] Updater:308 - Updater called before beeing initialized
2024-07-17 14:11:42,446 [WARN] DetailPanel:346 - Failed to get advertising image, set to default
2024-07-17 14:11:42,446 [FATAL] Updater:308 - Updater called before beeing initialized
2024-07-17 14:11:42,480 [ERROR] Updater:1120 - MainUpdater not yet initialized. External WinMGr cannot be set.
2024-07-17 14:11:42,484 [INFO] Updater:1056 - Updater Version found : 6.10.0
2024-07-17 14:11:42,503 [INFO] ApplicationProperties:184 - Using Application install path: C:\my_workspace\my_software\stm32cubeide\STM32CubeIDE_1.14.1\STM32CubeIDE\plugins\com.st.stm32cube.common.mx_6.10.0.202311202037
2024-07-17 14:11:44,078 [ERROR] LogOutputStream:75 - [STDERR_REDIRECT] Jul 17, 2024 2:11:44 PM java.util.prefs.WindowsPreferences <init>
2024-07-17 14:11:44,078 [ERROR] LogOutputStream:75 - [STDERR_REDIRECT] WARNING: Could not open/create prefs root node Software\JavaSoft\Prefs at root 0xffffffff80000002. Windows RegCreateKeyEx(...) returned error code 5.
2024-07-17 14:11:44,078 [ERROR] LogOutputStream:75 - [STDERR_REDIRECT] 
2024-07-17 14:11:44,227 [INFO] MainUpdater:2873 - connection check result : 22
2024-07-17 14:11:44,228 [INFO] MainUpdater:290 - Updater Check For Update Now.
2024-07-17 14:11:44,228 [INFO] MicroXplorer:498 - Change Database Version : DB.6.0.100
2024-07-17 14:11:44,232 [INFO] McuFinderGlobals:63 - Set McuFinder mode to 2 (CubeIDE integrated)
2024-07-17 14:11:44,232 [INFO] UserAuth:180 - activating auth plugin
2024-07-17 14:11:44,234 [INFO] UserAuth:404 - Internet connection configuration mode: 2
2024-07-17 14:11:44,249 [INFO] UserAuth:404 - Internet connection configuration mode: 2
2024-07-17 14:11:44,413 [INFO] CheckServerUpdateThread:120 - End of CheckServer Thread
2024-07-17 14:11:44,911 [WARN] PackLoader:240 - Cannot read IP mode file for STMicroelectronics.FP-SNS-MOTENVWB1.1.4.0
2024-07-17 14:11:44,920 [WARN] PackLoader:240 - Cannot read IP mode file for STMicroelectronics.X-CUBE-SMBUS.2.1.0
2024-07-17 14:11:44,924 [WARN] PackLoader:240 - Cannot read IP mode file for STMicroelectronics.X-CUBE-TOUCHGFX.4.23.1
2024-07-17 14:11:44,926 [WARN] PackLoader:240 - Cannot read IP mode file for STMicroelectronics.X-CUBE-TOUCHGFX.4.23.0
2024-07-17 14:11:44,929 [WARN] PackLoader:240 - Cannot read IP mode file for STMicroelectronics.X-CUBE-TOUCHGFX.4.23.2
2024-07-17 14:11:44,947 [WARN] PackLoader:240 - Cannot read IP mode file for STMicroelectronics.X-CUBE-AZRTOS-F7.1.1.0
2024-07-17 14:11:44,959 [WARN] PackLoader:240 - Cannot read IP mode file for STMicroelectronics.FP-SNS-MOTENV1.4.3.2
2024-07-17 14:11:44,965 [WARN] PackLoader:240 - Cannot read IP mode file for STMicroelectronics.FP-SNS-FLIGHT1.5.0.2
2024-07-17 14:11:44,974 [WARN] PackLoader:240 - Cannot read IP mode file for STMicroelectronics.X-CUBE-DISPLAY.3.0.0
2024-07-17 14:11:44,987 [WARN] PackLoader:240 - Cannot read IP mode file for STMicroelectronics.X-CUBE-BLE1.7.0.0
2024-07-17 14:11:44,995 [WARN] PackLoader:240 - Cannot read IP mode file for emotas.I-CUBE-CANOPEN.1.3.0
2024-07-17 14:11:45,000 [WARN] PackLoader:240 - Cannot read IP mode file for STMicroelectronics.FP-SNS-SMARTAG2.1.2.0
2024-07-17 14:11:45,013 [INFO] LogOutputStream:77 - [STDOUT_REDIRECT] 1 : Invalid condition id : UX_CORESTACK_Condition cause : null
2024-07-17 14:11:45,014 [INFO] LogOutputStream:77 - [STDOUT_REDIRECT] 1 : Invalid condition id : UX_CORESTACK_Condition cause : null
2024-07-17 14:11:45,015 [INFO] LogOutputStream:77 - [STDOUT_REDIRECT] 1 : Invalid condition id : UX_CORESTACK_Condition cause : null
2024-07-17 14:11:45,016 [INFO] LogOutputStream:77 - [STDOUT_REDIRECT] 1 : Invalid condition id : UX_CORESTACK_Condition cause : null
2024-07-17 14:11:45,017 [INFO] LogOutputStream:77 - [STDOUT_REDIRECT] 1 : Invalid condition id : UX_CORESTACK_Condition cause : null
2024-07-17 14:11:45,021 [WARN] PackLoader:240 - Cannot read IP mode file for STMicroelectronics.X-CUBE-AZRTOS-WL.2.0.0
2024-07-17 14:11:45,027 [WARN] PackLoader:240 - Cannot read IP mode file for STMicroelectronics.FP-SNS-MOTENV1.5.0.0
2024-07-17 14:11:45,035 [WARN] PackLoader:240 - Cannot read IP mode file for wolfSSL.I-CUBE-wolfMQTT.1.19.0
2024-07-17 14:11:45,041 [WARN] PackLoader:240 - Cannot read IP mode file for STMicroelectronics.X-CUBE-BLE2.3.3.0
2024-07-17 14:11:45,046 [WARN] PackLoader:240 - Cannot read IP mode file for STMicroelectronics.X-CUBE-TCPP.4.1.0
2024-07-17 14:11:45,052 [WARN] PackLoader:240 - Cannot read IP mode file for STMicroelectronics.X-CUBE-ALGOBUILD.1.3.0
2024-07-17 14:11:45,067 [WARN] PackLoader:240 - Cannot read IP mode file for STMicroelectronics.X-CUBE-AZRTOS-G0.1.1.0
2024-07-17 14:11:45,077 [WARN] PackLoader:240 - Cannot read IP mode file for STMicroelectronics.X-CUBE-SAFEA1.1.2.2
2024-07-17 14:11:45,084 [WARN] PackLoader:240 - Cannot read IP mode file for STMicroelectronics.X-CUBE-NFC4.3.0.0
2024-07-17 14:11:45,092 [WARN] PackLoader:240 - Cannot read IP mode file for EmbeddedOffice.I-CUBE-FS-RTOS.1.0.1
2024-07-17 14:11:45,093 [ERROR] ConditionMgr:805 - Attr not supported : Dmpu
2024-07-17 14:11:45,093 [ERROR] ConditionMgr:805 - Attr not supported : Dmpu
2024-07-17 14:11:45,093 [ERROR] ConditionMgr:805 - Attr not supported : Dmpu
2024-07-17 14:11:45,093 [ERROR] ConditionMgr:805 - Attr not supported : Dmpu
2024-07-17 14:11:45,093 [ERROR] ConditionMgr:805 - Attr not supported : Dmpu
2024-07-17 14:11:45,093 [ERROR] ConditionMgr:805 - Attr not supported : Dmpu
2024-07-17 14:11:45,093 [ERROR] ConditionMgr:805 - Attr not supported : Dmpu
2024-07-17 14:11:45,093 [ERROR] ConditionMgr:805 - Attr not supported : Dmpu
2024-07-17 14:11:45,093 [ERROR] ConditionMgr:805 - Attr not supported : Dmpu
2024-07-17 14:11:45,093 [ERROR] ConditionMgr:805 - Attr not supported : Dmpu
2024-07-17 14:11:45,093 [ERROR] ConditionMgr:805 - Attr not supported : Dmpu
2024-07-17 14:11:45,093 [ERROR] ConditionMgr:805 - Attr not supported : Dmpu
2024-07-17 14:11:45,093 [ERROR] ConditionMgr:805 - Attr not supported : Dmpu
2024-07-17 14:11:45,093 [ERROR] ConditionMgr:805 - Attr not supported : Dmpu
2024-07-17 14:11:45,093 [ERROR] ConditionMgr:805 - Attr not supported : Dmpu
2024-07-17 14:11:45,093 [ERROR] ConditionMgr:805 - Attr not supported : Dmpu
2024-07-17 14:11:45,093 [ERROR] ConditionMgr:805 - Attr not supported : Dmpu
2024-07-17 14:11:45,094 [ERROR] ConditionMgr:805 - Attr not supported : Dmpu
2024-07-17 14:11:45,094 [ERROR] ConditionMgr:805 - Attr not supported : Dmpu
2024-07-17 14:11:45,094 [ERROR] ConditionMgr:805 - Attr not supported : Dmpu
2024-07-17 14:11:45,094 [ERROR] ConditionMgr:805 - Attr not supported : Dmpu
2024-07-17 14:11:45,094 [ERROR] ConditionMgr:805 - Attr not supported : Dmpu
2024-07-17 14:11:45,094 [ERROR] ConditionMgr:805 - Attr not supported : Dmpu
2024-07-17 14:11:45,094 [ERROR] ConditionMgr:805 - Attr not supported : Dmpu
2024-07-17 14:11:45,094 [ERROR] ConditionMgr:805 - Attr not supported : Dmpu
2024-07-17 14:11:45,094 [ERROR] ConditionMgr:805 - Attr not supported : Dmpu
2024-07-17 14:11:45,094 [ERROR] ConditionMgr:805 - Attr not supported : Dmpu
2024-07-17 14:11:45,094 [ERROR] ConditionMgr:805 - Attr not supported : Dmpu
2024-07-17 14:11:45,094 [ERROR] ConditionMgr:805 - Attr not supported : Dmpu
2024-07-17 14:11:45,094 [ERROR] ConditionMgr:805 - Attr not supported : Dmpu
2024-07-17 14:11:45,094 [ERROR] ConditionMgr:805 - Attr not supported : Dmpu
2024-07-17 14:11:45,094 [ERROR] ConditionMgr:805 - Attr not supported : Dmpu
2024-07-17 14:11:45,094 [ERROR] ConditionMgr:805 - Attr not supported : Dmpu
2024-07-17 14:11:45,094 [ERROR] ConditionMgr:805 - Attr not supported : Dmpu
2024-07-17 14:11:45,094 [ERROR] ConditionMgr:805 - Attr not supported : Dmpu
2024-07-17 14:11:45,094 [ERROR] ConditionMgr:805 - Attr not supported : Dmpu
2024-07-17 14:11:45,094 [ERROR] ConditionMgr:805 - Attr not supported : Dmpu
2024-07-17 14:11:45,094 [ERROR] ConditionMgr:805 - Attr not supported : Dmpu
2024-07-17 14:11:45,094 [ERROR] ConditionMgr:805 - Attr not supported : Dmpu
2024-07-17 14:11:45,094 [ERROR] ConditionMgr:805 - Attr not supported : Dmpu
2024-07-17 14:11:45,094 [ERROR] ConditionMgr:805 - Attr not supported : Dmpu
2024-07-17 14:11:45,095 [ERROR] ConditionMgr:805 - Attr not supported : Dmpu
2024-07-17 14:11:45,095 [ERROR] ConditionMgr:805 - Attr not supported : Dmpu
2024-07-17 14:11:45,095 [ERROR] ConditionMgr:805 - Attr not supported : Dmpu
2024-07-17 14:11:45,095 [ERROR] ConditionMgr:805 - Attr not supported : Dmpu
2024-07-17 14:11:45,095 [ERROR] ConditionMgr:805 - Attr not supported : Dmpu
2024-07-17 14:11:45,095 [ERROR] ConditionMgr:805 - Attr not supported : Dmpu
2024-07-17 14:11:45,095 [ERROR] ConditionMgr:805 - Attr not supported : Dmpu
2024-07-17 14:11:45,095 [ERROR] ConditionMgr:805 - Attr not supported : Dmpu
2024-07-17 14:11:45,095 [ERROR] ConditionMgr:805 - Attr not supported : Dmpu
2024-07-17 14:11:45,095 [ERROR] ConditionMgr:805 - Attr not supported : Dmpu
2024-07-17 14:11:45,095 [ERROR] ConditionMgr:805 - Attr not supported : Dmpu
2024-07-17 14:11:45,095 [ERROR] ConditionMgr:805 - Attr not supported : Dmpu
2024-07-17 14:11:45,095 [ERROR] ConditionMgr:805 - Attr not supported : Dmpu
2024-07-17 14:11:45,095 [ERROR] ConditionMgr:805 - Attr not supported : Dmpu
2024-07-17 14:11:45,095 [ERROR] ConditionMgr:805 - Attr not supported : Dmpu
2024-07-17 14:11:45,095 [ERROR] ConditionMgr:805 - Attr not supported : Dmpu
2024-07-17 14:11:45,095 [ERROR] ConditionMgr:805 - Attr not supported : Dmpu
2024-07-17 14:11:45,095 [ERROR] ConditionMgr:805 - Attr not supported : Dmpu
2024-07-17 14:11:45,095 [ERROR] ConditionMgr:805 - Attr not supported : Dmpu
2024-07-17 14:11:45,095 [ERROR] ConditionMgr:805 - Attr not supported : Dmpu
2024-07-17 14:11:45,095 [ERROR] ConditionMgr:805 - Attr not supported : Dmpu
2024-07-17 14:11:45,095 [ERROR] ConditionMgr:805 - Attr not supported : Dmpu
2024-07-17 14:11:45,095 [ERROR] ConditionMgr:805 - Attr not supported : Dmpu
2024-07-17 14:11:45,102 [WARN] PackLoader:240 - Cannot read IP mode file for RealThread.X-CUBE-RT-Thread_Nano.4.1.1
2024-07-17 14:11:45,106 [WARN] PackLoader:240 - Cannot read IP mode file for STMicroelectronics.FP-ATR-SIGFOX1.3.2.0
2024-07-17 14:11:45,128 [WARN] PackLoader:240 - Cannot read IP mode file for SEGGER.I-CUBE-embOS.1.3.1
2024-07-17 14:11:45,167 [WARN] PackLoader:240 - Cannot read IP mode file for STMicroelectronics.X-CUBE-ALGOBUILD.1.4.0
2024-07-17 14:11:45,175 [WARN] PackLoader:240 - Cannot read IP mode file for STMicroelectronics.X-CUBE-GNSS1.6.0.0
2024-07-17 14:11:45,203 [WARN] PackLoader:240 - Cannot read IP mode file for STMicroelectronics.X-CUBE-AZRTOS-F4.1.1.0
2024-07-17 14:11:45,222 [WARN] PackLoader:240 - Cannot read IP mode file for STMicroelectronics.X-CUBE-FREERTOS.1.2.0
2024-07-17 14:11:45,237 [WARN] PackLoader:240 - Cannot read IP mode file for STMicroelectronics.X-CUBE-AZRTOS-L5.2.0.0
2024-07-17 14:11:45,248 [WARN] PackLoader:240 - Cannot read IP mode file for STMicroelectronics.X-CUBE-NFC6.3.1.0
2024-07-17 14:11:45,259 [WARN] PackLoader:240 - Cannot read IP mode file for ITTIA_DB.I-CUBE-ITTIADB.8.8.0
2024-07-17 14:11:45,266 [WARN] PackLoader:240 - Cannot read IP mode file for STMicroelectronics.X-CUBE-DPower.1.2.0
2024-07-17 14:11:45,272 [WARN] PackLoader:240 - Cannot read IP mode file for STMicroelectronics.X-CUBE-AI.9.0.0
2024-07-17 14:11:45,279 [WARN] PackLoader:240 - Cannot read IP mode file for STMicroelectronics.X-CUBE-NFC7.1.0.1
2024-07-17 14:11:45,285 [WARN] PackLoader:240 - Cannot read IP mode file for wolfSSL.I-CUBE-wolfTPM.3.2.0
2024-07-17 14:11:45,292 [WARN] PackLoader:240 - Cannot read IP mode file for STMicroelectronics.X-CUBE-NFC6.3.0.0
2024-07-17 14:11:45,298 [WARN] PackLoader:240 - Cannot read IP mode file for STMicroelectronics.X-CUBE-AI.8.1.0
2024-07-17 14:11:45,313 [WARN] ConditionMgr:438 - getConditionDescription Invalid condition id : LAN8742 Phy interface Condition cause : null
2024-07-17 14:11:45,314 [WARN] PackLoader:240 - Cannot read IP mode file for STMicroelectronics.X-CUBE-AZRTOS-L4.2.0.0
2024-07-17 14:11:45,315 [WARN] ConditionMgr:1039 - genDependencies : Invalid condition id : LAN8742 Phy interface Condition cause : null
2024-07-17 14:11:45,315 [WARN] ConditionMgr:1039 - genDependencies : Invalid condition id : LAN8742 Phy interface Condition cause : null
2024-07-17 14:11:45,316 [WARN] ConditionMgr:1039 - genDependencies : Invalid condition id : LAN8742 Phy interface Condition cause : null
2024-07-17 14:11:45,323 [WARN] PackLoader:240 - Cannot read IP mode file for STMicroelectronics.X-CUBE-SFXS2LP1.4.0.0
2024-07-17 14:11:45,335 [WARN] ConditionMgr:438 - getConditionDescription Invalid condition id : UX DEVICE CLASS RTOS Condition cause : null
2024-07-17 14:11:45,336 [WARN] ConditionMgr:438 - getConditionDescription Invalid condition id : UX DEVICE CLASS RTOS Condition cause : null
2024-07-17 14:11:45,338 [WARN] PackLoader:240 - Cannot read IP mode file for STMicroelectronics.X-CUBE-AZRTOS-WB.2.0.0
2024-07-17 14:11:45,338 [WARN] ConditionMgr:1039 - genDependencies : Invalid condition id : UX DEVICE CLASS RTOS Condition cause : null
2024-07-17 14:11:45,338 [WARN] ConditionMgr:1039 - genDependencies : Invalid condition id : UX DEVICE CLASS RTOS Condition cause : null
2024-07-17 14:11:45,339 [WARN] ConditionMgr:1039 - genDependencies : Invalid condition id : UX DEVICE CLASS RTOS Condition cause : null
2024-07-17 14:11:45,339 [WARN] ConditionMgr:1039 - genDependencies : Invalid condition id : UX DEVICE CLASS RTOS Condition cause : null
2024-07-17 14:11:45,339 [WARN] ConditionMgr:1039 - genDependencies : Invalid condition id : UX DEVICE CLASS RTOS Condition cause : null
2024-07-17 14:11:45,349 [WARN] PackLoader:240 - Cannot read IP mode file for STMicroelectronics.X-CUBE-SUBG2.5.0.0
2024-07-17 14:11:45,358 [WARN] PackLoader:240 - Cannot read IP mode file for Cesanta.I-CUBE-Mongoose.7.13.0
2024-07-17 14:11:45,373 [WARN] PackLoader:240 - Cannot read IP mode file for STMicroelectronics.X-CUBE-AZRTOS-G4.2.0.0
2024-07-17 14:11:45,388 [WARN] PackLoader:240 - Cannot read IP mode file for Infineon.AIROC-Wi-Fi-Bluetooth-STM32.1.5.1
2024-07-17 14:11:45,398 [WARN] PackLoader:240 - Cannot read IP mode file for STMicroelectronics.FP-SNS-MOTENVWB1.1.3.1
2024-07-17 14:11:45,404 [WARN] PackLoader:240 - Cannot read IP mode file for STMicroelectronics.X-CUBE-ALS.1.0.2
2024-07-17 14:11:45,432 [WARN] PackLoader:240 - Cannot read IP mode file for STMicroelectronics.X-CUBE-MEMS1.10.0.0
2024-07-17 14:11:45,500 [WARN] PackLoader:240 - Cannot read IP mode file for STMicroelectronics.X-CUBE-FREERTOS.1.1.0
2024-07-17 14:11:45,505 [WARN] PackLoader:240 - Cannot read IP mode file for STMicroelectronics.X-CUBE-TOUCHGFX.4.24.0
2024-07-17 14:11:45,513 [WARN] PackLoader:240 - Cannot read IP mode file for portGmbH.I-Cube-SoM-uGOAL.1.1.0
2024-07-17 14:11:45,517 [WARN] PackLoader:240 - Cannot read IP mode file for STMicroelectronics.X-CUBE-ALS.1.0.1
2024-07-17 14:11:45,531 [WARN] PackLoader:240 - Cannot read IP mode file for STMicroelectronics.X-CUBE-AZRTOS-H7RS.1.0.0
2024-07-17 14:11:45,538 [WARN] PackLoader:240 - Cannot read IP mode file for STMicroelectronics.FP-ATR-ASTRA1.2.0.0
2024-07-17 14:11:45,542 [WARN] PackLoader:240 - Cannot read IP mode file for wolfSSL.I-CUBE-wolfSSH.1.4.17
2024-07-17 14:11:45,543 [INFO] ThirdParty:978 - Integrity check success = true
2024-07-17 14:11:45,543 [INFO] IntegrityCheckThread:100 - exiting critical section [integrity check]
2024-07-17 14:11:45,543 [INFO] IntegrityCheckThread:103 - End integrity checks thread
2024-07-17 14:11:52,625 [ERROR] ConfigurationRetriever:142 - IOException on connection: sw-center.st.com
2024-07-17 14:11:52,625 [ERROR] ConfigurationRetriever:142 - IOException on connection: sw-center.st.com
2024-07-17 14:11:52,625 [ERROR] ConfigurationRetriever:142 - IOException on connection: sw-center.st.com
2024-07-17 14:12:04,699 [ERROR] LogOutputStream:75 - [STDERR_REDIRECT] SLF4J: Failed to load class "org.slf4j.impl.StaticLoggerBinder".
2024-07-17 14:12:04,700 [ERROR] LogOutputStream:75 - [STDERR_REDIRECT] SLF4J: Defaulting to no-operation (NOP) logger implementation
2024-07-17 14:12:04,700 [ERROR] LogOutputStream:75 - [STDERR_REDIRECT] SLF4J: See http://www.slf4j.org/codes.html#StaticLoggerBinder for further details.
2024-07-17 14:13:00,107 [ERROR] ConfigurationRetriever:142 - IOException on connection: sw-center.st.com
2024-07-17 14:13:00,107 [ERROR] ConfigurationRetriever:142 - IOException on connection: sw-center.st.com
2024-07-17 14:13:00,107 [ERROR] ConfigurationRetriever:142 - IOException on connection: sw-center.st.com
2024-07-17 14:13:01,219 [ERROR] ConfigurationRetriever:142 - IOException on connection: sw-center.st.com
2024-07-17 14:13:01,219 [ERROR] ConfigurationRetriever:142 - IOException on connection: sw-center.st.com
2024-07-17 14:13:01,219 [ERROR] ConfigurationRetriever:142 - IOException on connection: sw-center.st.com
2024-07-17 14:29:24,547 [INFO] McuFinderGlobals:63 - Set McuFinder mode to 2 (CubeIDE integrated)
2024-07-17 14:29:26,259 [INFO] MainUpdater:2873 - connection check result : 22
2024-07-17 14:29:26,264 [INFO] MainUpdater:2873 - connection check result : 22
2024-07-17 14:29:27,751 [INFO] MicroXplorer:468 - Change Database Path : 
2024-07-17 14:29:27,751 [INFO] MicroXplorer:498 - Change Database Version : DB.6.0.100
2024-07-17 14:29:27,755 [WARN] ThirdParty:871 - waiting for thirdparty lock release [close project]
2024-07-17 14:29:27,755 [INFO] ThirdParty:873 - entering critical section [close project]
2024-07-17 14:29:27,759 [INFO] ThirdParty:883 - exiting critical section [close project]
2024-07-17 14:29:27,761 [INFO] PinOutPanel:1499 - setPackage(No Configuration,No Configuration)
2024-07-17 14:29:27,763 [INFO] UtilMem:75 - Begin LoadConfig() Used Memory: 862852104 Bytes (1073741824)
2024-07-17 14:29:27,764 [INFO] MicroXplorer:468 - Change Database Path : 
2024-07-17 14:29:27,765 [INFO] MicroXplorer:498 - Change Database Version : DB.6.0.100
2024-07-17 14:29:27,765 [INFO] OpenFileManager:312 - Change cursor
2024-07-17 14:29:27,810 [INFO] Mcu:2016 - Initializing MCU STM32F767I(G-I)Tx STM32F767IGTx STM32F767IGT6
2024-07-17 14:29:29,425 [INFO] Context:659 - Trying to add GPIOservice into a context  which must be forbidden
2024-07-17 14:29:29,913 [INFO] RtosManager:555 - Registered RTOS mode: class=CMSIS, group=RTOS, mode=CMSIS_V1, owner=FREERTOS
2024-07-17 14:29:29,913 [INFO] RtosManager:555 - Registered RTOS mode: class=CMSIS, group=RTOS2, mode=CMSIS_V2, owner=FREERTOS
2024-07-17 14:29:29,913 [INFO] RtosManager:555 - Registered RTOS mode: class=RTOS, group=Core, mode=CMSIS_V1, owner=FREERTOS
2024-07-17 14:29:29,913 [INFO] RtosManager:555 - Registered RTOS mode: class=RTOS, group=Core, mode=CMSIS_V2, owner=FREERTOS
2024-07-17 14:29:29,913 [WARN] ModelIntegratedComponent:184 - Missing modes for component STMicroelectronics:FreeRTOS:0.0.1:STMicroelectronics:RTOS:FreeRTOS:Core:::10.2.0:
2024-07-17 14:29:29,928 [WARN] ModelIntegratedComponent:63 - No mode defined for component null
2024-07-17 14:29:29,929 [WARN] ModelIntegratedComponent:63 - No mode defined for component null
2024-07-17 14:29:29,929 [WARN] ModelIntegratedComponent:63 - No mode defined for component null
2024-07-17 14:29:29,929 [WARN] ModelIntegratedComponent:63 - No mode defined for component null
2024-07-17 14:29:29,929 [WARN] ModelIntegratedComponent:63 - No mode defined for component null
2024-07-17 14:29:29,929 [WARN] ModelIntegratedComponent:63 - No mode defined for component null
2024-07-17 14:29:29,929 [WARN] ModelIntegratedComponent:63 - No mode defined for component null
2024-07-17 14:29:29,929 [WARN] ModelIntegratedComponent:63 - No mode defined for component null
2024-07-17 14:29:29,929 [WARN] ModelIntegratedComponent:63 - No mode defined for component null
2024-07-17 14:29:29,929 [WARN] ModelIntegratedComponent:63 - No mode defined for component null
2024-07-17 14:29:29,929 [WARN] ModelIntegratedComponent:63 - No mode defined for component null
2024-07-17 14:29:29,929 [WARN] ModelIntegratedComponent:63 - No mode defined for component null
2024-07-17 14:29:29,929 [WARN] ModelIntegratedComponent:63 - No mode defined for component null
2024-07-17 14:29:29,929 [WARN] ModelIntegratedComponent:63 - No mode defined for component null
2024-07-17 14:29:29,929 [WARN] ModelIntegratedComponent:63 - No mode defined for component null
2024-07-17 14:29:29,929 [WARN] ModelIntegratedComponent:63 - No mode defined for component null
2024-07-17 14:29:29,929 [WARN] ModelIntegratedComponent:63 - No mode defined for component null
2024-07-17 14:29:29,929 [WARN] ModelIntegratedComponent:63 - No mode defined for component null
2024-07-17 14:29:29,929 [WARN] ModelIntegratedComponent:63 - No mode defined for component null
2024-07-17 14:29:29,930 [WARN] ModelIntegratedComponent:63 - No mode defined for component null
2024-07-17 14:29:29,930 [WARN] ModelIntegratedComponent:63 - No mode defined for component null
2024-07-17 14:29:29,930 [WARN] ModelIntegratedComponent:63 - No mode defined for component null
2024-07-17 14:29:29,930 [WARN] ModelIntegratedComponent:63 - No mode defined for component null
2024-07-17 14:29:29,930 [WARN] ModelIntegratedComponent:63 - No mode defined for component null
2024-07-17 14:29:29,930 [WARN] ModelIntegratedComponent:63 - No mode defined for component null
2024-07-17 14:29:29,930 [WARN] ModelIntegratedComponent:63 - No mode defined for component null
2024-07-17 14:29:29,930 [WARN] ModelIntegratedComponent:63 - No mode defined for component null
2024-07-17 14:29:29,930 [WARN] ModelIntegratedComponent:63 - No mode defined for component null
2024-07-17 14:29:29,930 [WARN] ModelIntegratedComponent:63 - No mode defined for component null
2024-07-17 14:29:29,930 [WARN] ModelIntegratedComponent:63 - No mode defined for component null
2024-07-17 14:29:29,930 [WARN] ModelIntegratedComponent:63 - No mode defined for component null
2024-07-17 14:29:29,930 [WARN] ModelIntegratedComponent:63 - No mode defined for component null
2024-07-17 14:29:29,930 [WARN] ModelIntegratedComponent:63 - No mode defined for component null
2024-07-17 14:29:30,000 [INFO] ThirdPartyModel:298 - Start build external matchings
2024-07-17 14:29:30,147 [INFO] ThirdPartyModel:316 - End build external matchings
2024-07-17 14:29:30,154 [INFO] RtosManager:919 - Current active RTOS is FREERTOS [Cortex-M7NS]
2024-07-17 14:29:30,165 [INFO] ImportTextPane:194 - (OptionalMessage_ERROR) IP (DMA) : Parameter (Instance) has Id (USART1_TX) currently not set
2024-07-17 14:29:30,166 [INFO] ImportTextPane:194 - (OptionalMessage_ERROR) IP (DMA) : Parameter (Channel) has Id (USART1_TX) currently not set
2024-07-17 14:29:30,166 [INFO] ImportTextPane:194 - (OptionalMessage_ERROR) IP (DMA) : Parameter (Direction) has Id (USART1_TX) currently not set
2024-07-17 14:29:30,166 [INFO] ImportTextPane:194 - (OptionalMessage_ERROR) IP (DMA) : Parameter (PeriphInc) has Id (USART1_TX) currently not set
2024-07-17 14:29:30,166 [INFO] ImportTextPane:194 - (OptionalMessage_ERROR) IP (DMA) : Parameter (MemInc) has Id (USART1_TX) currently not set
2024-07-17 14:29:30,166 [INFO] ImportTextPane:194 - (OptionalMessage_ERROR) IP (DMA) : Parameter (PeriphDataAlignment) has Id (USART1_TX) currently not set
2024-07-17 14:29:30,166 [INFO] ImportTextPane:194 - (OptionalMessage_ERROR) IP (DMA) : Parameter (MemDataAlignment) has Id (USART1_TX) currently not set
2024-07-17 14:29:30,166 [INFO] ImportTextPane:194 - (OptionalMessage_ERROR) IP (DMA) : Parameter (Mode) has Id (USART1_TX) currently not set
2024-07-17 14:29:30,166 [INFO] ImportTextPane:194 - (OptionalMessage_ERROR) IP (DMA) : Parameter (Priority) has Id (USART1_TX) currently not set
2024-07-17 14:29:30,166 [INFO] ImportTextPane:194 - (OptionalMessage_ERROR) IP (DMA) : Parameter (FIFOMode) has Id (USART1_TX) currently not set
2024-07-17 14:29:30,166 [INFO] ImportTextPane:194 - (OptionalMessage_ERROR) IP (DMA) : Parameter (Instance) has Id (USART1_RX) currently not set
2024-07-17 14:29:30,166 [INFO] ImportTextPane:194 - (OptionalMessage_ERROR) IP (DMA) : Parameter (Channel) has Id (USART1_RX) currently not set
2024-07-17 14:29:30,166 [INFO] ImportTextPane:194 - (OptionalMessage_ERROR) IP (DMA) : Parameter (Direction) has Id (USART1_RX) currently not set
2024-07-17 14:29:30,166 [INFO] ImportTextPane:194 - (OptionalMessage_ERROR) IP (DMA) : Parameter (PeriphInc) has Id (USART1_RX) currently not set
2024-07-17 14:29:30,166 [INFO] ImportTextPane:194 - (OptionalMessage_ERROR) IP (DMA) : Parameter (MemInc) has Id (USART1_RX) currently not set
2024-07-17 14:29:30,166 [INFO] ImportTextPane:194 - (OptionalMessage_ERROR) IP (DMA) : Parameter (PeriphDataAlignment) has Id (USART1_RX) currently not set
2024-07-17 14:29:30,167 [INFO] ImportTextPane:194 - (OptionalMessage_ERROR) IP (DMA) : Parameter (MemDataAlignment) has Id (USART1_RX) currently not set
2024-07-17 14:29:30,167 [INFO] ImportTextPane:194 - (OptionalMessage_ERROR) IP (DMA) : Parameter (Mode) has Id (USART1_RX) currently not set
2024-07-17 14:29:30,167 [INFO] ImportTextPane:194 - (OptionalMessage_ERROR) IP (DMA) : Parameter (Priority) has Id (USART1_RX) currently not set
2024-07-17 14:29:30,167 [INFO] ImportTextPane:194 - (OptionalMessage_ERROR) IP (DMA) : Parameter (FIFOMode) has Id (USART1_RX) currently not set
2024-07-17 14:29:30,177 [WARN] IP:2119 - LWIP_NETIF_HOSTNAME not found: check if there is a RefParameter without a condition.
2024-07-17 14:29:30,196 [INFO] ImportTextPane:194 - (OptionalMessage_ERROR) IP (RCC) : Invalid parameter (FamilyName)
2024-07-17 14:29:30,197 [INFO] ImportTextPane:194 - (OptionalMessage_ERROR) IP (RCC) : Parameter (RNGFreq_Value) has invalid value (216000000)
2024-07-17 14:29:30,197 [INFO] ImportTextPane:194 - (OptionalMessage_ERROR) IP (RCC) : Parameter (SDMMC2Freq_Value) has invalid value (216000000)
2024-07-17 14:29:30,197 [INFO] ImportTextPane:194 - (OptionalMessage_ERROR) IP (RCC) : Parameter (SDMMCFreq_Value) has invalid value (216000000)
2024-07-17 14:29:30,197 [INFO] ImportTextPane:194 - (OptionalMessage_ERROR) IP (RCC) : Parameter (USBFreq_Value) has invalid value (216000000)
2024-07-17 14:29:30,609 [INFO] UtilMem:75 - End LoadConfig() Used Memory: 795990176 Bytes (1073741824)
2024-07-17 14:29:30,708 [INFO] ApiDb:581 - Connected to CubeFinder SQLite database (C:\Users\ECA1WX\.stmcufinder\plugins\mcufinder\mcu\cube-finder-db.db)
2024-07-17 14:29:30,747 [INFO] ApiDb:668 - CubeFinder database Data Model version=2.1
2024-07-17 14:29:30,747 [INFO] ApiDb:669 - CubeFinder database Configuration version=3.0.39
2024-07-17 14:29:30,748 [INFO] ApiDb:670 - CubeFinder database generation date=2023-11-06 (1699269565)
2024-07-17 14:29:30,748 [INFO] ApiDb:671 - CubeFinder database FW Pack versions=[FP-ATR-ASTRA1_V2.0.0, FP-SNS-FLIGHT1_V5.0.1, FP-SNS-FLIGHT1_V5.0.2, FP-SNS-MOTENV1_V4.3.1, FP-SNS-MOTENV1_V4.3.2, FP-SNS-MOTENVWB1_V1.3.0, FP-SNS-SMARTAG2_V1.2.0, STM32Cube_FW_C0_V1.1.0, STM32Cube_FW_F4_V1.28.0, STM32Cube_FW_F7_V1.17.0, STM32Cube_FW_G0_V1.6.1, STM32Cube_FW_G4_V1.5.1, STM32Cube_FW_H5_V0.5.1, STM32Cube_FW_H5_V1.1.1, STM32Cube_FW_H5_V1.2.0RC2, STM32Cube_FW_H7_V1.11.0, STM32Cube_FW_L0_V1.12.2, STM32Cube_FW_L5_V1.5.0, STM32Cube_FW_U5_V1.3.0RC4, STM32Cube_FW_U5_V1.4.0, STM32Cube_FW_WBA_V1.0.0RC1, STM32Cube_FW_WBA_V1.1.0RC1, STM32Cube_FW_WBA_V1.2.0, STM32Cube_FW_WBA_V1.2.0RC2, STM32Cube_FW_WB_V1.15.0RC1, STM32Cube_FW_WB_V1.16.0, STM32Cube_FW_WB_V1.16.0RC2, STM32Cube_FW_WB_V1.18.0, STM32Cube_FW_WL_V1.3.0, X-CUBE-ALGOBUILD_V1.3.0, X-CUBE-ALS_V1.0.1, X-CUBE-AZRTOS-F4_V1.1.0, X-CUBE-AZRTOS-F7_V1.1.0, X-CUBE-AZRTOS-G0_V1.1.0, X-CUBE-AZRTOS-G4_V2.0.0, X-CUBE-AZRTOS-H7_V3.1.0, X-CUBE-AZRTOS-L4_V1.0.0, X-CUBE-AZRTOS-L4_V2.0.0, X-CUBE-AZRTOS-L5_V1.1.0, X-CUBE-AZRTOS-WB_V2.0.0, X-CUBE-AZRTOS-WL_V2.0.0, X-CUBE-BLE1_V7.0.0, X-CUBE-BLE2_V3.3.0, X-CUBE-BLEMGR_V2.0.0, X-CUBE-EEPRMA1_V4.1.0, X-CUBE-EEPRMA1_V4.2.0, X-CUBE-FREERTOS_V1.1.0, X-CUBE-GNSS1_V6.0.0, X-CUBE-MEMS1_V10.0.0, X-CUBE-MEMS1_V9.1.0, X-CUBE-MEMS1_V9.4.0, X-CUBE-MEMS1_V9.6.0, X-CUBE-NFC4_V3.0.0, X-CUBE-NFC7_V1.0.1, X-CUBE-SFXS2LP1_V4.0.0, X-CUBE-SUBG2_V5.0.0, X-CUBE-TOF1_V3.3.1]
2024-07-17 14:29:31,885 [INFO] ApiDb:240 - Found 371 in-development CPN: [B-G473E-ZEST1S, B-WB1M-WPAN1, B-WL5M-SUBG1, NUCLEO-C031C6, NUCLEO-H503RB, NUCLEO-H563ZI, NUCLEO-U545RE-Q, NUCLEO-U5A5ZJ-Q, NUCLEO-WBA52CG, NUCLEO-WBA55CG, STEVAL-MKBOXPRO, STEVAL-PROTEUS1, STEVAL-STWINBX1, STM320518-EVAL, STM32C0116-DK, STM32C011D6Y3TR, STM32C011D6Y6TR, STM32C011F4P3, STM32C011F4P6, STM32C011F4U3, STM32C011F4U6TR, STM32C011F6P3, STM32C011F6P6, STM32C011F6U3, STM32C011F6U6TR, STM32C011J4M3, STM32C011J4M6, STM32C011J6M3, STM32C011J6M6, STM32C0316-DK, STM32C031C4T3, STM32C031C4T6, STM32C031C4U3, STM32C031C4U6, STM32C031C6T3, STM32C031C6T6, STM32C031C6U3, STM32C031C6U6, STM32C031F4P3, STM32C031F4P6, STM32C031F6P3, STM32C031F6P6, STM32C031G4U3, STM32C031G4U6, STM32C031G6U3, STM32C031G6U6, STM32C031K4T3, STM32C031K4T6, STM32C031K4U3, STM32C031K4U6, STM32C031K6T3, STM32C031K6T6, STM32C031K6U3, STM32C031K6U6, STM32G071K8TXN, STM32G071K8UXN, STM32G081GBU6N, STM32G081KBT6N, STM32G081KBUXN, STM32G0B1CCT6N, STM32G0B1KCT6, STM32G0B1NEY6TR, STM32G0B1RCT6N, STM32G0C1CCT6, STM32G0C1CCT6N, STM32G0C1CCU6N, STM32G0C1CET6N, STM32G0C1CEU6N, STM32G0C1KCT6, STM32G0C1NEY6TR, STM32G0C1RCI6N, STM32G0C1RCT6N, STM32G0C1REI6N, STM32G0C1RET6N, STM32G0C1VCI6, STM32G0C1VEI6, STM32G471CCT6, STM32G471CCU6, STM32G471CET3, STM32G471CET6, STM32G471CEU3, STM32G471CEU6, STM32G471MCT6, STM32G471MET3, STM32G471MET6, STM32G471MEY6TR, STM32G471QCT6, STM32G471QET3, STM32G471RCT6, STM32G471RET3, STM32G471RET6, STM32G471VCH6, STM32G471VCI6, STM32G471VCT6, STM32G471VEH3, STM32G471VEH6, STM32G471VEI3, STM32G471VEI6, STM32G471VET3, STM32G471VET6, STM32G474CCT6, STM32H503CBT6, STM32H503CBU6, STM32H503EBY6TR, STM32H503KBU6, STM32H503RBT6, STM32H562AGI6, STM32H562AII6, STM32H562IGK6, STM32H562IGT6, STM32H562IIK6, STM32H562IIT6, STM32H562RGT6, STM32H562RGV6, STM32H562RIT6, STM32H562RIV6, STM32H562VGT6, STM32H562VIT6, STM32H562ZGT6, STM32H562ZIT6, STM32H563AGI6, STM32H563AII3Q, STM32H563AII6, STM32H563IGK6, STM32H563IGT6, STM32H563IIK3Q, STM32H563IIK6, STM32H563IIT3Q, STM32H563IIT6, STM32H563MIY3QTR, STM32H563RGT6, STM32H563RGV6, STM32H563RIT6, STM32H563RIV6, STM32H563VGT6, STM32H563VIT3Q, STM32H563VIT6, STM32H563ZGT6, STM32H563ZIT3Q, STM32H563ZIT6, STM32H573AII3Q, STM32H573AII6, STM32H573I-DK, STM32H573IIK3Q, STM32H573IIK6, STM32H573IIT3Q, STM32H573IIT6, STM32H573MIY3QTR, STM32H573RIT6, STM32H573RIV6, STM32H573VIT3Q, STM32H573VIT6, STM32H573ZIT3Q, STM32H573ZIT6, STM32L4R5QGI6STR, STM32MP131AAE3, STM32MP131AAF3, STM32MP131AAG3, STM32MP131CAE3, STM32MP131CAF3, STM32MP131CAG3, STM32MP131DAE7, STM32MP131DAF7, STM32MP131DAG7, STM32MP131FAE7, STM32MP131FAF7, STM32MP131FAG7, STM32MP133AAE3, STM32MP133AAF3, STM32MP133AAG3, STM32MP133CAE3, STM32MP133CAF3, STM32MP133CAG3, STM32MP133DAE7, STM32MP133DAF7, STM32MP133DAG7, STM32MP133FAE7, STM32MP133FAF7, STM32MP133FAG7, STM32MP135AAE3, STM32MP135AAF3, STM32MP135AAG3, STM32MP135CAE3, STM32MP135CAF3, STM32MP135CAG3, STM32MP135DAE7, STM32MP135DAF7, STM32MP135DAG7, STM32MP135F-DK, STM32MP135FAE7, STM32MP135FAF7, STM32MP135FAF7T, STM32MP135FAF7U, STM32MP135FAG7, STM32U535CBT6, STM32U535CBT6Q, STM32U535CBU6, STM32U535CBU6Q, STM32U535CCT6, STM32U535CCT6Q, STM32U535CCU6, STM32U535CCU6Q, STM32U535CET6, STM32U535CET6Q, STM32U535CEU6, STM32U535CEU6Q, STM32U535JEY6QTR, STM32U535NCY6QTR, STM32U535NEY6QTR, STM32U535RBI6, STM32U535RBI6Q, STM32U535RBT6, STM32U535RBT6Q, STM32U535RCI6, STM32U535RCI6Q, STM32U535RCT6, STM32U535RCT6Q, STM32U535REI6, STM32U535REI6Q, STM32U535RET6, STM32U535RET6Q, STM32U535VCI6, STM32U535VCI6Q, STM32U535VCT6, STM32U535VCT6Q, STM32U535VEI6, STM32U535VEI6Q, STM32U535VET6, STM32U535VET6Q, STM32U545CET6, STM32U545CET6Q, STM32U545CEU6, STM32U545CEU6Q, STM32U545JEY6QTR, STM32U545NEY6QTR, STM32U545REI6, STM32U545REI6Q, STM32U545RET6, STM32U545RET6Q, STM32U545VEI6, STM32U545VEI6Q, STM32U545VET6, STM32U545VET6Q, STM32U595AIH6, STM32U595AIH6Q, STM32U595AJH6, STM32U595AJH6Q, STM32U595QII6, STM32U595QII6Q, STM32U595QJI6, STM32U595QJI6Q, STM32U595RIT6, STM32U595RIT6Q, STM32U595RJT6, STM32U595RJT6Q, STM32U595VIT6, STM32U595VIT6Q, STM32U595VJT6, STM32U595VJT6Q, STM32U595ZIT6, STM32U595ZIT6Q, STM32U595ZIY6QTR, STM32U595ZJT6, STM32U595ZJT6Q, STM32U595ZJY6QTR, STM32U599BJY6QTR, STM32U599NIH6Q, STM32U599NJH6Q, STM32U599VIT6Q, STM32U599VJT6, STM32U599VJT6Q, STM32U599ZIT6Q, STM32U599ZIY6QTR, STM32U599ZJT6Q, STM32U599ZJY6QTR, STM32U5A5AJH6, STM32U5A5AJH6Q, STM32U5A5QJI6, STM32U5A5QJI6Q, STM32U5A5RJT6, STM32U5A5RJT6Q, STM32U5A5VJT6, STM32U5A5VJT6Q, STM32U5A5ZJT6, STM32U5A5ZJT6Q, STM32U5A5ZJY6QTR, STM32U5A9BJY6QTR, STM32U5A9J-DK, STM32U5A9NJH6Q, STM32U5A9VJT6Q, STM32U5A9ZJT6Q, STM32U5A9ZJY6QTR, STM32U5F7VIT6, STM32U5F7VIT6Q, STM32U5F7VJT6, STM32U5F7VJT6Q, STM32U5F9BJY6QTR, STM32U5F9NJH6Q, STM32U5F9VIT6Q, STM32U5F9VJT6Q, STM32U5F9ZIJ6QTR, STM32U5F9ZIT6Q, STM32U5F9ZJJ6QTR, STM32U5F9ZJT6Q, STM32U5G7VJT6, STM32U5G7VJT6Q, STM32U5G9BJY6QTR, STM32U5G9J-DK1, STM32U5G9J-DK2, STM32U5G9NJH6Q, STM32U5G9VJT6Q, STM32U5G9ZJJ6QTR, STM32U5G9ZJT6Q, STM32WB1MMCH6, STM32WBA50KEU6, STM32WBA50KEU6TR, STM32WBA50KGU6, STM32WBA50KGU6TR, STM32WBA52CEU6, STM32WBA52CEU6TR, STM32WBA52CEU7, STM32WBA52CEU7TR, STM32WBA52CGU6, STM32WBA52CGU6TR, STM32WBA52CGU6U, STM32WBA52CGU7, STM32WBA52CGU7TR, STM32WBA52KEU6, STM32WBA52KEU6TR, STM32WBA52KGU6, STM32WBA52KGU6TR, STM32WBA54CEU6, STM32WBA54CEU6TR, STM32WBA54CEU7, STM32WBA54CEU7TR, STM32WBA54CGU6, STM32WBA54CGU6TR, STM32WBA54CGU7, STM32WBA54CGU7TR, STM32WBA54KEU6, STM32WBA54KEU6TR, STM32WBA54KEU7, STM32WBA54KEU7TR, STM32WBA54KGU6, STM32WBA54KGU6TR, STM32WBA54KGU7, STM32WBA54KGU7TR, STM32WBA55CEU6, STM32WBA55CEU6TR, STM32WBA55CEU7, STM32WBA55CEU7TR, STM32WBA55CGU6, STM32WBA55CGU6TR, STM32WBA55CGU6U, STM32WBA55CGU7, STM32WBA55CGU7TR, STM32WBA55G-DK1, STM32WBA55HEF6, STM32WBA55HEF7, STM32WBA55HGF6, STM32WBA55HGF7, STM32WBA55UEI6, STM32WBA55UEI6TR, STM32WBA55UEI7, STM32WBA55UEI7TR, STM32WBA55UGI6, STM32WBA55UGI6TR, STM32WBA55UGI7, STM32WBA55UGI7TR, STM32WL5MOCH6, STM32WL5MOCH6TR]
2024-07-17 14:29:31,889 [INFO] DbMcus:218 - Found 3930 MCUs, 3930 are supported
2024-07-17 14:29:31,892 [INFO] ApiDb:423 - Load user favorites file C:\Users\ECA1WX/.stm32cubeide/favorites.mcus.txt: 1 item(s)
2024-07-17 14:29:31,892 [INFO] ApiDb:427 - User favorites MCUs=[STM32F767IGT6]
2024-07-17 14:29:31,892 [INFO] DbMcus:224 - Set 1 / 1 favorites MCUs
2024-07-17 14:29:32,070 [INFO] MicroXplorer:468 - Change Database Path : 
2024-07-17 14:29:32,070 [INFO] MicroXplorer:498 - Change Database Version : DB.6.0.100
2024-07-17 14:29:32,071 [WARN] ThirdParty:833 - waiting for thirdparty lock release [change project]
2024-07-17 14:29:32,071 [INFO] ThirdParty:835 - entering critical section [change project]
2024-07-17 14:29:32,071 [INFO] ThirdParty:1030 - CMSIS Pack Vendor :STMicroelectronics USBPD 4.1
2024-07-17 14:29:32,071 [INFO] ThirdParty:1030 - CMSIS Pack Vendor :STMicroelectronics X-CUBE-GNSS1 6.0.0
2024-07-17 14:29:32,071 [INFO] ThirdParty:1030 - CMSIS Pack Vendor :STMicroelectronics USB_HOST 2.0.0
2024-07-17 14:29:32,071 [INFO] ThirdParty:1030 - CMSIS Pack Vendor :STMicroelectronics FP-SNS-MOTENVWB1 1.4.0
2024-07-17 14:29:32,071 [INFO] ThirdParty:1030 - CMSIS Pack Vendor :STMicroelectronics X-CUBE-AZRTOS-F4 1.1.0
2024-07-17 14:29:32,071 [INFO] ThirdParty:1030 - CMSIS Pack Vendor :STMicroelectronics LIBJPEG 8.0.0
2024-07-17 14:29:32,071 [INFO] ThirdParty:1030 - CMSIS Pack Vendor :STMicroelectronics X-CUBE-SMBUS 2.1.0
2024-07-17 14:29:32,071 [INFO] ThirdParty:1030 - CMSIS Pack Vendor :STMicroelectronics USB_DEVICE 3.0.0
2024-07-17 14:29:32,071 [INFO] ThirdParty:1030 - CMSIS Pack Vendor :STMicroelectronics X-CUBE-TCPP 4.1.0
2024-07-17 14:29:32,071 [INFO] ThirdParty:1030 - CMSIS Pack Vendor :STMicroelectronics X-CUBE-FREERTOS 1.2.0
2024-07-17 14:29:32,071 [INFO] ThirdParty:1030 - CMSIS Pack Vendor :STMicroelectronics X-CUBE-AZRTOS-WB 2.0.0
2024-07-17 14:29:32,071 [INFO] ThirdParty:1030 - CMSIS Pack Vendor :STMicroelectronics X-CUBE-TOUCHGFX 4.23.1
2024-07-17 14:29:32,071 [INFO] ThirdParty:1030 - CMSIS Pack Vendor :STMicroelectronics X-CUBE-TOUCHGFX 4.23.0
2024-07-17 14:29:32,071 [INFO] ThirdParty:1030 - CMSIS Pack Vendor :STMicroelectronics X-CUBE-TOUCHGFX 4.23.2
2024-07-17 14:29:32,071 [INFO] ThirdParty:1030 - CMSIS Pack Vendor :STMicroelectronics X-CUBE-AZRTOS-F7 1.1.0
2024-07-17 14:29:32,071 [INFO] ThirdParty:1030 - CMSIS Pack Vendor :STMicroelectronics X-CUBE-AZRTOS-L5 2.0.0
2024-07-17 14:29:32,071 [INFO] ThirdParty:1030 - CMSIS Pack Vendor :STMicroelectronics USB_DEVICE 2.0.0
2024-07-17 14:29:32,071 [INFO] ThirdParty:1030 - CMSIS Pack Vendor :STMicroelectronics X-CUBE-NFC6 3.1.0
2024-07-17 14:29:32,071 [INFO] ThirdParty:1030 - CMSIS Pack Vendor :ITTIA_DB I-CUBE-ITTIADB 8.8.0
2024-07-17 14:29:32,071 [INFO] ThirdParty:1030 - CMSIS Pack Vendor :STMicroelectronics FP-SNS-MOTENV1 4.3.2
2024-07-17 14:29:32,072 [INFO] ThirdParty:1030 - CMSIS Pack Vendor :STMicroelectronics X-CUBE-ALGOBUILD 1.3.0
2024-07-17 14:29:32,072 [INFO] ThirdParty:1030 - CMSIS Pack Vendor :STMicroelectronics FreeRTOS 0.0.1
2024-07-17 14:29:32,072 [INFO] ThirdParty:1030 - CMSIS Pack Vendor :STMicroelectronics X-CUBE-AZRTOS-G0 1.1.0
2024-07-17 14:29:32,072 [INFO] ThirdParty:1030 - CMSIS Pack Vendor :STMicroelectronics X-CUBE-SAFEA1 1.2.2
2024-07-17 14:29:32,072 [INFO] ThirdParty:1030 - CMSIS Pack Vendor :STMicroelectronics X-CUBE-NFC4 3.0.0
2024-07-17 14:29:32,072 [INFO] ThirdParty:1030 - CMSIS Pack Vendor :STMicroelectronics X-CUBE-DPower 1.2.0
2024-07-17 14:29:32,072 [INFO] ThirdParty:1030 - CMSIS Pack Vendor :STMicroelectronics X-CUBE-SUBG2 5.0.0
2024-07-17 14:29:32,072 [INFO] ThirdParty:1030 - CMSIS Pack Vendor :STMicroelectronics STM32_WPAN 1.0.0
2024-07-17 14:29:32,072 [INFO] ThirdParty:1030 - CMSIS Pack Vendor :EmbeddedOffice I-CUBE-FS-RTOS 1.0.1
2024-07-17 14:29:32,072 [INFO] ThirdParty:1030 - CMSIS Pack Vendor :STMicroelectronics lwIP 2.0.3
2024-07-17 14:29:32,072 [INFO] ThirdParty:1030 - CMSIS Pack Vendor :STMicroelectronics FP-SNS-FLIGHT1 5.0.2
2024-07-17 14:29:32,072 [INFO] ThirdParty:1030 - CMSIS Pack Vendor :Cesanta I-CUBE-Mongoose 7.13.0
2024-07-17 14:29:32,072 [INFO] ThirdParty:1030 - CMSIS Pack Vendor :STMicroelectronics USB_HOST 1.0.0
2024-07-17 14:29:32,072 [INFO] ThirdParty:1030 - CMSIS Pack Vendor :STMicroelectronics X-CUBE-AI 9.0.0
2024-07-17 14:29:32,072 [INFO] ThirdParty:1030 - CMSIS Pack Vendor :STMicroelectronics X-CUBE-AZRTOS-G4 2.0.0
2024-07-17 14:29:32,072 [INFO] ThirdParty:1030 - CMSIS Pack Vendor :STMicroelectronics PDM2PCM 3.1.0
2024-07-17 14:29:32,072 [INFO] ThirdParty:1030 - CMSIS Pack Vendor :Infineon AIROC-Wi-Fi-Bluetooth-STM32 1.5.1
2024-07-17 14:29:32,072 [INFO] ThirdParty:1030 - CMSIS Pack Vendor :STMicroelectronics PDM2PCM 3.3.0
2024-07-17 14:29:32,072 [INFO] ThirdParty:1030 - CMSIS Pack Vendor :STMicroelectronics X-CUBE-DISPLAY 3.0.0
2024-07-17 14:29:32,072 [INFO] ThirdParty:1030 - CMSIS Pack Vendor :RealThread X-CUBE-RT-Thread_Nano 4.1.1
2024-07-17 14:29:32,072 [INFO] ThirdParty:1030 - CMSIS Pack Vendor :STMicroelectronics FP-SNS-MOTENVWB1 1.3.1
2024-07-17 14:29:32,072 [INFO] ThirdParty:1030 - CMSIS Pack Vendor :STMicroelectronics X-CUBE-BLE1 7.0.0
2024-07-17 14:29:32,072 [INFO] ThirdParty:1030 - CMSIS Pack Vendor :STMicroelectronics FP-ATR-SIGFOX1 3.2.0
2024-07-17 14:29:32,072 [INFO] ThirdParty:1030 - CMSIS Pack Vendor :STMicroelectronics HAL Drivers 0.0.0
2024-07-17 14:29:32,072 [INFO] ThirdParty:1030 - CMSIS Pack Vendor :STMicroelectronics MBEDTLS 2.16.2
2024-07-17 14:29:32,072 [INFO] ThirdParty:1030 - CMSIS Pack Vendor :STMicroelectronics X-CUBE-ALS 1.0.2
2024-07-17 14:29:32,072 [INFO] ThirdParty:1030 - CMSIS Pack Vendor :emotas I-CUBE-CANOPEN 1.3.0
2024-07-17 14:29:32,072 [INFO] ThirdParty:1030 - CMSIS Pack Vendor :STMicroelectronics X-CUBE-MEMS1 10.0.0
2024-07-17 14:29:32,072 [INFO] ThirdParty:1030 - CMSIS Pack Vendor :STMicroelectronics X-CUBE-FREERTOS 1.1.0
2024-07-17 14:29:32,072 [INFO] ThirdParty:1030 - CMSIS Pack Vendor :STMicroelectronics X-CUBE-NFC7 1.0.1
2024-07-17 14:29:32,072 [INFO] ThirdParty:1030 - CMSIS Pack Vendor :STMicroelectronics MBEDTLS 2.14.1
2024-07-17 14:29:32,072 [INFO] ThirdParty:1030 - CMSIS Pack Vendor :STMicroelectronics X-CUBE-TOUCHGFX 4.24.0
2024-07-17 14:29:32,072 [INFO] ThirdParty:1030 - CMSIS Pack Vendor :wolfSSL I-CUBE-wolfTPM 3.2.0
2024-07-17 14:29:32,072 [INFO] ThirdParty:1030 - CMSIS Pack Vendor :STMicroelectronics X-CUBE-NFC6 3.0.0
2024-07-17 14:29:32,072 [INFO] ThirdParty:1030 - CMSIS Pack Vendor :portGmbH I-Cube-SoM-uGOAL 1.1.0
2024-07-17 14:29:32,072 [INFO] ThirdParty:1030 - CMSIS Pack Vendor :STMicroelectronics X-CUBE-ALS 1.0.1
2024-07-17 14:29:32,072 [INFO] ThirdParty:1030 - CMSIS Pack Vendor :STMicroelectronics ThreadX 1.0.0
2024-07-17 14:29:32,072 [INFO] ThirdParty:1030 - CMSIS Pack Vendor :STMicroelectronics FP-SNS-SMARTAG2 1.2.0
2024-07-17 14:29:32,072 [INFO] ThirdParty:1030 - CMSIS Pack Vendor :STMicroelectronics X-CUBE-AZRTOS-WL 2.0.0
2024-07-17 14:29:32,072 [INFO] ThirdParty:1030 - CMSIS Pack Vendor :SEGGER I-CUBE-embOS 1.3.1
2024-07-17 14:29:32,072 [INFO] ThirdParty:1030 - CMSIS Pack Vendor :STMicroelectronics X-CUBE-ALGOBUILD 1.4.0
2024-07-17 14:29:32,072 [INFO] ThirdParty:1030 - CMSIS Pack Vendor :STMicroelectronics FP-SNS-MOTENV1 5.0.0
2024-07-17 14:29:32,072 [INFO] ThirdParty:1030 - CMSIS Pack Vendor :STMicroelectronics USB_DEVICE 1.0.0
2024-07-17 14:29:32,072 [INFO] ThirdParty:1030 - CMSIS Pack Vendor :STMicroelectronics X-CUBE-AI 8.1.0
2024-07-17 14:29:32,072 [INFO] ThirdParty:1030 - CMSIS Pack Vendor :STMicroelectronics X-CUBE-AZRTOS-H7RS 1.0.0
2024-07-17 14:29:32,072 [INFO] ThirdParty:1030 - CMSIS Pack Vendor :wolfSSL I-CUBE-wolfMQTT 1.19.0
2024-07-17 14:29:32,072 [INFO] ThirdParty:1030 - CMSIS Pack Vendor :STMicroelectronics X-CUBE-AZRTOS-L4 2.0.0
2024-07-17 14:29:32,072 [INFO] ThirdParty:1030 - CMSIS Pack Vendor :STMicroelectronics ThreadX 0.0.2
2024-07-17 14:29:32,072 [INFO] ThirdParty:1030 - CMSIS Pack Vendor :STMicroelectronics FP-ATR-ASTRA1 2.0.0
2024-07-17 14:29:32,072 [INFO] ThirdParty:1030 - CMSIS Pack Vendor :STMicroelectronics lwIP 2.1.2
2024-07-17 14:29:32,072 [INFO] ThirdParty:1030 - CMSIS Pack Vendor :STMicroelectronics X-CUBE-SFXS2LP1 4.0.0
2024-07-17 14:29:32,072 [INFO] ThirdParty:1030 - CMSIS Pack Vendor :STMicroelectronics X-CUBE-BLE2 3.3.0
2024-07-17 14:29:32,072 [INFO] ThirdParty:1030 - CMSIS Pack Vendor :STMicroelectronics PDM2PCM 3.2.0
2024-07-17 14:29:32,072 [INFO] ThirdParty:1030 - CMSIS Pack Vendor :wolfSSL I-CUBE-wolfSSH 1.4.17
2024-07-17 14:29:32,073 [INFO] ThirdParty:841 - exiting critical section [change project]
2024-07-17 14:29:32,417 [INFO] PinOutPanel:1499 - setPackage(No Configuration,No Configuration)
2024-07-17 14:29:32,419 [INFO] PinOutPanel:1499 - setPackage(STM32F767IGTx,LQFP176)
2024-07-17 14:29:32,973 [INFO] UtilMem:75 - Before build in PCC Used Memory: 679782856 Bytes (1073741824)
2024-07-17 14:29:33,684 [INFO] UtilMem:75 - After build in PCC Used Memory: 766292424 Bytes (1073741824)
2024-07-17 14:29:33,760 [INFO] ApiDbMcu:508 - Load IP Config File for FREERTOS
2024-07-17 14:29:33,771 [INFO] ApiDbMcu:508 - Load IP Config File for LWIP
2024-07-17 14:29:33,797 [INFO] IPUIPlugin:80 - create IPUIPlugin
2024-07-17 14:29:33,797 [INFO] IPUIPlugin:80 - create IPUIPlugin
2024-07-17 14:29:33,798 [INFO] IPUIPlugin:80 - create IPUIPlugin
2024-07-17 14:29:33,798 [INFO] IPUIPlugin:80 - create IPUIPlugin
2024-07-17 14:29:33,798 [INFO] IPUIPlugin:80 - create IPUIPlugin
2024-07-17 14:29:33,798 [INFO] IPUIPlugin:80 - create IPUIPlugin
2024-07-17 14:29:33,798 [INFO] IPUIPlugin:80 - create IPUIPlugin
2024-07-17 14:29:33,798 [INFO] IPUIPlugin:80 - create IPUIPlugin
2024-07-17 14:29:33,798 [INFO] IPUIPlugin:80 - create IPUIPlugin
2024-07-17 14:29:33,798 [INFO] IPUIPlugin:80 - create IPUIPlugin
2024-07-17 14:29:33,798 [INFO] IPUIPlugin:80 - create IPUIPlugin
2024-07-17 14:29:33,798 [INFO] IPUIPlugin:80 - create IPUIPlugin
2024-07-17 14:29:33,799 [INFO] IPUIPlugin:80 - create IPUIPlugin
2024-07-17 14:29:33,799 [INFO] IPUIPlugin:80 - create IPUIPlugin
2024-07-17 14:29:33,799 [INFO] IPUIPlugin:80 - create IPUIPlugin
2024-07-17 14:29:33,799 [INFO] IPUIPlugin:80 - create IPUIPlugin
2024-07-17 14:29:33,799 [INFO] IPUIPlugin:80 - create IPUIPlugin
2024-07-17 14:29:33,799 [INFO] IPUIPlugin:80 - create IPUIPlugin
2024-07-17 14:29:33,799 [INFO] IPUIPlugin:80 - create IPUIPlugin
2024-07-17 14:29:33,799 [INFO] IPUIPlugin:80 - create IPUIPlugin
2024-07-17 14:29:33,799 [INFO] IPUIPlugin:80 - create IPUIPlugin
2024-07-17 14:29:33,799 [INFO] IPUIPlugin:80 - create IPUIPlugin
2024-07-17 14:29:33,799 [INFO] IPUIPlugin:80 - create IPUIPlugin
2024-07-17 14:29:33,799 [INFO] IPUIPlugin:80 - create IPUIPlugin
2024-07-17 14:29:33,800 [INFO] IPUIPlugin:80 - create IPUIPlugin
2024-07-17 14:29:33,800 [INFO] IPUIPlugin:80 - create IPUIPlugin
2024-07-17 14:29:33,800 [INFO] IPUIPlugin:80 - create IPUIPlugin
2024-07-17 14:29:33,800 [INFO] IPUIPlugin:80 - create IPUIPlugin
2024-07-17 14:29:33,800 [INFO] IPUIPlugin:80 - create IPUIPlugin
2024-07-17 14:29:33,800 [INFO] IPUIPlugin:80 - create IPUIPlugin
2024-07-17 14:29:33,800 [INFO] IPUIPlugin:80 - create IPUIPlugin
2024-07-17 14:29:33,801 [INFO] IPUIPlugin:80 - create IPUIPlugin
2024-07-17 14:29:33,801 [INFO] IPUIPlugin:80 - create IPUIPlugin
2024-07-17 14:29:33,801 [INFO] IPUIPlugin:80 - create IPUIPlugin
2024-07-17 14:29:33,801 [INFO] IPUIPlugin:80 - create IPUIPlugin
2024-07-17 14:29:33,801 [INFO] IPUIPlugin:80 - create IPUIPlugin
2024-07-17 14:29:33,801 [INFO] IPUIPlugin:80 - create IPUIPlugin
2024-07-17 14:29:33,802 [INFO] IPUIPlugin:80 - create IPUIPlugin
2024-07-17 14:29:33,802 [INFO] IPUIPlugin:80 - create IPUIPlugin
2024-07-17 14:29:33,803 [INFO] IPUIPlugin:80 - create IPUIPlugin
2024-07-17 14:29:33,803 [INFO] IPUIPlugin:80 - create IPUIPlugin
2024-07-17 14:29:33,803 [INFO] IPUIPlugin:80 - create IPUIPlugin
2024-07-17 14:29:33,803 [INFO] IPUIPlugin:80 - create IPUIPlugin
2024-07-17 14:29:33,803 [INFO] IPUIPlugin:80 - create IPUIPlugin
2024-07-17 14:29:33,803 [INFO] IPUIPlugin:80 - create IPUIPlugin
2024-07-17 14:29:33,803 [INFO] IPUIPlugin:80 - create IPUIPlugin
2024-07-17 14:29:33,804 [INFO] IPUIPlugin:80 - create IPUIPlugin
2024-07-17 14:29:33,804 [INFO] IPUIPlugin:80 - create IPUIPlugin
2024-07-17 14:29:33,804 [INFO] IPUIPlugin:80 - create IPUIPlugin
2024-07-17 14:29:33,804 [INFO] IPUIPlugin:80 - create IPUIPlugin
2024-07-17 14:29:33,804 [INFO] IPUIPlugin:80 - create IPUIPlugin
2024-07-17 14:29:33,804 [INFO] IPUIPlugin:80 - create IPUIPlugin
2024-07-17 14:29:33,804 [INFO] IPUIPlugin:80 - create IPUIPlugin
2024-07-17 14:29:33,805 [INFO] IPUIPlugin:80 - create IPUIPlugin
2024-07-17 14:29:33,805 [INFO] IPUIPlugin:80 - create IPUIPlugin
2024-07-17 14:29:33,805 [INFO] IPUIPlugin:80 - create IPUIPlugin
2024-07-17 14:29:33,805 [INFO] IPUIPlugin:80 - create IPUIPlugin
2024-07-17 14:29:33,805 [INFO] IPUIPlugin:80 - create IPUIPlugin
2024-07-17 14:29:33,805 [INFO] IPUIPlugin:80 - create IPUIPlugin
2024-07-17 14:29:33,806 [INFO] IPUIPlugin:80 - create IPUIPlugin
2024-07-17 14:29:33,806 [INFO] IPUIPlugin:80 - create IPUIPlugin
2024-07-17 14:29:33,806 [INFO] IPUIPlugin:80 - create IPUIPlugin
2024-07-17 14:29:33,806 [INFO] IPUIPlugin:80 - create IPUIPlugin
2024-07-17 14:29:33,806 [INFO] IPUIPlugin:80 - create IPUIPlugin
2024-07-17 14:29:33,806 [INFO] IPUIPlugin:80 - create IPUIPlugin
2024-07-17 14:29:33,807 [INFO] IPUIPlugin:80 - create IPUIPlugin
2024-07-17 14:29:33,807 [INFO] IPUIPlugin:80 - create IPUIPlugin
2024-07-17 14:29:33,807 [INFO] IPUIPlugin:80 - create IPUIPlugin
2024-07-17 14:29:33,807 [INFO] IPUIPlugin:80 - create IPUIPlugin
2024-07-17 14:29:33,807 [INFO] IPUIPlugin:80 - create IPUIPlugin
2024-07-17 14:29:33,808 [INFO] IPUIPlugin:80 - create IPUIPlugin
2024-07-17 14:29:33,808 [INFO] IPUIPlugin:80 - create IPUIPlugin
2024-07-17 14:29:33,808 [INFO] IPUIPlugin:80 - create IPUIPlugin
2024-07-17 14:29:33,808 [INFO] IPUIPlugin:80 - create IPUIPlugin
2024-07-17 14:29:33,809 [INFO] IPUIPlugin:80 - create IPUIPlugin
2024-07-17 14:29:33,809 [INFO] IPUIPlugin:80 - create IPUIPlugin
2024-07-17 14:29:33,809 [INFO] IPUIPlugin:80 - create IPUIPlugin
2024-07-17 14:29:33,809 [INFO] IPUIPlugin:80 - create IPUIPlugin
2024-07-17 14:29:33,810 [INFO] IPUIPlugin:80 - create IPUIPlugin
2024-07-17 14:29:33,817 [INFO] ApiDbMcu:508 - Load IP Config File for PDM2PCM
2024-07-17 14:29:33,838 [WARN] FreeRTOS:1023 - Null or empty value: should not occur! (nothing added to the table)
2024-07-17 14:29:33,843 [WARN] IP:2119 - LWIP_NETIF_HOSTNAME not found: check if there is a RefParameter without a condition.
2024-07-17 14:29:33,861 [WARN] IP:2119 - LWIP_NETIF_HOSTNAME not found: check if there is a RefParameter without a condition.
2024-07-17 14:29:34,025 [INFO] CADModel:165 - CPN selected for project levelSTM32F767IGT6
2024-07-17 14:29:34,025 [INFO] CADModel:114 - Register for checkConnection events
2024-07-17 14:29:34,028 [INFO] RtosManager:697 - Active RTOS found at IOC load: FREERTOS [Cortex-M7NS]
2024-07-17 14:29:34,078 [INFO] OpenFileManager:343 - Restore cursor
2024-07-17 14:29:34,297 [WARN] IP:2119 - LWIP_NETIF_HOSTNAME not found: check if there is a RefParameter without a condition.
2024-07-17 14:29:34,317 [WARN] IP:2119 - LWIP_NETIF_HOSTNAME not found: check if there is a RefParameter without a condition.
2024-07-17 18:05:13,832 [ERROR] ConfigurationRetriever:142 - IOException on connection: sw-center.st.com
2024-07-17 18:05:13,833 [ERROR] ConfigurationRetriever:142 - IOException on connection: sw-center.st.com
2024-07-17 18:05:13,833 [ERROR] ConfigurationRetriever:142 - IOException on connection: sw-center.st.com
2024-07-17 18:06:42,582 [ERROR] ConfigurationRetriever:142 - IOException on connection: sw-center.st.com
2024-07-17 18:06:42,582 [ERROR] ConfigurationRetriever:142 - IOException on connection: sw-center.st.com
2024-07-17 18:06:42,583 [ERROR] ConfigurationRetriever:142 - IOException on connection: sw-center.st.com
2024-07-17 18:18:19,740 [ERROR] ConfigurationRetriever:142 - IOException on connection: sw-center.st.com
2024-07-17 18:18:19,741 [ERROR] ConfigurationRetriever:142 - IOException on connection: sw-center.st.com
2024-07-17 18:18:19,741 [ERROR] ConfigurationRetriever:142 - IOException on connection: sw-center.st.com
2024-07-17 18:18:20,546 [ERROR] ConfigurationRetriever:142 - IOException on connection: sw-center.st.com
2024-07-17 18:18:20,547 [ERROR] ConfigurationRetriever:142 - IOException on connection: sw-center.st.com
2024-07-17 18:18:20,547 [ERROR] ConfigurationRetriever:142 - IOException on connection: sw-center.st.com
2024-07-17 18:22:32,319 [ERROR] ConfigurationRetriever:142 - IOException on connection: sw-center.st.com
2024-07-17 18:22:32,319 [ERROR] ConfigurationRetriever:142 - IOException on connection: sw-center.st.com
2024-07-17 18:22:32,319 [ERROR] ConfigurationRetriever:142 - IOException on connection: sw-center.st.com
2024-07-17 18:22:33,090 [ERROR] ConfigurationRetriever:142 - IOException on connection: sw-center.st.com
2024-07-17 18:22:33,090 [ERROR] ConfigurationRetriever:142 - IOException on connection: sw-center.st.com
2024-07-17 18:22:33,090 [ERROR] ConfigurationRetriever:142 - IOException on connection: sw-center.st.com
2024-07-17 18:25:45,932 [ERROR] ConfigurationRetriever:142 - IOException on connection: sw-center.st.com
2024-07-17 18:25:45,933 [ERROR] ConfigurationRetriever:142 - IOException on connection: sw-center.st.com
2024-07-17 18:25:45,933 [ERROR] ConfigurationRetriever:142 - IOException on connection: sw-center.st.com
2024-07-17 18:25:46,827 [ERROR] ConfigurationRetriever:142 - IOException on connection: sw-center.st.com
2024-07-17 18:25:46,827 [ERROR] ConfigurationRetriever:142 - IOException on connection: sw-center.st.com
2024-07-17 18:25:46,827 [ERROR] ConfigurationRetriever:142 - IOException on connection: sw-center.st.com
2024-07-17 18:29:21,571 [ERROR] ConfigurationRetriever:142 - IOException on connection: sw-center.st.com
2024-07-17 18:29:21,572 [ERROR] ConfigurationRetriever:142 - IOException on connection: sw-center.st.com
2024-07-17 18:29:21,572 [ERROR] ConfigurationRetriever:142 - IOException on connection: sw-center.st.com
2024-07-17 18:29:22,267 [ERROR] ConfigurationRetriever:142 - IOException on connection: sw-center.st.com
2024-07-17 18:29:22,268 [ERROR] ConfigurationRetriever:142 - IOException on connection: sw-center.st.com
2024-07-17 18:29:22,268 [ERROR] ConfigurationRetriever:142 - IOException on connection: sw-center.st.com
2024-07-17 18:34:18,099 [ERROR] ConfigurationRetriever:142 - IOException on connection: sw-center.st.com
2024-07-17 18:34:18,099 [ERROR] ConfigurationRetriever:142 - IOException on connection: sw-center.st.com
2024-07-17 18:34:18,100 [ERROR] ConfigurationRetriever:142 - IOException on connection: sw-center.st.com
2024-07-17 18:34:18,625 [ERROR] LogOutputStream:75 - [STDERR_REDIRECT] 
