2024-07-25 21:54:03,993 [INFO] Activator:176 - 


2024-07-25 21:54:04,005 [INFO] Activator:177 - !SESSION log4j initialized
2024-07-25 21:54:10,242 [INFO] LogOutputStream:77 - [STDOUT_REDIRECT] 
2024-07-25 21:54:14,991 [INFO] ApplicationProperties:184 - Using Application install path: C:\my_workspace\my_software\stm32cubeide\STM32CubeIDE_1.14.1\STM32CubeIDE\plugins\com.st.stm32cube.common.mx_6.10.0.202311202037
2024-07-25 21:54:15,012 [INFO] DbMcusXml:78 - Set database path to: C:\my_workspace\my_software\stm32cubeide\STM32CubeIDE_1.14.1\STM32CubeIDE\plugins\com.st.stm32cube.common.mx_6.10.0.202311202037\\db\/mcu/
2024-07-25 21:54:15,012 [INFO] ApiDb:274 - Set plugin database path to: C:\my_workspace\my_software\stm32cubeide\STM32CubeIDE_1.14.1\STM32CubeIDE\plugins\com.st.stm32cube.common.mx_6.10.0.202311202037\\db\/plugins/boardmanager/
2024-07-25 21:54:15,012 [WARN] ApiDb:259 - Overriding images path with different value:  => C:\my_workspace\my_software\stm32cubeide\STM32CubeIDE_1.14.1\STM32CubeIDE\plugins\com.st.stm32cube.common.mx_6.10.0.202311202037\\db\/plugins/mcufinder/images/
2024-07-25 21:54:15,030 [INFO] ApiDb:250 - Set database path to: C:\Users\ECA1WX\.stmcufinder\plugins\mcufinder//mcu/
2024-07-25 21:54:15,032 [INFO] DbMcusAds:125 - Set database path to: C:\Users\ECA1WX\.stmcufinder\plugins\mcufinder//mcu/
2024-07-25 21:54:15,035 [INFO] CrossReferenceDbSqlite:203 - Set database path to: C:\Users\ECA1WX\.stmcufinder\plugins\mcufinder//mcu/cs/
2024-07-25 21:54:15,172 [INFO] RulesReader:64 - Compatibility file has been processed (297 Rules)
2024-07-25 21:54:15,289 [INFO] DbMcusXml:78 - Set database path to: C:\my_workspace\my_software\stm32cubeide\STM32CubeIDE_1.14.1\STM32CubeIDE\plugins\com.st.stm32cube.common.mx_6.10.0.202311202037\\db\/mcu/
2024-07-25 21:54:15,290 [INFO] ApiDb:274 - Set plugin database path to: C:\my_workspace\my_software\stm32cubeide\STM32CubeIDE_1.14.1\STM32CubeIDE\plugins\com.st.stm32cube.common.mx_6.10.0.202311202037\\db\/plugins/boardmanager/
2024-07-25 21:54:15,290 [INFO] ApiDb:261 - Set plugin images path to: C:\my_workspace\my_software\stm32cubeide\STM32CubeIDE_1.14.1\STM32CubeIDE\plugins\com.st.stm32cube.common.mx_6.10.0.202311202037\\db\/plugins/mcufinder/images/
2024-07-25 21:54:15,290 [WARN] DbFile:41 - Overriding database path with different value: C:\Users\ECA1WX\.stmcufinder\plugins\mcufinder/ => C:\Users\ECA1WX\.stmcufinder\plugins\mcufinder
2024-07-25 21:54:15,290 [INFO] ApiDb:250 - Set database path to: C:\Users\ECA1WX\.stmcufinder\plugins\mcufinder//mcu/
2024-07-25 21:54:15,290 [WARN] DbFile:41 - Overriding database path with different value: C:\Users\ECA1WX\.stmcufinder\plugins\mcufinder/ => C:\Users\ECA1WX\.stmcufinder\plugins\mcufinder
2024-07-25 21:54:15,291 [INFO] DbMcusAds:125 - Set database path to: C:\Users\ECA1WX\.stmcufinder\plugins\mcufinder//mcu/
2024-07-25 21:54:15,291 [WARN] DbFile:41 - Overriding database path with different value: C:\Users\ECA1WX\.stmcufinder\plugins\mcufinder/ => C:\Users\ECA1WX\.stmcufinder\plugins\mcufinder
2024-07-25 21:54:15,291 [WARN] DbFile:41 - Overriding database path with different value: C:\Users\ECA1WX\.stmcufinder\plugins\mcufinder/ => C:\Users\ECA1WX\.stmcufinder\plugins\mcufinder
2024-07-25 21:54:15,291 [INFO] CrossReferenceDbSqlite:203 - Set database path to: C:\Users\ECA1WX\.stmcufinder\plugins\mcufinder//mcu/cs/
2024-07-25 21:54:15,388 [INFO] MainPanel:264 - HeapMemory: 268435456
2024-07-25 21:54:15,486 [INFO] DbMcusXml:78 - Set database path to: C:\my_workspace\my_software\stm32cubeide\STM32CubeIDE_1.14.1\STM32CubeIDE\plugins\com.st.stm32cube.common.mx_6.10.0.202311202037\\db\/mcu/
2024-07-25 21:54:15,487 [INFO] ApiDb:274 - Set plugin database path to: C:\my_workspace\my_software\stm32cubeide\STM32CubeIDE_1.14.1\STM32CubeIDE\plugins\com.st.stm32cube.common.mx_6.10.0.202311202037\\db\/plugins/boardmanager/
2024-07-25 21:54:15,487 [INFO] ApiDb:261 - Set plugin images path to: C:\my_workspace\my_software\stm32cubeide\STM32CubeIDE_1.14.1\STM32CubeIDE\plugins\com.st.stm32cube.common.mx_6.10.0.202311202037\\db\/plugins/mcufinder/images/
2024-07-25 21:54:15,487 [WARN] DbFile:41 - Overriding database path with different value: C:\Users\ECA1WX\.stmcufinder\plugins\mcufinder/ => C:\Users\ECA1WX\.stmcufinder\plugins\mcufinder
2024-07-25 21:54:15,487 [INFO] ApiDb:250 - Set database path to: C:\Users\ECA1WX\.stmcufinder\plugins\mcufinder//mcu/
2024-07-25 21:54:15,487 [WARN] DbFile:41 - Overriding database path with different value: C:\Users\ECA1WX\.stmcufinder\plugins\mcufinder/ => C:\Users\ECA1WX\.stmcufinder\plugins\mcufinder
2024-07-25 21:54:15,487 [INFO] DbMcusAds:125 - Set database path to: C:\Users\ECA1WX\.stmcufinder\plugins\mcufinder//mcu/
2024-07-25 21:54:15,487 [WARN] DbFile:41 - Overriding database path with different value: C:\Users\ECA1WX\.stmcufinder\plugins\mcufinder/ => C:\Users\ECA1WX\.stmcufinder\plugins\mcufinder
2024-07-25 21:54:15,487 [WARN] DbFile:41 - Overriding database path with different value: C:\Users\ECA1WX\.stmcufinder\plugins\mcufinder/ => C:\Users\ECA1WX\.stmcufinder\plugins\mcufinder
2024-07-25 21:54:15,488 [INFO] CrossReferenceDbSqlite:203 - Set database path to: C:\Users\ECA1WX\.stmcufinder\plugins\mcufinder//mcu/cs/
2024-07-25 21:54:15,509 [INFO] ApplicationProperties:184 - Using Application install path: C:\my_workspace\my_software\stm32cubeide\STM32CubeIDE_1.14.1\STM32CubeIDE\plugins\com.st.stm32cube.common.mx_6.10.0.202311202037
2024-07-25 21:54:15,511 [INFO] PluginManage:196 - Search for loadable plugins [exclusion list=, ]
2024-07-25 21:54:15,513 [INFO] PluginManage:310 - Check plugin analytics
2024-07-25 21:54:15,738 [INFO] AnalyticsPlugin:253 - Accepted Software Licenses: 
2024-07-25 21:54:15,738 [INFO] AnalyticsPlugin:255 - Accepted CMSIS Pack Licenses: 
2024-07-25 21:54:15,738 [INFO] AnalyticsPlugin:257 - Accepted Firmware Licenses: FW.F7.1.17.0
2024-07-25 21:54:15,742 [INFO] PluginManage:359 - Loaded plugin analytics (category:tool,tabindex:-1)
2024-07-25 21:54:15,744 [INFO] PluginManage:310 - Check plugin cadmodel
2024-07-25 21:54:15,786 [INFO] CADModel:105 - Init CAD model plugin
2024-07-25 21:54:15,786 [INFO] PluginManage:359 - Loaded plugin cadmodel (category:power,tabindex:5)
2024-07-25 21:54:15,786 [INFO] PluginManage:310 - Check plugin clock
2024-07-25 21:54:15,811 [INFO] PluginManage:359 - Loaded plugin clock (category:base,tabindex:2)
2024-07-25 21:54:15,811 [INFO] PluginManage:310 - Check plugin ddr
2024-07-25 21:54:15,814 [INFO] PluginManage:359 - Loaded plugin ddr (category:tool,tabindex:6)
2024-07-25 21:54:15,815 [INFO] PluginManage:310 - Check plugin filemanager
2024-07-25 21:54:15,991 [INFO] PluginManage:359 - Loaded plugin filemanager (category:base,tabindex:10)
2024-07-25 21:54:15,992 [INFO] PluginManage:310 - Check plugin ipmanager
2024-07-25 21:54:16,003 [INFO] PluginManage:359 - Loaded plugin ipmanager (category:base,tabindex:5)
2024-07-25 21:54:16,003 [INFO] PluginManage:310 - Check plugin lpbam
2024-07-25 21:54:16,021 [INFO] PluginManage:359 - Loaded plugin lpbam (category:base,tabindex:0)
2024-07-25 21:54:16,021 [INFO] PluginManage:310 - Check plugin memorymap
2024-07-25 21:54:16,044 [INFO] PluginManage:359 - Loaded plugin memorymap (category:base,tabindex:4)
2024-07-25 21:54:16,044 [INFO] PluginManage:310 - Check plugin pinoutandconfiguration
2024-07-25 21:54:16,062 [INFO] PluginManage:359 - Loaded plugin pinoutandconfiguration (category:base,tabindex:1)
2024-07-25 21:54:16,062 [INFO] PluginManage:310 - Check plugin pinoutconfig
2024-07-25 21:54:16,215 [WARN] SupportedApi:132 - Cannot load RTOS API schema: s4s-elt-must-match.1: The content of 'definitions' must match (annotation?, (simpleType | complexType)?, (unique | key | keyref)*)). A problem was found starting at: attribute.
2024-07-25 21:54:16,415 [INFO] PluginManage:359 - Loaded plugin pinoutconfig (category:base,tabindex:0)
2024-07-25 21:54:16,416 [INFO] PluginManage:310 - Check plugin power
2024-07-25 21:54:16,621 [INFO] PluginManage:359 - Loaded plugin power (category:power,tabindex:4)
2024-07-25 21:54:16,621 [INFO] PluginManage:310 - Check plugin projectmanager
2024-07-25 21:54:16,656 [INFO] PluginManage:359 - Loaded plugin projectmanager (category:projectmanager,tabindex:3)
2024-07-25 21:54:16,656 [INFO] PluginManage:310 - Check plugin thirdparty
2024-07-25 21:54:16,921 [INFO] PluginManage:359 - Loaded plugin thirdparty (category:base,tabindex:-1)
2024-07-25 21:54:16,921 [WARN] IntegrityCheckThread:84 - waiting for thirdparty lock release [integrity check]
2024-07-25 21:54:16,922 [INFO] PluginManage:310 - Check plugin tools
2024-07-25 21:54:16,922 [INFO] IntegrityCheckThread:86 - entering critical section [integrity check]
2024-07-25 21:54:16,922 [INFO] ThirdPartyUpdaterWithRetryManager:70 - Updater plugin not ready yet. [1/15]
2024-07-25 21:54:16,940 [INFO] PluginManage:359 - Loaded plugin tools (category:base,tabindex:7)
2024-07-25 21:54:16,940 [INFO] PluginManage:310 - Check plugin tutovideos
2024-07-25 21:54:17,266 [INFO] PluginManage:359 - Loaded plugin tutovideos (category:base,tabindex:-1)
2024-07-25 21:54:17,266 [INFO] PluginManage:310 - Check plugin updater
2024-07-25 21:54:17,281 [INFO] PluginManage:359 - Loaded plugin updater (category:base,tabindex:12)
2024-07-25 21:54:17,281 [INFO] PluginManage:310 - Check plugin userauth
2024-07-25 21:54:17,290 [INFO] UserAuth:114 - Init User Auth plugin
2024-07-25 21:54:17,290 [INFO] PluginManage:359 - Loaded plugin userauth (category:base,tabindex:14)
2024-07-25 21:54:17,291 [INFO] PluginManage:283 - PluginManage : Loaded plugins [17]
2024-07-25 21:54:17,736 [INFO] PinOutPanel:1499 - setPackage(No Configuration,No Configuration)
2024-07-25 21:54:17,856 [INFO] CADModel:165 - CPN selected for project level
2024-07-25 21:54:17,856 [INFO] CADModel:114 - Register for checkConnection events
2024-07-25 21:54:17,894 [INFO] IPUIPlugin:80 - create IPUIPlugin
2024-07-25 21:54:17,894 [INFO] PluginManager:220 - loadIPPluginJar : add adc
2024-07-25 21:54:17,921 [INFO] IPUIPlugin:80 - create IPUIPlugin
2024-07-25 21:54:17,921 [INFO] PluginManager:220 - loadIPPluginJar : add aes
2024-07-25 21:54:17,938 [INFO] IPUIPlugin:80 - create IPUIPlugin
2024-07-25 21:54:17,939 [INFO] PluginManager:220 - loadIPPluginJar : add can
2024-07-25 21:54:17,949 [INFO] IPUIPlugin:80 - create IPUIPlugin
2024-07-25 21:54:17,949 [INFO] PluginManager:220 - loadIPPluginJar : add comp
2024-07-25 21:54:17,959 [INFO] IPUIPlugin:80 - create IPUIPlugin
2024-07-25 21:54:17,960 [INFO] PluginManager:220 - loadIPPluginJar : add cryp
2024-07-25 21:54:17,971 [INFO] IPUIPlugin:80 - create IPUIPlugin
2024-07-25 21:54:17,971 [INFO] PluginManager:220 - loadIPPluginJar : add dfsdm
2024-07-25 21:54:17,987 [INFO] IPUIPlugin:80 - create IPUIPlugin
2024-07-25 21:54:17,987 [INFO] PluginManager:220 - loadIPPluginJar : add dma
2024-07-25 21:54:17,995 [INFO] IPUIPlugin:80 - create IPUIPlugin
2024-07-25 21:54:17,995 [INFO] PluginManager:220 - loadIPPluginJar : add dma3
2024-07-25 21:54:18,006 [INFO] IPUIPlugin:80 - create IPUIPlugin
2024-07-25 21:54:18,006 [INFO] PluginManager:220 - loadIPPluginJar : add fatfs
2024-07-25 21:54:18,020 [INFO] IPUIPlugin:80 - create IPUIPlugin
2024-07-25 21:54:18,020 [INFO] PluginManager:220 - loadIPPluginJar : add fmc
2024-07-25 21:54:18,036 [INFO] IPUIPlugin:80 - create IPUIPlugin
2024-07-25 21:54:18,036 [INFO] PluginManager:220 - loadIPPluginJar : add freertos
2024-07-25 21:54:18,045 [INFO] IPUIPlugin:80 - create IPUIPlugin
2024-07-25 21:54:18,045 [INFO] PluginManager:220 - loadIPPluginJar : add genericplugin
2024-07-25 21:54:18,061 [INFO] IPUIPlugin:80 - create IPUIPlugin
2024-07-25 21:54:18,061 [INFO] PluginManager:220 - loadIPPluginJar : add gfxmmu
2024-07-25 21:54:18,077 [INFO] IPUIPlugin:80 - create IPUIPlugin
2024-07-25 21:54:18,077 [INFO] PluginManager:220 - loadIPPluginJar : add gic
2024-07-25 21:54:18,097 [INFO] IPUIPlugin:80 - create IPUIPlugin
2024-07-25 21:54:18,098 [INFO] PluginManager:220 - loadIPPluginJar : add gpio
2024-07-25 21:54:18,117 [INFO] IPUIPlugin:80 - create IPUIPlugin
2024-07-25 21:54:18,117 [INFO] PluginManager:220 - loadIPPluginJar : add gtzc
2024-07-25 21:54:18,129 [INFO] IPUIPlugin:80 - create IPUIPlugin
2024-07-25 21:54:18,129 [INFO] PluginManager:220 - loadIPPluginJar : add hash
2024-07-25 21:54:18,147 [INFO] IPUIPlugin:80 - create IPUIPlugin
2024-07-25 21:54:18,147 [INFO] PluginManager:220 - loadIPPluginJar : add i2c
2024-07-25 21:54:18,159 [INFO] IPUIPlugin:80 - create IPUIPlugin
2024-07-25 21:54:18,159 [INFO] PluginManager:220 - loadIPPluginJar : add i2s
2024-07-25 21:54:18,176 [INFO] IPUIPlugin:80 - create IPUIPlugin
2024-07-25 21:54:18,176 [INFO] PluginManager:220 - loadIPPluginJar : add i3c
2024-07-25 21:54:18,188 [INFO] IPUIPlugin:80 - create IPUIPlugin
2024-07-25 21:54:18,188 [INFO] PluginManager:220 - loadIPPluginJar : add ipddr
2024-07-25 21:54:18,209 [INFO] IPUIPlugin:80 - create IPUIPlugin
2024-07-25 21:54:18,209 [INFO] PluginManager:220 - loadIPPluginJar : add linkedlist
2024-07-25 21:54:18,222 [INFO] IPUIPlugin:80 - create IPUIPlugin
2024-07-25 21:54:18,222 [INFO] PluginManager:220 - loadIPPluginJar : add lorawan
2024-07-25 21:54:18,229 [INFO] IPUIPlugin:80 - create IPUIPlugin
2024-07-25 21:54:18,230 [INFO] PluginManager:220 - loadIPPluginJar : add ltdc
2024-07-25 21:54:18,242 [INFO] IPUIPlugin:80 - create IPUIPlugin
2024-07-25 21:54:18,243 [INFO] PluginManager:220 - loadIPPluginJar : add mdma
2024-07-25 21:54:18,254 [INFO] IPUIPlugin:80 - create IPUIPlugin
2024-07-25 21:54:18,254 [INFO] PluginManager:220 - loadIPPluginJar : add nvic
2024-07-25 21:54:18,264 [INFO] IPUIPlugin:80 - create IPUIPlugin
2024-07-25 21:54:18,264 [INFO] PluginManager:220 - loadIPPluginJar : add opamp
2024-07-25 21:54:18,274 [INFO] IPUIPlugin:80 - create IPUIPlugin
2024-07-25 21:54:18,274 [INFO] PluginManager:220 - loadIPPluginJar : add openamp
2024-07-25 21:54:18,285 [INFO] IPUIPlugin:80 - create IPUIPlugin
2024-07-25 21:54:18,285 [INFO] PluginManager:220 - loadIPPluginJar : add pdm2pcm
2024-07-25 21:54:18,297 [INFO] IPUIPlugin:80 - create IPUIPlugin
2024-07-25 21:54:18,299 [INFO] PluginManager:220 - loadIPPluginJar : add plateformsettings
2024-07-25 21:54:18,306 [INFO] IPUIPlugin:80 - create IPUIPlugin
2024-07-25 21:54:18,307 [INFO] PluginManager:220 - loadIPPluginJar : add quadspi
2024-07-25 21:54:18,320 [INFO] IPUIPlugin:80 - create IPUIPlugin
2024-07-25 21:54:18,320 [INFO] PluginManager:220 - loadIPPluginJar : add resmgrutility
2024-07-25 21:54:18,329 [INFO] IPUIPlugin:80 - create IPUIPlugin
2024-07-25 21:54:18,329 [INFO] PluginManager:220 - loadIPPluginJar : add sai
2024-07-25 21:54:18,338 [INFO] IPUIPlugin:80 - create IPUIPlugin
2024-07-25 21:54:18,338 [INFO] PluginManager:220 - loadIPPluginJar : add spi
2024-07-25 21:54:18,348 [INFO] IPUIPlugin:80 - create IPUIPlugin
2024-07-25 21:54:18,349 [INFO] PluginManager:220 - loadIPPluginJar : add stm32_wpan
2024-07-25 21:54:18,356 [INFO] IPUIPlugin:80 - create IPUIPlugin
2024-07-25 21:54:18,356 [INFO] PluginManager:220 - loadIPPluginJar : add tim
2024-07-25 21:54:18,364 [INFO] IPUIPlugin:80 - create IPUIPlugin
2024-07-25 21:54:18,364 [INFO] PluginManager:220 - loadIPPluginJar : add touchsensing
2024-07-25 21:54:18,375 [INFO] IPUIPlugin:80 - create IPUIPlugin
2024-07-25 21:54:18,375 [INFO] PluginManager:220 - loadIPPluginJar : add tracer_emb
2024-07-25 21:54:18,384 [INFO] IPUIPlugin:80 - create IPUIPlugin
2024-07-25 21:54:18,385 [INFO] PluginManager:220 - loadIPPluginJar : add ts
2024-07-25 21:54:18,392 [INFO] IPUIPlugin:80 - create IPUIPlugin
2024-07-25 21:54:18,392 [INFO] PluginManager:220 - loadIPPluginJar : add tsc
2024-07-25 21:54:18,398 [INFO] IPUIPlugin:80 - create IPUIPlugin
2024-07-25 21:54:18,398 [INFO] PluginManager:220 - loadIPPluginJar : add ucpd
2024-07-25 21:54:18,406 [INFO] IPUIPlugin:80 - create IPUIPlugin
2024-07-25 21:54:18,406 [INFO] PluginManager:220 - loadIPPluginJar : add usart
2024-07-25 21:54:18,416 [INFO] IPUIPlugin:80 - create IPUIPlugin
2024-07-25 21:54:18,416 [INFO] PluginManager:220 - loadIPPluginJar : add usbx
2024-07-25 21:54:18,587 [INFO] CADModel:165 - CPN selected for project level
2024-07-25 21:54:18,587 [INFO] CADModel:114 - Register for checkConnection events
2024-07-25 21:54:18,587 [FATAL] Updater:308 - Updater called before beeing initialized
2024-07-25 21:54:18,588 [ERROR] CADModel:125 - Updater not yet initialized, retry later 
2024-07-25 21:54:18,817 [INFO] CADModel:165 - CPN selected for project level
2024-07-25 21:54:18,817 [INFO] CADModel:114 - Register for checkConnection events
2024-07-25 21:54:18,818 [FATAL] Updater:308 - Updater called before beeing initialized
2024-07-25 21:54:18,818 [ERROR] CADModel:125 - Updater not yet initialized, retry later 
2024-07-25 21:54:18,822 [FATAL] Updater:308 - Updater called before beeing initialized
2024-07-25 21:54:19,056 [FATAL] Updater:308 - Updater called before beeing initialized
2024-07-25 21:54:19,062 [INFO] DbMcusAds:53 - JSON generation date=Thu Sep 30 14:55:09 CST 2021 (1632984909247)
2024-07-25 21:54:19,062 [FATAL] Updater:308 - Updater called before beeing initialized
2024-07-25 21:54:19,160 [WARN] DetailPanel:346 - Failed to get advertising image, set to default
2024-07-25 21:54:19,263 [FATAL] Updater:308 - Updater called before beeing initialized
2024-07-25 21:54:19,265 [FATAL] Updater:308 - Updater called before beeing initialized
2024-07-25 21:54:19,265 [FATAL] Updater:308 - Updater called before beeing initialized
2024-07-25 21:54:19,265 [WARN] DetailPanel:346 - Failed to get advertising image, set to default
2024-07-25 21:54:19,267 [FATAL] Updater:308 - Updater called before beeing initialized
2024-07-25 21:54:19,341 [ERROR] Updater:1120 - MainUpdater not yet initialized. External WinMGr cannot be set.
2024-07-25 21:54:19,349 [INFO] Updater:1056 - Updater Version found : 6.10.0
2024-07-25 21:54:19,415 [INFO] ApplicationProperties:184 - Using Application install path: C:\my_workspace\my_software\stm32cubeide\STM32CubeIDE_1.14.1\STM32CubeIDE\plugins\com.st.stm32cube.common.mx_6.10.0.202311202037
2024-07-25 21:54:19,925 [INFO] ThirdPartyUpdaterWithRetryManager:70 - Updater plugin not ready yet. [2/15]
2024-07-25 21:54:21,064 [ERROR] LogOutputStream:75 - [STDERR_REDIRECT] Jul 25, 2024 9:54:21 PM java.util.prefs.WindowsPreferences <init>
2024-07-25 21:54:21,067 [ERROR] LogOutputStream:75 - [STDERR_REDIRECT] WARNING: Could not open/create prefs root node Software\JavaSoft\Prefs at root 0xffffffff80000002. Windows RegCreateKeyEx(...) returned error code 5.
2024-07-25 21:54:21,068 [ERROR] LogOutputStream:75 - [STDERR_REDIRECT] 
2024-07-25 21:54:22,318 [INFO] MainUpdater:2873 - connection check result : 10
2024-07-25 21:54:22,319 [INFO] MainUpdater:3567 - Updater definition file requires update
2024-07-25 21:54:22,321 [INFO] MainUpdater:290 - Updater Check For Update Now.
2024-07-25 21:54:22,321 [INFO] MicroXplorer:498 - Change Database Version : DB.6.0.100
2024-07-25 21:54:22,341 [INFO] McuFinderGlobals:63 - Set McuFinder mode to 2 (CubeIDE integrated)
2024-07-25 21:54:22,342 [INFO] UserAuth:180 - activating auth plugin
2024-07-25 21:54:22,346 [INFO] UserAuth:404 - Internet connection configuration mode: 1
2024-07-25 21:54:22,370 [INFO] JxBrowserEngine:152 - Initiate JxBrowser Engine with user profile folder
2024-07-25 21:54:22,664 [INFO] ServerAccessManage:473 - Download File updaters.zip
2024-07-25 21:54:22,926 [WARN] MainUpdater:1194 - Updater busy. Cannot search thirdparties
2024-07-25 21:54:22,926 [INFO] ThirdPartyUpdaterWithRetryManager:96 - Updater plugin is busy. [1/15]
2024-07-25 21:54:23,426 [INFO] FileExtend:240 - Unzip File : updaters.zip
2024-07-25 21:54:23,426 [INFO] FileExtend:255 - Standard Zip Deflate
2024-07-25 21:54:24,702 [INFO] ServerAccessManage:473 - Download File PacksControlFlags.xml
2024-07-25 21:54:25,046 [INFO] WebApp:161 - Instantiating new browser for Auth
2024-07-25 21:54:25,148 [INFO] ServerAccessManage:473 - Download File cubemx.pidx
2024-07-25 21:54:25,928 [WARN] MainUpdater:1194 - Updater busy. Cannot search thirdparties
2024-07-25 21:54:25,928 [INFO] ThirdPartyUpdaterWithRetryManager:96 - Updater plugin is busy. [2/15]
2024-07-25 21:54:25,986 [INFO] WebApp:780 - Register for checkConnection events
2024-07-25 21:54:25,986 [INFO] WebApp:414 - Apply proxy settings
2024-07-25 21:54:25,988 [INFO] WebApp:499 - Chromium requires no authentication
2024-07-25 21:54:26,000 [INFO] WebApp:442 - Direct internet connection detected
2024-07-25 21:54:26,247 [INFO] WebApp:192 - Starting web application
2024-07-25 21:54:26,247 [INFO] WebApp:544 - Web application path used C:\my_workspace\my_software\stm32cubeide\STM32CubeIDE_1.14.1\STM32CubeIDE\plugins\com.st.stm32cube.common.mx_6.10.0.202311202037\db\plugins\mcufinder\reactClient1\index.html
2024-07-25 21:54:26,298 [INFO] ServerAccessManage:473 - Download File STMicroelectronics.FP-SNS-STBOX1.pdsc
2024-07-25 21:54:28,241 [INFO] ServerAccessManage:473 - Download File STMicroelectronics.X-CUBE-TOF1.pdsc
2024-07-25 21:54:28,930 [WARN] MainUpdater:1194 - Updater busy. Cannot search thirdparties
2024-07-25 21:54:28,930 [INFO] ThirdPartyUpdaterWithRetryManager:96 - Updater plugin is busy. [3/15]
2024-07-25 21:54:31,933 [WARN] MainUpdater:1194 - Updater busy. Cannot search thirdparties
2024-07-25 21:54:31,933 [INFO] ThirdPartyUpdaterWithRetryManager:96 - Updater plugin is busy. [4/15]
2024-07-25 21:54:34,935 [WARN] MainUpdater:1194 - Updater busy. Cannot search thirdparties
2024-07-25 21:54:34,935 [INFO] ThirdPartyUpdaterWithRetryManager:96 - Updater plugin is busy. [5/15]
2024-07-25 21:54:35,672 [ERROR] ServerAccessManage:1089 - Problem, file not found on Server
2024-07-25 21:54:37,936 [WARN] MainUpdater:1194 - Updater busy. Cannot search thirdparties
2024-07-25 21:54:37,936 [INFO] ThirdPartyUpdaterWithRetryManager:96 - Updater plugin is busy. [6/15]
2024-07-25 21:54:40,937 [WARN] MainUpdater:1194 - Updater busy. Cannot search thirdparties
2024-07-25 21:54:40,937 [INFO] ThirdPartyUpdaterWithRetryManager:96 - Updater plugin is busy. [7/15]
2024-07-25 21:54:42,592 [ERROR] ServerAccessManage:1131 - HTTP unexpected response (418) for https://www.weston-embedded.com/stm_packages/WES.I-CUBE-Cesium.pdsc
2024-07-25 21:54:42,594 [ERROR] ServerAccessManage:651 - Error during Access to HTTP Server. : WES.I-CUBE-Cesium.pdsc.
2024-07-25 21:54:42,790 [WARN] PackLoader:240 - Cannot read IP mode file for STMicroelectronics.FP-SNS-STBOX1.2.0.0
2024-07-25 21:54:42,825 [WARN] PackLoader:240 - Cannot read IP mode file for STMicroelectronics.X-CUBE-TOF1.3.4.2
2024-07-25 21:54:42,841 [INFO] PopulateThirdPartyThread:66 - Ending populate Thread
2024-07-25 21:54:42,842 [INFO] ThirdParty:1030 - CMSIS Pack Vendor :STMicroelectronics FP-SNS-STBOX1 2.0.0
2024-07-25 21:54:42,842 [INFO] ThirdParty:1030 - CMSIS Pack Vendor :STMicroelectronics X-CUBE-TOF1 3.4.2
2024-07-25 21:54:42,842 [INFO] LoadServerUpdatesThread:375 - End of LoadServerUpdate Thread
2024-07-25 21:54:42,898 [INFO] CheckServerUpdateThread:120 - End of CheckServer Thread
2024-07-25 21:54:44,359 [WARN] PackLoader:240 - Cannot read IP mode file for STMicroelectronics.FP-SNS-MOTENVWB1.1.4.0
2024-07-25 21:54:44,376 [WARN] PackLoader:240 - Cannot read IP mode file for STMicroelectronics.X-CUBE-SMBUS.2.1.0
2024-07-25 21:54:44,388 [WARN] PackLoader:240 - Cannot read IP mode file for STMicroelectronics.X-CUBE-TOUCHGFX.4.23.1
2024-07-25 21:54:44,392 [WARN] PackLoader:240 - Cannot read IP mode file for STMicroelectronics.X-CUBE-TOUCHGFX.4.23.0
2024-07-25 21:54:44,396 [WARN] PackLoader:240 - Cannot read IP mode file for STMicroelectronics.X-CUBE-TOUCHGFX.4.23.2
2024-07-25 21:54:44,431 [WARN] PackLoader:240 - Cannot read IP mode file for STMicroelectronics.X-CUBE-AZRTOS-F7.1.1.0
2024-07-25 21:54:44,446 [WARN] PackLoader:240 - Cannot read IP mode file for STMicroelectronics.FP-SNS-MOTENV1.4.3.2
2024-07-25 21:54:44,457 [WARN] PackLoader:240 - Cannot read IP mode file for STMicroelectronics.FP-SNS-FLIGHT1.5.0.2
2024-07-25 21:54:44,468 [WARN] PackLoader:240 - Cannot read IP mode file for STMicroelectronics.X-CUBE-DISPLAY.3.0.0
2024-07-25 21:54:44,483 [WARN] PackLoader:240 - Cannot read IP mode file for STMicroelectronics.X-CUBE-BLE1.7.0.0
2024-07-25 21:54:44,493 [WARN] PackLoader:240 - Cannot read IP mode file for emotas.I-CUBE-CANOPEN.1.3.0
2024-07-25 21:54:44,500 [WARN] PackLoader:240 - Cannot read IP mode file for STMicroelectronics.FP-SNS-SMARTAG2.1.2.0
2024-07-25 21:54:44,516 [INFO] LogOutputStream:77 - [STDOUT_REDIRECT] 1 : Invalid condition id : UX_CORESTACK_Condition cause : null
2024-07-25 21:54:44,516 [INFO] LogOutputStream:77 - [STDOUT_REDIRECT] 1 : Invalid condition id : UX_CORESTACK_Condition cause : null
2024-07-25 21:54:44,517 [INFO] LogOutputStream:77 - [STDOUT_REDIRECT] 1 : Invalid condition id : UX_CORESTACK_Condition cause : null
2024-07-25 21:54:44,518 [INFO] LogOutputStream:77 - [STDOUT_REDIRECT] 1 : Invalid condition id : UX_CORESTACK_Condition cause : null
2024-07-25 21:54:44,519 [INFO] LogOutputStream:77 - [STDOUT_REDIRECT] 1 : Invalid condition id : UX_CORESTACK_Condition cause : null
2024-07-25 21:54:44,524 [WARN] PackLoader:240 - Cannot read IP mode file for STMicroelectronics.X-CUBE-AZRTOS-WL.2.0.0
2024-07-25 21:54:44,530 [WARN] PackLoader:240 - Cannot read IP mode file for STMicroelectronics.FP-SNS-MOTENV1.5.0.0
2024-07-25 21:54:44,542 [WARN] PackLoader:240 - Cannot read IP mode file for wolfSSL.I-CUBE-wolfMQTT.1.19.0
2024-07-25 21:54:44,550 [WARN] PackLoader:240 - Cannot read IP mode file for STMicroelectronics.X-CUBE-BLE2.3.3.0
2024-07-25 21:54:44,560 [WARN] PackLoader:240 - Cannot read IP mode file for STMicroelectronics.X-CUBE-TCPP.4.1.0
2024-07-25 21:54:44,570 [WARN] PackLoader:240 - Cannot read IP mode file for STMicroelectronics.X-CUBE-ALGOBUILD.1.3.0
2024-07-25 21:54:44,592 [WARN] PackLoader:240 - Cannot read IP mode file for STMicroelectronics.X-CUBE-AZRTOS-G0.1.1.0
2024-07-25 21:54:44,602 [WARN] PackLoader:240 - Cannot read IP mode file for STMicroelectronics.X-CUBE-SAFEA1.1.2.2
2024-07-25 21:54:44,611 [WARN] PackLoader:240 - Cannot read IP mode file for STMicroelectronics.X-CUBE-NFC4.3.0.0
2024-07-25 21:54:44,630 [WARN] PackLoader:240 - Cannot read IP mode file for EmbeddedOffice.I-CUBE-FS-RTOS.1.0.1
2024-07-25 21:54:44,630 [ERROR] ConditionMgr:805 - Attr not supported : Dmpu
2024-07-25 21:54:44,630 [ERROR] ConditionMgr:805 - Attr not supported : Dmpu
2024-07-25 21:54:44,631 [ERROR] ConditionMgr:805 - Attr not supported : Dmpu
2024-07-25 21:54:44,631 [ERROR] ConditionMgr:805 - Attr not supported : Dmpu
2024-07-25 21:54:44,631 [ERROR] ConditionMgr:805 - Attr not supported : Dmpu
2024-07-25 21:54:44,631 [ERROR] ConditionMgr:805 - Attr not supported : Dmpu
2024-07-25 21:54:44,631 [ERROR] ConditionMgr:805 - Attr not supported : Dmpu
2024-07-25 21:54:44,631 [ERROR] ConditionMgr:805 - Attr not supported : Dmpu
2024-07-25 21:54:44,631 [ERROR] ConditionMgr:805 - Attr not supported : Dmpu
2024-07-25 21:54:44,631 [ERROR] ConditionMgr:805 - Attr not supported : Dmpu
2024-07-25 21:54:44,631 [ERROR] ConditionMgr:805 - Attr not supported : Dmpu
2024-07-25 21:54:44,631 [ERROR] ConditionMgr:805 - Attr not supported : Dmpu
2024-07-25 21:54:44,631 [ERROR] ConditionMgr:805 - Attr not supported : Dmpu
2024-07-25 21:54:44,631 [ERROR] ConditionMgr:805 - Attr not supported : Dmpu
2024-07-25 21:54:44,631 [ERROR] ConditionMgr:805 - Attr not supported : Dmpu
2024-07-25 21:54:44,631 [ERROR] ConditionMgr:805 - Attr not supported : Dmpu
2024-07-25 21:54:44,631 [ERROR] ConditionMgr:805 - Attr not supported : Dmpu
2024-07-25 21:54:44,632 [ERROR] ConditionMgr:805 - Attr not supported : Dmpu
2024-07-25 21:54:44,632 [ERROR] ConditionMgr:805 - Attr not supported : Dmpu
2024-07-25 21:54:44,632 [ERROR] ConditionMgr:805 - Attr not supported : Dmpu
2024-07-25 21:54:44,632 [ERROR] ConditionMgr:805 - Attr not supported : Dmpu
2024-07-25 21:54:44,632 [ERROR] ConditionMgr:805 - Attr not supported : Dmpu
2024-07-25 21:54:44,632 [ERROR] ConditionMgr:805 - Attr not supported : Dmpu
2024-07-25 21:54:44,632 [ERROR] ConditionMgr:805 - Attr not supported : Dmpu
2024-07-25 21:54:44,632 [ERROR] ConditionMgr:805 - Attr not supported : Dmpu
2024-07-25 21:54:44,632 [ERROR] ConditionMgr:805 - Attr not supported : Dmpu
2024-07-25 21:54:44,632 [ERROR] ConditionMgr:805 - Attr not supported : Dmpu
2024-07-25 21:54:44,632 [ERROR] ConditionMgr:805 - Attr not supported : Dmpu
2024-07-25 21:54:44,632 [ERROR] ConditionMgr:805 - Attr not supported : Dmpu
2024-07-25 21:54:44,632 [ERROR] ConditionMgr:805 - Attr not supported : Dmpu
2024-07-25 21:54:44,632 [ERROR] ConditionMgr:805 - Attr not supported : Dmpu
2024-07-25 21:54:44,634 [ERROR] ConditionMgr:805 - Attr not supported : Dmpu
2024-07-25 21:54:44,634 [ERROR] ConditionMgr:805 - Attr not supported : Dmpu
2024-07-25 21:54:44,634 [ERROR] ConditionMgr:805 - Attr not supported : Dmpu
2024-07-25 21:54:44,634 [ERROR] ConditionMgr:805 - Attr not supported : Dmpu
2024-07-25 21:54:44,634 [ERROR] ConditionMgr:805 - Attr not supported : Dmpu
2024-07-25 21:54:44,634 [ERROR] ConditionMgr:805 - Attr not supported : Dmpu
2024-07-25 21:54:44,634 [ERROR] ConditionMgr:805 - Attr not supported : Dmpu
2024-07-25 21:54:44,634 [ERROR] ConditionMgr:805 - Attr not supported : Dmpu
2024-07-25 21:54:44,634 [ERROR] ConditionMgr:805 - Attr not supported : Dmpu
2024-07-25 21:54:44,635 [ERROR] ConditionMgr:805 - Attr not supported : Dmpu
2024-07-25 21:54:44,635 [ERROR] ConditionMgr:805 - Attr not supported : Dmpu
2024-07-25 21:54:44,635 [ERROR] ConditionMgr:805 - Attr not supported : Dmpu
2024-07-25 21:54:44,635 [ERROR] ConditionMgr:805 - Attr not supported : Dmpu
2024-07-25 21:54:44,635 [ERROR] ConditionMgr:805 - Attr not supported : Dmpu
2024-07-25 21:54:44,635 [ERROR] ConditionMgr:805 - Attr not supported : Dmpu
2024-07-25 21:54:44,635 [ERROR] ConditionMgr:805 - Attr not supported : Dmpu
2024-07-25 21:54:44,635 [ERROR] ConditionMgr:805 - Attr not supported : Dmpu
2024-07-25 21:54:44,635 [ERROR] ConditionMgr:805 - Attr not supported : Dmpu
2024-07-25 21:54:44,636 [ERROR] ConditionMgr:805 - Attr not supported : Dmpu
2024-07-25 21:54:44,636 [ERROR] ConditionMgr:805 - Attr not supported : Dmpu
2024-07-25 21:54:44,636 [ERROR] ConditionMgr:805 - Attr not supported : Dmpu
2024-07-25 21:54:44,636 [ERROR] ConditionMgr:805 - Attr not supported : Dmpu
2024-07-25 21:54:44,636 [ERROR] ConditionMgr:805 - Attr not supported : Dmpu
2024-07-25 21:54:44,636 [ERROR] ConditionMgr:805 - Attr not supported : Dmpu
2024-07-25 21:54:44,636 [ERROR] ConditionMgr:805 - Attr not supported : Dmpu
2024-07-25 21:54:44,636 [ERROR] ConditionMgr:805 - Attr not supported : Dmpu
2024-07-25 21:54:44,637 [ERROR] ConditionMgr:805 - Attr not supported : Dmpu
2024-07-25 21:54:44,637 [ERROR] ConditionMgr:805 - Attr not supported : Dmpu
2024-07-25 21:54:44,637 [ERROR] ConditionMgr:805 - Attr not supported : Dmpu
2024-07-25 21:54:44,637 [ERROR] ConditionMgr:805 - Attr not supported : Dmpu
2024-07-25 21:54:44,637 [ERROR] ConditionMgr:805 - Attr not supported : Dmpu
2024-07-25 21:54:44,637 [ERROR] ConditionMgr:805 - Attr not supported : Dmpu
2024-07-25 21:54:44,637 [ERROR] ConditionMgr:805 - Attr not supported : Dmpu
2024-07-25 21:54:44,648 [WARN] PackLoader:240 - Cannot read IP mode file for RealThread.X-CUBE-RT-Thread_Nano.4.1.1
2024-07-25 21:54:44,655 [WARN] PackLoader:240 - Cannot read IP mode file for STMicroelectronics.FP-ATR-SIGFOX1.3.2.0
2024-07-25 21:54:44,692 [WARN] PackLoader:240 - Cannot read IP mode file for SEGGER.I-CUBE-embOS.1.3.1
2024-07-25 21:54:44,750 [WARN] PackLoader:240 - Cannot read IP mode file for STMicroelectronics.X-CUBE-ALGOBUILD.1.4.0
2024-07-25 21:54:44,760 [WARN] PackLoader:240 - Cannot read IP mode file for STMicroelectronics.X-CUBE-GNSS1.6.0.0
2024-07-25 21:54:44,784 [WARN] PackLoader:240 - Cannot read IP mode file for STMicroelectronics.X-CUBE-AZRTOS-F4.1.1.0
2024-07-25 21:54:44,795 [WARN] PackLoader:240 - Cannot read IP mode file for STMicroelectronics.X-CUBE-FREERTOS.1.2.0
2024-07-25 21:54:44,814 [WARN] PackLoader:240 - Cannot read IP mode file for STMicroelectronics.X-CUBE-AZRTOS-L5.2.0.0
2024-07-25 21:54:44,828 [WARN] PackLoader:240 - Cannot read IP mode file for STMicroelectronics.X-CUBE-NFC6.3.1.0
2024-07-25 21:54:44,841 [WARN] PackLoader:240 - Cannot read IP mode file for ITTIA_DB.I-CUBE-ITTIADB.8.8.0
2024-07-25 21:54:44,853 [WARN] PackLoader:240 - Cannot read IP mode file for STMicroelectronics.X-CUBE-DPower.1.2.0
2024-07-25 21:54:44,861 [WARN] PackLoader:240 - Cannot read IP mode file for STMicroelectronics.X-CUBE-AI.9.0.0
2024-07-25 21:54:44,872 [WARN] PackLoader:240 - Cannot read IP mode file for STMicroelectronics.X-CUBE-NFC7.1.0.1
2024-07-25 21:54:44,880 [WARN] PackLoader:240 - Cannot read IP mode file for wolfSSL.I-CUBE-wolfTPM.3.2.0
2024-07-25 21:54:44,890 [WARN] PackLoader:240 - Cannot read IP mode file for STMicroelectronics.X-CUBE-NFC6.3.0.0
2024-07-25 21:54:44,899 [WARN] PackLoader:240 - Cannot read IP mode file for STMicroelectronics.X-CUBE-AI.8.1.0
2024-07-25 21:54:44,925 [WARN] ConditionMgr:438 - getConditionDescription Invalid condition id : LAN8742 Phy interface Condition cause : null
2024-07-25 21:54:44,926 [WARN] PackLoader:240 - Cannot read IP mode file for STMicroelectronics.X-CUBE-AZRTOS-L4.2.0.0
2024-07-25 21:54:44,927 [WARN] ConditionMgr:1039 - genDependencies : Invalid condition id : LAN8742 Phy interface Condition cause : null
2024-07-25 21:54:44,928 [WARN] ConditionMgr:1039 - genDependencies : Invalid condition id : LAN8742 Phy interface Condition cause : null
2024-07-25 21:54:44,929 [WARN] ConditionMgr:1039 - genDependencies : Invalid condition id : LAN8742 Phy interface Condition cause : null
2024-07-25 21:54:44,943 [WARN] PackLoader:240 - Cannot read IP mode file for STMicroelectronics.X-CUBE-SFXS2LP1.4.0.0
2024-07-25 21:54:44,961 [WARN] ConditionMgr:438 - getConditionDescription Invalid condition id : UX DEVICE CLASS RTOS Condition cause : null
2024-07-25 21:54:44,962 [WARN] ConditionMgr:438 - getConditionDescription Invalid condition id : UX DEVICE CLASS RTOS Condition cause : null
2024-07-25 21:54:44,965 [WARN] PackLoader:240 - Cannot read IP mode file for STMicroelectronics.X-CUBE-AZRTOS-WB.2.0.0
2024-07-25 21:54:44,966 [WARN] ConditionMgr:1039 - genDependencies : Invalid condition id : UX DEVICE CLASS RTOS Condition cause : null
2024-07-25 21:54:44,966 [WARN] ConditionMgr:1039 - genDependencies : Invalid condition id : UX DEVICE CLASS RTOS Condition cause : null
2024-07-25 21:54:44,967 [WARN] ConditionMgr:1039 - genDependencies : Invalid condition id : UX DEVICE CLASS RTOS Condition cause : null
2024-07-25 21:54:44,967 [WARN] ConditionMgr:1039 - genDependencies : Invalid condition id : UX DEVICE CLASS RTOS Condition cause : null
2024-07-25 21:54:44,967 [WARN] ConditionMgr:1039 - genDependencies : Invalid condition id : UX DEVICE CLASS RTOS Condition cause : null
2024-07-25 21:54:44,976 [WARN] PackLoader:240 - Cannot read IP mode file for STMicroelectronics.FP-SNS-STBOX1.2.0.0
2024-07-25 21:54:44,993 [WARN] PackLoader:240 - Cannot read IP mode file for STMicroelectronics.X-CUBE-SUBG2.5.0.0
2024-07-25 21:54:45,006 [WARN] PackLoader:240 - Cannot read IP mode file for Cesanta.I-CUBE-Mongoose.7.13.0
2024-07-25 21:54:45,026 [WARN] PackLoader:240 - Cannot read IP mode file for STMicroelectronics.X-CUBE-AZRTOS-G4.2.0.0
2024-07-25 21:54:45,046 [WARN] PackLoader:240 - Cannot read IP mode file for Infineon.AIROC-Wi-Fi-Bluetooth-STM32.1.5.1
2024-07-25 21:54:45,056 [WARN] PackLoader:240 - Cannot read IP mode file for STMicroelectronics.FP-SNS-MOTENVWB1.1.3.1
2024-07-25 21:54:45,064 [WARN] PackLoader:240 - Cannot read IP mode file for STMicroelectronics.X-CUBE-ALS.1.0.2
2024-07-25 21:54:45,198 [WARN] PackLoader:240 - Cannot read IP mode file for STMicroelectronics.X-CUBE-MEMS1.10.0.0
2024-07-25 21:54:45,405 [WARN] PackLoader:240 - Cannot read IP mode file for STMicroelectronics.X-CUBE-FREERTOS.1.1.0
2024-07-25 21:54:45,410 [WARN] PackLoader:240 - Cannot read IP mode file for STMicroelectronics.X-CUBE-TOUCHGFX.4.24.0
2024-07-25 21:54:45,421 [WARN] PackLoader:240 - Cannot read IP mode file for portGmbH.I-Cube-SoM-uGOAL.1.1.0
2024-07-25 21:54:45,427 [WARN] PackLoader:240 - Cannot read IP mode file for STMicroelectronics.X-CUBE-ALS.1.0.1
2024-07-25 21:54:45,448 [WARN] PackLoader:240 - Cannot read IP mode file for STMicroelectronics.X-CUBE-AZRTOS-H7RS.1.0.0
2024-07-25 21:54:45,457 [WARN] PackLoader:240 - Cannot read IP mode file for STMicroelectronics.FP-ATR-ASTRA1.2.0.0
2024-07-25 21:54:45,473 [WARN] PackLoader:240 - Cannot read IP mode file for STMicroelectronics.X-CUBE-TOF1.3.4.2
2024-07-25 21:54:45,495 [WARN] PackLoader:240 - Cannot read IP mode file for STMicroelectronics.X-CUBE-TOF1.3.4.1
2024-07-25 21:54:45,513 [WARN] PackLoader:240 - Cannot read IP mode file for wolfSSL.I-CUBE-wolfSSH.1.4.17
2024-07-25 21:54:45,515 [INFO] ThirdParty:978 - Integrity check success = true
2024-07-25 21:54:45,515 [INFO] IntegrityCheckThread:100 - exiting critical section [integrity check]
2024-07-25 21:54:45,515 [INFO] IntegrityCheckThread:103 - End integrity checks thread
2024-07-25 21:54:47,332 [ERROR] LogOutputStream:75 - [STDERR_REDIRECT] SLF4J: Failed to load class "org.slf4j.impl.StaticLoggerBinder".
2024-07-25 21:54:47,335 [ERROR] LogOutputStream:75 - [STDERR_REDIRECT] SLF4J: Defaulting to no-operation (NOP) logger implementation
2024-07-25 21:54:47,338 [ERROR] LogOutputStream:75 - [STDERR_REDIRECT] SLF4J: See http://www.slf4j.org/codes.html#StaticLoggerBinder for further details.
2024-07-25 22:03:45,080 [ERROR] ConfigurationRetriever:142 - IOException on connection: Read timed out
2024-07-25 22:05:01,050 [ERROR] ConfigurationRetriever:142 - IOException on connection: Read timed out
2024-07-25 22:31:11,573 [ERROR] LogOutputStream:75 - [STDERR_REDIRECT] 
2024-07-25 22:31:11,574 [ERROR] LogOutputStream:75 - [STDERR_REDIRECT] 
