2024-07-31 16:58:36,015 [INFO] Activator:176 - 


2024-07-31 16:58:36,024 [INFO] Activator:177 - !SESSION log4j initialized
2024-07-31 16:58:40,117 [INFO] LogOutputStream:77 - [STDOUT_REDIRECT] 
2024-07-31 16:58:41,980 [INFO] ApplicationProperties:184 - Using Application install path: C:\my_workspace\my_software\stm32cubeide\STM32CubeIDE_1.14.1\STM32CubeIDE\plugins\com.st.stm32cube.common.mx_6.10.0.202311202037
2024-07-31 16:58:41,996 [INFO] DbMcusXml:78 - Set database path to: C:\my_workspace\my_software\stm32cubeide\STM32CubeIDE_1.14.1\STM32CubeIDE\plugins\com.st.stm32cube.common.mx_6.10.0.202311202037\\db\/mcu/
2024-07-31 16:58:41,996 [INFO] ApiDb:274 - Set plugin database path to: C:\my_workspace\my_software\stm32cubeide\STM32CubeIDE_1.14.1\STM32CubeIDE\plugins\com.st.stm32cube.common.mx_6.10.0.202311202037\\db\/plugins/boardmanager/
2024-07-31 16:58:41,996 [WARN] ApiDb:259 - Overriding images path with different value:  => C:\my_workspace\my_software\stm32cubeide\STM32CubeIDE_1.14.1\STM32CubeIDE\plugins\com.st.stm32cube.common.mx_6.10.0.202311202037\\db\/plugins/mcufinder/images/
2024-07-31 16:58:42,009 [INFO] ApiDb:250 - Set database path to: C:\Users\ECA1WX\.stmcufinder\plugins\mcufinder//mcu/
2024-07-31 16:58:42,010 [INFO] DbMcusAds:125 - Set database path to: C:\Users\ECA1WX\.stmcufinder\plugins\mcufinder//mcu/
2024-07-31 16:58:42,010 [INFO] CrossReferenceDbSqlite:203 - Set database path to: C:\Users\ECA1WX\.stmcufinder\plugins\mcufinder//mcu/cs/
2024-07-31 16:58:42,086 [INFO] RulesReader:64 - Compatibility file has been processed (297 Rules)
2024-07-31 16:58:42,166 [INFO] DbMcusXml:78 - Set database path to: C:\my_workspace\my_software\stm32cubeide\STM32CubeIDE_1.14.1\STM32CubeIDE\plugins\com.st.stm32cube.common.mx_6.10.0.202311202037\\db\/mcu/
2024-07-31 16:58:42,166 [INFO] ApiDb:274 - Set plugin database path to: C:\my_workspace\my_software\stm32cubeide\STM32CubeIDE_1.14.1\STM32CubeIDE\plugins\com.st.stm32cube.common.mx_6.10.0.202311202037\\db\/plugins/boardmanager/
2024-07-31 16:58:42,166 [INFO] ApiDb:261 - Set plugin images path to: C:\my_workspace\my_software\stm32cubeide\STM32CubeIDE_1.14.1\STM32CubeIDE\plugins\com.st.stm32cube.common.mx_6.10.0.202311202037\\db\/plugins/mcufinder/images/
2024-07-31 16:58:42,166 [WARN] DbFile:41 - Overriding database path with different value: C:\Users\ECA1WX\.stmcufinder\plugins\mcufinder/ => C:\Users\ECA1WX\.stmcufinder\plugins\mcufinder
2024-07-31 16:58:42,166 [INFO] ApiDb:250 - Set database path to: C:\Users\ECA1WX\.stmcufinder\plugins\mcufinder//mcu/
2024-07-31 16:58:42,166 [WARN] DbFile:41 - Overriding database path with different value: C:\Users\ECA1WX\.stmcufinder\plugins\mcufinder/ => C:\Users\ECA1WX\.stmcufinder\plugins\mcufinder
2024-07-31 16:58:42,167 [INFO] DbMcusAds:125 - Set database path to: C:\Users\ECA1WX\.stmcufinder\plugins\mcufinder//mcu/
2024-07-31 16:58:42,167 [WARN] DbFile:41 - Overriding database path with different value: C:\Users\ECA1WX\.stmcufinder\plugins\mcufinder/ => C:\Users\ECA1WX\.stmcufinder\plugins\mcufinder
2024-07-31 16:58:42,167 [WARN] DbFile:41 - Overriding database path with different value: C:\Users\ECA1WX\.stmcufinder\plugins\mcufinder/ => C:\Users\ECA1WX\.stmcufinder\plugins\mcufinder
2024-07-31 16:58:42,167 [INFO] CrossReferenceDbSqlite:203 - Set database path to: C:\Users\ECA1WX\.stmcufinder\plugins\mcufinder//mcu/cs/
2024-07-31 16:58:42,233 [INFO] MainPanel:264 - HeapMemory: 268435456
2024-07-31 16:58:42,306 [INFO] DbMcusXml:78 - Set database path to: C:\my_workspace\my_software\stm32cubeide\STM32CubeIDE_1.14.1\STM32CubeIDE\plugins\com.st.stm32cube.common.mx_6.10.0.202311202037\\db\/mcu/
2024-07-31 16:58:42,307 [INFO] ApiDb:274 - Set plugin database path to: C:\my_workspace\my_software\stm32cubeide\STM32CubeIDE_1.14.1\STM32CubeIDE\plugins\com.st.stm32cube.common.mx_6.10.0.202311202037\\db\/plugins/boardmanager/
2024-07-31 16:58:42,307 [INFO] ApiDb:261 - Set plugin images path to: C:\my_workspace\my_software\stm32cubeide\STM32CubeIDE_1.14.1\STM32CubeIDE\plugins\com.st.stm32cube.common.mx_6.10.0.202311202037\\db\/plugins/mcufinder/images/
2024-07-31 16:58:42,307 [WARN] DbFile:41 - Overriding database path with different value: C:\Users\ECA1WX\.stmcufinder\plugins\mcufinder/ => C:\Users\ECA1WX\.stmcufinder\plugins\mcufinder
2024-07-31 16:58:42,307 [INFO] ApiDb:250 - Set database path to: C:\Users\ECA1WX\.stmcufinder\plugins\mcufinder//mcu/
2024-07-31 16:58:42,307 [WARN] DbFile:41 - Overriding database path with different value: C:\Users\ECA1WX\.stmcufinder\plugins\mcufinder/ => C:\Users\ECA1WX\.stmcufinder\plugins\mcufinder
2024-07-31 16:58:42,307 [INFO] DbMcusAds:125 - Set database path to: C:\Users\ECA1WX\.stmcufinder\plugins\mcufinder//mcu/
2024-07-31 16:58:42,307 [WARN] DbFile:41 - Overriding database path with different value: C:\Users\ECA1WX\.stmcufinder\plugins\mcufinder/ => C:\Users\ECA1WX\.stmcufinder\plugins\mcufinder
2024-07-31 16:58:42,307 [WARN] DbFile:41 - Overriding database path with different value: C:\Users\ECA1WX\.stmcufinder\plugins\mcufinder/ => C:\Users\ECA1WX\.stmcufinder\plugins\mcufinder
2024-07-31 16:58:42,307 [INFO] CrossReferenceDbSqlite:203 - Set database path to: C:\Users\ECA1WX\.stmcufinder\plugins\mcufinder//mcu/cs/
2024-07-31 16:58:42,323 [INFO] ApplicationProperties:184 - Using Application install path: C:\my_workspace\my_software\stm32cubeide\STM32CubeIDE_1.14.1\STM32CubeIDE\plugins\com.st.stm32cube.common.mx_6.10.0.202311202037
2024-07-31 16:58:42,324 [INFO] PluginManage:196 - Search for loadable plugins [exclusion list=, ]
2024-07-31 16:58:42,325 [INFO] PluginManage:310 - Check plugin analytics
2024-07-31 16:58:42,461 [INFO] AnalyticsPlugin:253 - Accepted Software Licenses: 
2024-07-31 16:58:42,461 [INFO] AnalyticsPlugin:255 - Accepted CMSIS Pack Licenses: 
2024-07-31 16:58:42,461 [INFO] AnalyticsPlugin:257 - Accepted Firmware Licenses: FW.F7.1.17.0
2024-07-31 16:58:42,464 [INFO] PluginManage:359 - Loaded plugin analytics (category:tool,tabindex:-1)
2024-07-31 16:58:42,465 [INFO] PluginManage:310 - Check plugin cadmodel
2024-07-31 16:58:42,498 [INFO] CADModel:105 - Init CAD model plugin
2024-07-31 16:58:42,498 [INFO] PluginManage:359 - Loaded plugin cadmodel (category:power,tabindex:5)
2024-07-31 16:58:42,498 [INFO] PluginManage:310 - Check plugin clock
2024-07-31 16:58:42,523 [INFO] PluginManage:359 - Loaded plugin clock (category:base,tabindex:2)
2024-07-31 16:58:42,523 [INFO] PluginManage:310 - Check plugin ddr
2024-07-31 16:58:42,526 [INFO] PluginManage:359 - Loaded plugin ddr (category:tool,tabindex:6)
2024-07-31 16:58:42,526 [INFO] PluginManage:310 - Check plugin filemanager
2024-07-31 16:58:42,694 [INFO] PluginManage:359 - Loaded plugin filemanager (category:base,tabindex:10)
2024-07-31 16:58:42,694 [INFO] PluginManage:310 - Check plugin ipmanager
2024-07-31 16:58:42,706 [INFO] PluginManage:359 - Loaded plugin ipmanager (category:base,tabindex:5)
2024-07-31 16:58:42,706 [INFO] PluginManage:310 - Check plugin lpbam
2024-07-31 16:58:42,722 [INFO] PluginManage:359 - Loaded plugin lpbam (category:base,tabindex:0)
2024-07-31 16:58:42,722 [INFO] PluginManage:310 - Check plugin memorymap
2024-07-31 16:58:42,746 [INFO] PluginManage:359 - Loaded plugin memorymap (category:base,tabindex:4)
2024-07-31 16:58:42,746 [INFO] PluginManage:310 - Check plugin pinoutandconfiguration
2024-07-31 16:58:42,762 [INFO] PluginManage:359 - Loaded plugin pinoutandconfiguration (category:base,tabindex:1)
2024-07-31 16:58:42,762 [INFO] PluginManage:310 - Check plugin pinoutconfig
2024-07-31 16:58:42,841 [WARN] SupportedApi:132 - Cannot load RTOS API schema: s4s-elt-must-match.1: The content of 'definitions' must match (annotation?, (simpleType | complexType)?, (unique | key | keyref)*)). A problem was found starting at: attribute.
2024-07-31 16:58:42,947 [INFO] PluginManage:359 - Loaded plugin pinoutconfig (category:base,tabindex:0)
2024-07-31 16:58:42,947 [INFO] PluginManage:310 - Check plugin power
2024-07-31 16:58:43,066 [INFO] PluginManage:359 - Loaded plugin power (category:power,tabindex:4)
2024-07-31 16:58:43,066 [INFO] PluginManage:310 - Check plugin projectmanager
2024-07-31 16:58:43,079 [INFO] PluginManage:359 - Loaded plugin projectmanager (category:projectmanager,tabindex:3)
2024-07-31 16:58:43,079 [INFO] PluginManage:310 - Check plugin thirdparty
2024-07-31 16:58:43,209 [INFO] PluginManage:359 - Loaded plugin thirdparty (category:base,tabindex:-1)
2024-07-31 16:58:43,209 [WARN] IntegrityCheckThread:84 - waiting for thirdparty lock release [integrity check]
2024-07-31 16:58:43,209 [INFO] PluginManage:310 - Check plugin tools
2024-07-31 16:58:43,210 [INFO] IntegrityCheckThread:86 - entering critical section [integrity check]
2024-07-31 16:58:43,210 [INFO] ThirdPartyUpdaterWithRetryManager:70 - Updater plugin not ready yet. [1/15]
2024-07-31 16:58:43,218 [INFO] PluginManage:359 - Loaded plugin tools (category:base,tabindex:7)
2024-07-31 16:58:43,218 [INFO] PluginManage:310 - Check plugin tutovideos
2024-07-31 16:58:43,387 [INFO] PluginManage:359 - Loaded plugin tutovideos (category:base,tabindex:-1)
2024-07-31 16:58:43,388 [INFO] PluginManage:310 - Check plugin updater
2024-07-31 16:58:43,395 [INFO] PluginManage:359 - Loaded plugin updater (category:base,tabindex:12)
2024-07-31 16:58:43,395 [INFO] PluginManage:310 - Check plugin userauth
2024-07-31 16:58:43,399 [INFO] UserAuth:114 - Init User Auth plugin
2024-07-31 16:58:43,400 [INFO] PluginManage:359 - Loaded plugin userauth (category:base,tabindex:14)
2024-07-31 16:58:43,400 [INFO] PluginManage:283 - PluginManage : Loaded plugins [17]
2024-07-31 16:58:43,586 [INFO] PinOutPanel:1499 - setPackage(No Configuration,No Configuration)
2024-07-31 16:58:43,664 [INFO] CADModel:165 - CPN selected for project level
2024-07-31 16:58:43,664 [INFO] CADModel:114 - Register for checkConnection events
2024-07-31 16:58:43,684 [INFO] IPUIPlugin:80 - create IPUIPlugin
2024-07-31 16:58:43,684 [INFO] PluginManager:220 - loadIPPluginJar : add adc
2024-07-31 16:58:43,691 [INFO] IPUIPlugin:80 - create IPUIPlugin
2024-07-31 16:58:43,691 [INFO] PluginManager:220 - loadIPPluginJar : add aes
2024-07-31 16:58:43,699 [INFO] IPUIPlugin:80 - create IPUIPlugin
2024-07-31 16:58:43,700 [INFO] PluginManager:220 - loadIPPluginJar : add can
2024-07-31 16:58:43,705 [INFO] IPUIPlugin:80 - create IPUIPlugin
2024-07-31 16:58:43,705 [INFO] PluginManager:220 - loadIPPluginJar : add comp
2024-07-31 16:58:43,711 [INFO] IPUIPlugin:80 - create IPUIPlugin
2024-07-31 16:58:43,712 [INFO] PluginManager:220 - loadIPPluginJar : add cryp
2024-07-31 16:58:43,718 [INFO] IPUIPlugin:80 - create IPUIPlugin
2024-07-31 16:58:43,718 [INFO] PluginManager:220 - loadIPPluginJar : add dfsdm
2024-07-31 16:58:43,728 [INFO] IPUIPlugin:80 - create IPUIPlugin
2024-07-31 16:58:43,729 [INFO] PluginManager:220 - loadIPPluginJar : add dma
2024-07-31 16:58:43,734 [INFO] IPUIPlugin:80 - create IPUIPlugin
2024-07-31 16:58:43,734 [INFO] PluginManager:220 - loadIPPluginJar : add dma3
2024-07-31 16:58:43,739 [INFO] IPUIPlugin:80 - create IPUIPlugin
2024-07-31 16:58:43,739 [INFO] PluginManager:220 - loadIPPluginJar : add fatfs
2024-07-31 16:58:43,747 [INFO] IPUIPlugin:80 - create IPUIPlugin
2024-07-31 16:58:43,747 [INFO] PluginManager:220 - loadIPPluginJar : add fmc
2024-07-31 16:58:43,758 [INFO] IPUIPlugin:80 - create IPUIPlugin
2024-07-31 16:58:43,758 [INFO] PluginManager:220 - loadIPPluginJar : add freertos
2024-07-31 16:58:43,763 [INFO] IPUIPlugin:80 - create IPUIPlugin
2024-07-31 16:58:43,763 [INFO] PluginManager:220 - loadIPPluginJar : add genericplugin
2024-07-31 16:58:43,769 [INFO] IPUIPlugin:80 - create IPUIPlugin
2024-07-31 16:58:43,769 [INFO] PluginManager:220 - loadIPPluginJar : add gfxmmu
2024-07-31 16:58:43,777 [INFO] IPUIPlugin:80 - create IPUIPlugin
2024-07-31 16:58:43,778 [INFO] PluginManager:220 - loadIPPluginJar : add gic
2024-07-31 16:58:43,786 [INFO] IPUIPlugin:80 - create IPUIPlugin
2024-07-31 16:58:43,786 [INFO] PluginManager:220 - loadIPPluginJar : add gpio
2024-07-31 16:58:43,793 [INFO] IPUIPlugin:80 - create IPUIPlugin
2024-07-31 16:58:43,793 [INFO] PluginManager:220 - loadIPPluginJar : add gtzc
2024-07-31 16:58:43,798 [INFO] IPUIPlugin:80 - create IPUIPlugin
2024-07-31 16:58:43,798 [INFO] PluginManager:220 - loadIPPluginJar : add hash
2024-07-31 16:58:43,805 [INFO] IPUIPlugin:80 - create IPUIPlugin
2024-07-31 16:58:43,805 [INFO] PluginManager:220 - loadIPPluginJar : add i2c
2024-07-31 16:58:43,810 [INFO] IPUIPlugin:80 - create IPUIPlugin
2024-07-31 16:58:43,810 [INFO] PluginManager:220 - loadIPPluginJar : add i2s
2024-07-31 16:58:43,817 [INFO] IPUIPlugin:80 - create IPUIPlugin
2024-07-31 16:58:43,817 [INFO] PluginManager:220 - loadIPPluginJar : add i3c
2024-07-31 16:58:43,823 [INFO] IPUIPlugin:80 - create IPUIPlugin
2024-07-31 16:58:43,823 [INFO] PluginManager:220 - loadIPPluginJar : add ipddr
2024-07-31 16:58:43,833 [INFO] IPUIPlugin:80 - create IPUIPlugin
2024-07-31 16:58:43,835 [INFO] PluginManager:220 - loadIPPluginJar : add linkedlist
2024-07-31 16:58:43,840 [INFO] IPUIPlugin:80 - create IPUIPlugin
2024-07-31 16:58:43,840 [INFO] PluginManager:220 - loadIPPluginJar : add lorawan
2024-07-31 16:58:43,845 [INFO] IPUIPlugin:80 - create IPUIPlugin
2024-07-31 16:58:43,845 [INFO] PluginManager:220 - loadIPPluginJar : add ltdc
2024-07-31 16:58:43,854 [INFO] IPUIPlugin:80 - create IPUIPlugin
2024-07-31 16:58:43,854 [INFO] PluginManager:220 - loadIPPluginJar : add mdma
2024-07-31 16:58:43,861 [INFO] IPUIPlugin:80 - create IPUIPlugin
2024-07-31 16:58:43,861 [INFO] PluginManager:220 - loadIPPluginJar : add nvic
2024-07-31 16:58:43,866 [INFO] IPUIPlugin:80 - create IPUIPlugin
2024-07-31 16:58:43,866 [INFO] PluginManager:220 - loadIPPluginJar : add opamp
2024-07-31 16:58:43,873 [INFO] IPUIPlugin:80 - create IPUIPlugin
2024-07-31 16:58:43,873 [INFO] PluginManager:220 - loadIPPluginJar : add openamp
2024-07-31 16:58:43,879 [INFO] IPUIPlugin:80 - create IPUIPlugin
2024-07-31 16:58:43,879 [INFO] PluginManager:220 - loadIPPluginJar : add pdm2pcm
2024-07-31 16:58:43,888 [INFO] IPUIPlugin:80 - create IPUIPlugin
2024-07-31 16:58:43,890 [INFO] PluginManager:220 - loadIPPluginJar : add plateformsettings
2024-07-31 16:58:43,895 [INFO] IPUIPlugin:80 - create IPUIPlugin
2024-07-31 16:58:43,895 [INFO] PluginManager:220 - loadIPPluginJar : add quadspi
2024-07-31 16:58:43,906 [INFO] IPUIPlugin:80 - create IPUIPlugin
2024-07-31 16:58:43,906 [INFO] PluginManager:220 - loadIPPluginJar : add resmgrutility
2024-07-31 16:58:43,913 [INFO] IPUIPlugin:80 - create IPUIPlugin
2024-07-31 16:58:43,913 [INFO] PluginManager:220 - loadIPPluginJar : add sai
2024-07-31 16:58:43,919 [INFO] IPUIPlugin:80 - create IPUIPlugin
2024-07-31 16:58:43,919 [INFO] PluginManager:220 - loadIPPluginJar : add spi
2024-07-31 16:58:43,927 [INFO] IPUIPlugin:80 - create IPUIPlugin
2024-07-31 16:58:43,927 [INFO] PluginManager:220 - loadIPPluginJar : add stm32_wpan
2024-07-31 16:58:43,934 [INFO] IPUIPlugin:80 - create IPUIPlugin
2024-07-31 16:58:43,934 [INFO] PluginManager:220 - loadIPPluginJar : add tim
2024-07-31 16:58:43,941 [INFO] IPUIPlugin:80 - create IPUIPlugin
2024-07-31 16:58:43,941 [INFO] PluginManager:220 - loadIPPluginJar : add touchsensing
2024-07-31 16:58:43,948 [INFO] IPUIPlugin:80 - create IPUIPlugin
2024-07-31 16:58:43,948 [INFO] PluginManager:220 - loadIPPluginJar : add tracer_emb
2024-07-31 16:58:43,954 [INFO] IPUIPlugin:80 - create IPUIPlugin
2024-07-31 16:58:43,954 [INFO] PluginManager:220 - loadIPPluginJar : add ts
2024-07-31 16:58:43,958 [INFO] IPUIPlugin:80 - create IPUIPlugin
2024-07-31 16:58:43,958 [INFO] PluginManager:220 - loadIPPluginJar : add tsc
2024-07-31 16:58:43,964 [INFO] IPUIPlugin:80 - create IPUIPlugin
2024-07-31 16:58:43,964 [INFO] PluginManager:220 - loadIPPluginJar : add ucpd
2024-07-31 16:58:43,970 [INFO] IPUIPlugin:80 - create IPUIPlugin
2024-07-31 16:58:43,971 [INFO] PluginManager:220 - loadIPPluginJar : add usart
2024-07-31 16:58:43,977 [INFO] IPUIPlugin:80 - create IPUIPlugin
2024-07-31 16:58:43,977 [INFO] PluginManager:220 - loadIPPluginJar : add usbx
2024-07-31 16:58:44,093 [INFO] CADModel:165 - CPN selected for project level
2024-07-31 16:58:44,093 [INFO] CADModel:114 - Register for checkConnection events
2024-07-31 16:58:44,093 [FATAL] Updater:308 - Updater called before beeing initialized
2024-07-31 16:58:44,093 [ERROR] CADModel:125 - Updater not yet initialized, retry later 
2024-07-31 16:58:44,196 [INFO] CADModel:165 - CPN selected for project level
2024-07-31 16:58:44,196 [INFO] CADModel:114 - Register for checkConnection events
2024-07-31 16:58:44,197 [FATAL] Updater:308 - Updater called before beeing initialized
2024-07-31 16:58:44,197 [ERROR] CADModel:125 - Updater not yet initialized, retry later 
2024-07-31 16:58:44,199 [FATAL] Updater:308 - Updater called before beeing initialized
2024-07-31 16:58:44,286 [FATAL] Updater:308 - Updater called before beeing initialized
2024-07-31 16:58:44,290 [INFO] DbMcusAds:53 - JSON generation date=Thu Sep 30 14:55:09 CST 2021 (1632984909247)
2024-07-31 16:58:44,290 [FATAL] Updater:308 - Updater called before beeing initialized
2024-07-31 16:58:44,340 [WARN] DetailPanel:346 - Failed to get advertising image, set to default
2024-07-31 16:58:44,425 [FATAL] Updater:308 - Updater called before beeing initialized
2024-07-31 16:58:44,427 [FATAL] Updater:308 - Updater called before beeing initialized
2024-07-31 16:58:44,427 [FATAL] Updater:308 - Updater called before beeing initialized
2024-07-31 16:58:44,427 [WARN] DetailPanel:346 - Failed to get advertising image, set to default
2024-07-31 16:58:44,428 [FATAL] Updater:308 - Updater called before beeing initialized
2024-07-31 16:58:44,476 [ERROR] Updater:1120 - MainUpdater not yet initialized. External WinMGr cannot be set.
2024-07-31 16:58:44,479 [INFO] Updater:1056 - Updater Version found : 6.10.0
2024-07-31 16:58:44,493 [INFO] ApplicationProperties:184 - Using Application install path: C:\my_workspace\my_software\stm32cubeide\STM32CubeIDE_1.14.1\STM32CubeIDE\plugins\com.st.stm32cube.common.mx_6.10.0.202311202037
2024-07-31 16:58:46,065 [ERROR] LogOutputStream:75 - [STDERR_REDIRECT] Jul 31, 2024 4:58:46 PM java.util.prefs.WindowsPreferences <init>
2024-07-31 16:58:46,067 [ERROR] LogOutputStream:75 - [STDERR_REDIRECT] WARNING: Could not open/create prefs root node Software\JavaSoft\Prefs at root 0xffffffff80000002. Windows RegCreateKeyEx(...) returned error code 5.
2024-07-31 16:58:46,067 [ERROR] LogOutputStream:75 - [STDERR_REDIRECT] 
2024-07-31 16:58:46,211 [INFO] ThirdPartyUpdaterWithRetryManager:70 - Updater plugin not ready yet. [2/15]
2024-07-31 16:58:46,879 [INFO] MainUpdater:2873 - connection check result : 10
2024-07-31 16:58:46,880 [INFO] MainUpdater:3567 - Updater definition file requires update
2024-07-31 16:58:46,881 [INFO] MainUpdater:290 - Updater Check For Update Now.
2024-07-31 16:58:46,881 [INFO] MicroXplorer:498 - Change Database Version : DB.6.0.100
2024-07-31 16:58:46,888 [INFO] McuFinderGlobals:63 - Set McuFinder mode to 2 (CubeIDE integrated)
2024-07-31 16:58:46,888 [INFO] UserAuth:180 - activating auth plugin
2024-07-31 16:58:46,890 [INFO] UserAuth:404 - Internet connection configuration mode: 1
2024-07-31 16:58:46,906 [INFO] JxBrowserEngine:152 - Initiate JxBrowser Engine with user profile folder
2024-07-31 16:58:46,939 [INFO] ServerAccessManage:473 - Download File updaters.zip
2024-07-31 16:58:47,036 [INFO] FileExtend:240 - Unzip File : updaters.zip
2024-07-31 16:58:47,037 [INFO] FileExtend:255 - Standard Zip Deflate
2024-07-31 16:58:47,641 [INFO] ServerAccessManage:473 - Download File PacksControlFlags.xml
2024-07-31 16:58:47,694 [INFO] ServerAccessManage:473 - Download File cubemx.pidx
2024-07-31 16:58:47,775 [INFO] LoadServerUpdatesThread:375 - End of LoadServerUpdate Thread
2024-07-31 16:58:47,931 [INFO] CheckServerUpdateThread:120 - End of CheckServer Thread
2024-07-31 16:58:48,411 [INFO] WebApp:161 - Instantiating new browser for Auth
2024-07-31 16:58:49,020 [INFO] WebApp:780 - Register for checkConnection events
2024-07-31 16:58:49,020 [INFO] WebApp:414 - Apply proxy settings
2024-07-31 16:58:49,021 [INFO] WebApp:499 - Chromium requires no authentication
2024-07-31 16:58:49,026 [INFO] WebApp:442 - Direct internet connection detected
2024-07-31 16:58:49,149 [INFO] WebApp:192 - Starting web application
2024-07-31 16:58:49,150 [INFO] WebApp:544 - Web application path used C:\my_workspace\my_software\stm32cubeide\STM32CubeIDE_1.14.1\STM32CubeIDE\plugins\com.st.stm32cube.common.mx_6.10.0.202311202037\db\plugins\mcufinder\reactClient1\index.html
2024-07-31 16:58:49,482 [WARN] PackLoader:240 - Cannot read IP mode file for STMicroelectronics.FP-SNS-MOTENVWB1.1.4.0
2024-07-31 16:58:49,490 [WARN] PackLoader:240 - Cannot read IP mode file for STMicroelectronics.X-CUBE-SMBUS.2.1.0
2024-07-31 16:58:49,494 [WARN] PackLoader:240 - Cannot read IP mode file for STMicroelectronics.X-CUBE-TOUCHGFX.4.23.1
2024-07-31 16:58:49,497 [WARN] PackLoader:240 - Cannot read IP mode file for STMicroelectronics.X-CUBE-TOUCHGFX.4.23.0
2024-07-31 16:58:49,499 [WARN] PackLoader:240 - Cannot read IP mode file for STMicroelectronics.X-CUBE-TOUCHGFX.4.23.2
2024-07-31 16:58:49,519 [WARN] PackLoader:240 - Cannot read IP mode file for STMicroelectronics.X-CUBE-AZRTOS-F7.1.1.0
2024-07-31 16:58:49,528 [WARN] PackLoader:240 - Cannot read IP mode file for STMicroelectronics.FP-SNS-MOTENV1.4.3.2
2024-07-31 16:58:49,535 [WARN] PackLoader:240 - Cannot read IP mode file for STMicroelectronics.FP-SNS-FLIGHT1.5.0.2
2024-07-31 16:58:49,541 [WARN] PackLoader:240 - Cannot read IP mode file for STMicroelectronics.X-CUBE-DISPLAY.3.0.0
2024-07-31 16:58:49,551 [WARN] PackLoader:240 - Cannot read IP mode file for STMicroelectronics.X-CUBE-BLE1.7.0.0
2024-07-31 16:58:49,556 [WARN] PackLoader:240 - Cannot read IP mode file for emotas.I-CUBE-CANOPEN.1.3.0
2024-07-31 16:58:49,562 [WARN] PackLoader:240 - Cannot read IP mode file for STMicroelectronics.FP-SNS-SMARTAG2.1.2.0
2024-07-31 16:58:49,572 [INFO] LogOutputStream:77 - [STDOUT_REDIRECT] 1 : Invalid condition id : UX_CORESTACK_Condition cause : null
2024-07-31 16:58:49,572 [INFO] LogOutputStream:77 - [STDOUT_REDIRECT] 1 : Invalid condition id : UX_CORESTACK_Condition cause : null
2024-07-31 16:58:49,574 [INFO] LogOutputStream:77 - [STDOUT_REDIRECT] 1 : Invalid condition id : UX_CORESTACK_Condition cause : null
2024-07-31 16:58:49,574 [INFO] LogOutputStream:77 - [STDOUT_REDIRECT] 1 : Invalid condition id : UX_CORESTACK_Condition cause : null
2024-07-31 16:58:49,574 [INFO] LogOutputStream:77 - [STDOUT_REDIRECT] 1 : Invalid condition id : UX_CORESTACK_Condition cause : null
2024-07-31 16:58:49,577 [WARN] PackLoader:240 - Cannot read IP mode file for STMicroelectronics.X-CUBE-AZRTOS-WL.2.0.0
2024-07-31 16:58:49,582 [WARN] PackLoader:240 - Cannot read IP mode file for STMicroelectronics.FP-SNS-MOTENV1.5.0.0
2024-07-31 16:58:49,624 [WARN] PackLoader:240 - Cannot read IP mode file for wolfSSL.I-CUBE-wolfMQTT.1.19.0
2024-07-31 16:58:49,631 [WARN] PackLoader:240 - Cannot read IP mode file for STMicroelectronics.X-CUBE-BLE2.3.3.0
2024-07-31 16:58:49,637 [WARN] PackLoader:240 - Cannot read IP mode file for STMicroelectronics.X-CUBE-TCPP.4.1.0
2024-07-31 16:58:49,644 [WARN] PackLoader:240 - Cannot read IP mode file for STMicroelectronics.X-CUBE-ALGOBUILD.1.3.0
2024-07-31 16:58:49,657 [WARN] PackLoader:240 - Cannot read IP mode file for STMicroelectronics.X-CUBE-AZRTOS-G0.1.1.0
2024-07-31 16:58:49,670 [WARN] PackLoader:240 - Cannot read IP mode file for STMicroelectronics.X-CUBE-SAFEA1.1.2.2
2024-07-31 16:58:49,677 [WARN] PackLoader:240 - Cannot read IP mode file for STMicroelectronics.X-CUBE-NFC4.3.0.0
2024-07-31 16:58:49,687 [WARN] PackLoader:240 - Cannot read IP mode file for EmbeddedOffice.I-CUBE-FS-RTOS.1.0.1
2024-07-31 16:58:49,688 [ERROR] ConditionMgr:805 - Attr not supported : Dmpu
2024-07-31 16:58:49,688 [ERROR] ConditionMgr:805 - Attr not supported : Dmpu
2024-07-31 16:58:49,688 [ERROR] ConditionMgr:805 - Attr not supported : Dmpu
2024-07-31 16:58:49,688 [ERROR] ConditionMgr:805 - Attr not supported : Dmpu
2024-07-31 16:58:49,688 [ERROR] ConditionMgr:805 - Attr not supported : Dmpu
2024-07-31 16:58:49,688 [ERROR] ConditionMgr:805 - Attr not supported : Dmpu
2024-07-31 16:58:49,688 [ERROR] ConditionMgr:805 - Attr not supported : Dmpu
2024-07-31 16:58:49,688 [ERROR] ConditionMgr:805 - Attr not supported : Dmpu
2024-07-31 16:58:49,688 [ERROR] ConditionMgr:805 - Attr not supported : Dmpu
2024-07-31 16:58:49,689 [ERROR] ConditionMgr:805 - Attr not supported : Dmpu
2024-07-31 16:58:49,689 [ERROR] ConditionMgr:805 - Attr not supported : Dmpu
2024-07-31 16:58:49,689 [ERROR] ConditionMgr:805 - Attr not supported : Dmpu
2024-07-31 16:58:49,689 [ERROR] ConditionMgr:805 - Attr not supported : Dmpu
2024-07-31 16:58:49,689 [ERROR] ConditionMgr:805 - Attr not supported : Dmpu
2024-07-31 16:58:49,689 [ERROR] ConditionMgr:805 - Attr not supported : Dmpu
2024-07-31 16:58:49,689 [ERROR] ConditionMgr:805 - Attr not supported : Dmpu
2024-07-31 16:58:49,689 [ERROR] ConditionMgr:805 - Attr not supported : Dmpu
2024-07-31 16:58:49,689 [ERROR] ConditionMgr:805 - Attr not supported : Dmpu
2024-07-31 16:58:49,689 [ERROR] ConditionMgr:805 - Attr not supported : Dmpu
2024-07-31 16:58:49,689 [ERROR] ConditionMgr:805 - Attr not supported : Dmpu
2024-07-31 16:58:49,690 [ERROR] ConditionMgr:805 - Attr not supported : Dmpu
2024-07-31 16:58:49,690 [ERROR] ConditionMgr:805 - Attr not supported : Dmpu
2024-07-31 16:58:49,690 [ERROR] ConditionMgr:805 - Attr not supported : Dmpu
2024-07-31 16:58:49,690 [ERROR] ConditionMgr:805 - Attr not supported : Dmpu
2024-07-31 16:58:49,690 [ERROR] ConditionMgr:805 - Attr not supported : Dmpu
2024-07-31 16:58:49,690 [ERROR] ConditionMgr:805 - Attr not supported : Dmpu
2024-07-31 16:58:49,690 [ERROR] ConditionMgr:805 - Attr not supported : Dmpu
2024-07-31 16:58:49,690 [ERROR] ConditionMgr:805 - Attr not supported : Dmpu
2024-07-31 16:58:49,690 [ERROR] ConditionMgr:805 - Attr not supported : Dmpu
2024-07-31 16:58:49,690 [ERROR] ConditionMgr:805 - Attr not supported : Dmpu
2024-07-31 16:58:49,690 [ERROR] ConditionMgr:805 - Attr not supported : Dmpu
2024-07-31 16:58:49,690 [ERROR] ConditionMgr:805 - Attr not supported : Dmpu
2024-07-31 16:58:49,690 [ERROR] ConditionMgr:805 - Attr not supported : Dmpu
2024-07-31 16:58:49,690 [ERROR] ConditionMgr:805 - Attr not supported : Dmpu
2024-07-31 16:58:49,690 [ERROR] ConditionMgr:805 - Attr not supported : Dmpu
2024-07-31 16:58:49,690 [ERROR] ConditionMgr:805 - Attr not supported : Dmpu
2024-07-31 16:58:49,690 [ERROR] ConditionMgr:805 - Attr not supported : Dmpu
2024-07-31 16:58:49,690 [ERROR] ConditionMgr:805 - Attr not supported : Dmpu
2024-07-31 16:58:49,691 [ERROR] ConditionMgr:805 - Attr not supported : Dmpu
2024-07-31 16:58:49,691 [ERROR] ConditionMgr:805 - Attr not supported : Dmpu
2024-07-31 16:58:49,691 [ERROR] ConditionMgr:805 - Attr not supported : Dmpu
2024-07-31 16:58:49,691 [ERROR] ConditionMgr:805 - Attr not supported : Dmpu
2024-07-31 16:58:49,691 [ERROR] ConditionMgr:805 - Attr not supported : Dmpu
2024-07-31 16:58:49,691 [ERROR] ConditionMgr:805 - Attr not supported : Dmpu
2024-07-31 16:58:49,691 [ERROR] ConditionMgr:805 - Attr not supported : Dmpu
2024-07-31 16:58:49,691 [ERROR] ConditionMgr:805 - Attr not supported : Dmpu
2024-07-31 16:58:49,691 [ERROR] ConditionMgr:805 - Attr not supported : Dmpu
2024-07-31 16:58:49,691 [ERROR] ConditionMgr:805 - Attr not supported : Dmpu
2024-07-31 16:58:49,691 [ERROR] ConditionMgr:805 - Attr not supported : Dmpu
2024-07-31 16:58:49,691 [ERROR] ConditionMgr:805 - Attr not supported : Dmpu
2024-07-31 16:58:49,691 [ERROR] ConditionMgr:805 - Attr not supported : Dmpu
2024-07-31 16:58:49,691 [ERROR] ConditionMgr:805 - Attr not supported : Dmpu
2024-07-31 16:58:49,691 [ERROR] ConditionMgr:805 - Attr not supported : Dmpu
2024-07-31 16:58:49,691 [ERROR] ConditionMgr:805 - Attr not supported : Dmpu
2024-07-31 16:58:49,691 [ERROR] ConditionMgr:805 - Attr not supported : Dmpu
2024-07-31 16:58:49,691 [ERROR] ConditionMgr:805 - Attr not supported : Dmpu
2024-07-31 16:58:49,691 [ERROR] ConditionMgr:805 - Attr not supported : Dmpu
2024-07-31 16:58:49,691 [ERROR] ConditionMgr:805 - Attr not supported : Dmpu
2024-07-31 16:58:49,691 [ERROR] ConditionMgr:805 - Attr not supported : Dmpu
2024-07-31 16:58:49,692 [ERROR] ConditionMgr:805 - Attr not supported : Dmpu
2024-07-31 16:58:49,692 [ERROR] ConditionMgr:805 - Attr not supported : Dmpu
2024-07-31 16:58:49,692 [ERROR] ConditionMgr:805 - Attr not supported : Dmpu
2024-07-31 16:58:49,692 [ERROR] ConditionMgr:805 - Attr not supported : Dmpu
2024-07-31 16:58:49,692 [ERROR] ConditionMgr:805 - Attr not supported : Dmpu
2024-07-31 16:58:49,700 [WARN] PackLoader:240 - Cannot read IP mode file for RealThread.X-CUBE-RT-Thread_Nano.4.1.1
2024-07-31 16:58:49,704 [WARN] PackLoader:240 - Cannot read IP mode file for STMicroelectronics.FP-ATR-SIGFOX1.3.2.0
2024-07-31 16:58:49,729 [WARN] PackLoader:240 - Cannot read IP mode file for SEGGER.I-CUBE-embOS.1.3.1
2024-07-31 16:58:49,756 [WARN] PackLoader:240 - Cannot read IP mode file for STMicroelectronics.X-CUBE-ALGOBUILD.1.4.0
2024-07-31 16:58:49,766 [WARN] PackLoader:240 - Cannot read IP mode file for STMicroelectronics.X-CUBE-GNSS1.6.0.0
2024-07-31 16:58:49,782 [WARN] PackLoader:240 - Cannot read IP mode file for STMicroelectronics.X-CUBE-AZRTOS-F4.1.1.0
2024-07-31 16:58:49,791 [WARN] PackLoader:240 - Cannot read IP mode file for STMicroelectronics.X-CUBE-FREERTOS.1.2.0
2024-07-31 16:58:49,805 [WARN] PackLoader:240 - Cannot read IP mode file for STMicroelectronics.X-CUBE-AZRTOS-L5.2.0.0
2024-07-31 16:58:49,816 [WARN] PackLoader:240 - Cannot read IP mode file for STMicroelectronics.X-CUBE-NFC6.3.1.0
2024-07-31 16:58:49,826 [WARN] PackLoader:240 - Cannot read IP mode file for ITTIA_DB.I-CUBE-ITTIADB.8.8.0
2024-07-31 16:58:49,833 [WARN] PackLoader:240 - Cannot read IP mode file for STMicroelectronics.X-CUBE-DPower.1.2.0
2024-07-31 16:58:49,838 [WARN] PackLoader:240 - Cannot read IP mode file for STMicroelectronics.X-CUBE-AI.9.0.0
2024-07-31 16:58:49,846 [WARN] PackLoader:240 - Cannot read IP mode file for STMicroelectronics.X-CUBE-NFC7.1.0.1
2024-07-31 16:58:49,851 [WARN] PackLoader:240 - Cannot read IP mode file for wolfSSL.I-CUBE-wolfTPM.3.2.0
2024-07-31 16:58:49,857 [WARN] PackLoader:240 - Cannot read IP mode file for STMicroelectronics.X-CUBE-NFC6.3.0.0
2024-07-31 16:58:49,863 [WARN] PackLoader:240 - Cannot read IP mode file for STMicroelectronics.X-CUBE-AI.8.1.0
2024-07-31 16:58:49,877 [WARN] ConditionMgr:438 - getConditionDescription Invalid condition id : LAN8742 Phy interface Condition cause : null
2024-07-31 16:58:49,877 [WARN] PackLoader:240 - Cannot read IP mode file for STMicroelectronics.X-CUBE-AZRTOS-L4.2.0.0
2024-07-31 16:58:49,878 [WARN] ConditionMgr:1039 - genDependencies : Invalid condition id : LAN8742 Phy interface Condition cause : null
2024-07-31 16:58:49,879 [WARN] ConditionMgr:1039 - genDependencies : Invalid condition id : LAN8742 Phy interface Condition cause : null
2024-07-31 16:58:49,879 [WARN] ConditionMgr:1039 - genDependencies : Invalid condition id : LAN8742 Phy interface Condition cause : null
2024-07-31 16:58:49,887 [WARN] PackLoader:240 - Cannot read IP mode file for STMicroelectronics.X-CUBE-SFXS2LP1.4.0.0
2024-07-31 16:58:49,898 [WARN] ConditionMgr:438 - getConditionDescription Invalid condition id : UX DEVICE CLASS RTOS Condition cause : null
2024-07-31 16:58:49,900 [WARN] ConditionMgr:438 - getConditionDescription Invalid condition id : UX DEVICE CLASS RTOS Condition cause : null
2024-07-31 16:58:49,902 [WARN] PackLoader:240 - Cannot read IP mode file for STMicroelectronics.X-CUBE-AZRTOS-WB.2.0.0
2024-07-31 16:58:49,902 [WARN] ConditionMgr:1039 - genDependencies : Invalid condition id : UX DEVICE CLASS RTOS Condition cause : null
2024-07-31 16:58:49,903 [WARN] ConditionMgr:1039 - genDependencies : Invalid condition id : UX DEVICE CLASS RTOS Condition cause : null
2024-07-31 16:58:49,903 [WARN] ConditionMgr:1039 - genDependencies : Invalid condition id : UX DEVICE CLASS RTOS Condition cause : null
2024-07-31 16:58:49,903 [WARN] ConditionMgr:1039 - genDependencies : Invalid condition id : UX DEVICE CLASS RTOS Condition cause : null
2024-07-31 16:58:49,903 [WARN] ConditionMgr:1039 - genDependencies : Invalid condition id : UX DEVICE CLASS RTOS Condition cause : null
2024-07-31 16:58:49,912 [WARN] PackLoader:240 - Cannot read IP mode file for STMicroelectronics.FP-SNS-STBOX1.2.0.0
2024-07-31 16:58:49,922 [WARN] PackLoader:240 - Cannot read IP mode file for STMicroelectronics.X-CUBE-SUBG2.5.0.0
2024-07-31 16:58:49,931 [WARN] PackLoader:240 - Cannot read IP mode file for Cesanta.I-CUBE-Mongoose.7.13.0
2024-07-31 16:58:49,944 [WARN] PackLoader:240 - Cannot read IP mode file for STMicroelectronics.X-CUBE-AZRTOS-G4.2.0.0
2024-07-31 16:58:49,958 [WARN] PackLoader:240 - Cannot read IP mode file for Infineon.AIROC-Wi-Fi-Bluetooth-STM32.1.5.1
2024-07-31 16:58:49,964 [WARN] PackLoader:240 - Cannot read IP mode file for STMicroelectronics.FP-SNS-MOTENVWB1.1.3.1
2024-07-31 16:58:49,970 [WARN] PackLoader:240 - Cannot read IP mode file for STMicroelectronics.X-CUBE-ALS.1.0.2
2024-07-31 16:58:50,002 [WARN] PackLoader:240 - Cannot read IP mode file for STMicroelectronics.X-CUBE-MEMS1.10.0.0
2024-07-31 16:58:50,071 [WARN] PackLoader:240 - Cannot read IP mode file for STMicroelectronics.X-CUBE-FREERTOS.1.1.0
2024-07-31 16:58:50,075 [WARN] PackLoader:240 - Cannot read IP mode file for STMicroelectronics.X-CUBE-TOUCHGFX.4.24.0
2024-07-31 16:58:50,082 [WARN] PackLoader:240 - Cannot read IP mode file for portGmbH.I-Cube-SoM-uGOAL.1.1.0
2024-07-31 16:58:50,088 [WARN] PackLoader:240 - Cannot read IP mode file for STMicroelectronics.X-CUBE-ALS.1.0.1
2024-07-31 16:58:50,104 [WARN] PackLoader:240 - Cannot read IP mode file for STMicroelectronics.X-CUBE-AZRTOS-H7RS.1.0.0
2024-07-31 16:58:50,112 [WARN] PackLoader:240 - Cannot read IP mode file for STMicroelectronics.FP-ATR-ASTRA1.2.0.0
2024-07-31 16:58:50,122 [WARN] PackLoader:240 - Cannot read IP mode file for STMicroelectronics.X-CUBE-TOF1.3.4.2
2024-07-31 16:58:50,137 [WARN] PackLoader:240 - Cannot read IP mode file for STMicroelectronics.X-CUBE-TOF1.3.4.1
2024-07-31 16:58:50,147 [WARN] PackLoader:240 - Cannot read IP mode file for wolfSSL.I-CUBE-wolfSSH.1.4.17
2024-07-31 16:58:50,148 [INFO] ThirdParty:978 - Integrity check success = true
2024-07-31 16:58:50,148 [INFO] IntegrityCheckThread:100 - exiting critical section [integrity check]
2024-07-31 16:58:50,148 [INFO] IntegrityCheckThread:103 - End integrity checks thread
2024-07-31 16:58:51,787 [INFO] McuFinderGlobals:63 - Set McuFinder mode to 2 (CubeIDE integrated)
2024-07-31 16:58:51,793 [INFO] MainUpdater:2873 - connection check result : 10
2024-07-31 16:58:51,794 [INFO] MainUpdater:2873 - connection check result : 10
2024-07-31 16:58:51,877 [INFO] MicroXplorer:468 - Change Database Path : 
2024-07-31 16:58:51,877 [INFO] MicroXplorer:498 - Change Database Version : DB.6.0.100
2024-07-31 16:58:51,880 [WARN] ThirdParty:871 - waiting for thirdparty lock release [close project]
2024-07-31 16:58:51,880 [INFO] ThirdParty:873 - entering critical section [close project]
2024-07-31 16:58:51,880 [INFO] ThirdParty:883 - exiting critical section [close project]
2024-07-31 16:58:51,881 [INFO] PinOutPanel:1499 - setPackage(No Configuration,No Configuration)
2024-07-31 16:58:51,883 [INFO] UtilMem:75 - Begin LoadConfig() Used Memory: 258074824 Bytes (342884352)
2024-07-31 16:58:51,884 [INFO] MicroXplorer:468 - Change Database Path : 
2024-07-31 16:58:51,884 [INFO] MicroXplorer:498 - Change Database Version : DB.6.0.100
2024-07-31 16:58:51,884 [INFO] OpenFileManager:312 - Change cursor
2024-07-31 16:58:51,904 [INFO] Mcu:2016 - Initializing MCU STM32F767I(G-I)Tx STM32F767IGTx STM32F767IGT6
2024-07-31 16:58:53,469 [INFO] Context:659 - Trying to add GPIOservice into a context  which must be forbidden
2024-07-31 16:58:54,017 [INFO] RtosManager:555 - Registered RTOS mode: class=CMSIS, group=RTOS, mode=CMSIS_V1, owner=FREERTOS
2024-07-31 16:58:54,017 [INFO] RtosManager:555 - Registered RTOS mode: class=CMSIS, group=RTOS2, mode=CMSIS_V2, owner=FREERTOS
2024-07-31 16:58:54,017 [INFO] RtosManager:555 - Registered RTOS mode: class=RTOS, group=Core, mode=CMSIS_V1, owner=FREERTOS
2024-07-31 16:58:54,017 [INFO] RtosManager:555 - Registered RTOS mode: class=RTOS, group=Core, mode=CMSIS_V2, owner=FREERTOS
2024-07-31 16:58:54,017 [WARN] ModelIntegratedComponent:184 - Missing modes for component STMicroelectronics:FreeRTOS:0.0.1:STMicroelectronics:RTOS:FreeRTOS:Core:::10.2.0:
2024-07-31 16:58:54,032 [WARN] ModelIntegratedComponent:63 - No mode defined for component null
2024-07-31 16:58:54,032 [WARN] ModelIntegratedComponent:63 - No mode defined for component null
2024-07-31 16:58:54,032 [WARN] ModelIntegratedComponent:63 - No mode defined for component null
2024-07-31 16:58:54,032 [WARN] ModelIntegratedComponent:63 - No mode defined for component null
2024-07-31 16:58:54,032 [WARN] ModelIntegratedComponent:63 - No mode defined for component null
2024-07-31 16:58:54,034 [WARN] ModelIntegratedComponent:63 - No mode defined for component null
2024-07-31 16:58:54,034 [WARN] ModelIntegratedComponent:63 - No mode defined for component null
2024-07-31 16:58:54,034 [WARN] ModelIntegratedComponent:63 - No mode defined for component null
2024-07-31 16:58:54,034 [WARN] ModelIntegratedComponent:63 - No mode defined for component null
2024-07-31 16:58:54,034 [WARN] ModelIntegratedComponent:63 - No mode defined for component null
2024-07-31 16:58:54,034 [WARN] ModelIntegratedComponent:63 - No mode defined for component null
2024-07-31 16:58:54,034 [WARN] ModelIntegratedComponent:63 - No mode defined for component null
2024-07-31 16:58:54,034 [WARN] ModelIntegratedComponent:63 - No mode defined for component null
2024-07-31 16:58:54,034 [WARN] ModelIntegratedComponent:63 - No mode defined for component null
2024-07-31 16:58:54,034 [WARN] ModelIntegratedComponent:63 - No mode defined for component null
2024-07-31 16:58:54,034 [WARN] ModelIntegratedComponent:63 - No mode defined for component null
2024-07-31 16:58:54,034 [WARN] ModelIntegratedComponent:63 - No mode defined for component null
2024-07-31 16:58:54,034 [WARN] ModelIntegratedComponent:63 - No mode defined for component null
2024-07-31 16:58:54,034 [WARN] ModelIntegratedComponent:63 - No mode defined for component null
2024-07-31 16:58:54,034 [WARN] ModelIntegratedComponent:63 - No mode defined for component null
2024-07-31 16:58:54,034 [WARN] ModelIntegratedComponent:63 - No mode defined for component null
2024-07-31 16:58:54,034 [WARN] ModelIntegratedComponent:63 - No mode defined for component null
2024-07-31 16:58:54,034 [WARN] ModelIntegratedComponent:63 - No mode defined for component null
2024-07-31 16:58:54,034 [WARN] ModelIntegratedComponent:63 - No mode defined for component null
2024-07-31 16:58:54,034 [WARN] ModelIntegratedComponent:63 - No mode defined for component null
2024-07-31 16:58:54,034 [WARN] ModelIntegratedComponent:63 - No mode defined for component null
2024-07-31 16:58:54,034 [WARN] ModelIntegratedComponent:63 - No mode defined for component null
2024-07-31 16:58:54,034 [WARN] ModelIntegratedComponent:63 - No mode defined for component null
2024-07-31 16:58:54,034 [WARN] ModelIntegratedComponent:63 - No mode defined for component null
2024-07-31 16:58:54,034 [WARN] ModelIntegratedComponent:63 - No mode defined for component null
2024-07-31 16:58:54,034 [WARN] ModelIntegratedComponent:63 - No mode defined for component null
2024-07-31 16:58:54,035 [WARN] ModelIntegratedComponent:63 - No mode defined for component null
2024-07-31 16:58:54,035 [WARN] ModelIntegratedComponent:63 - No mode defined for component null
2024-07-31 16:58:54,140 [INFO] ThirdPartyModel:298 - Start build external matchings
2024-07-31 16:58:54,343 [INFO] ThirdPartyModel:316 - End build external matchings
2024-07-31 16:58:54,354 [INFO] RtosManager:919 - Current active RTOS is FREERTOS [Cortex-M7NS]
2024-07-31 16:58:54,364 [INFO] ImportTextPane:194 - (OptionalMessage_ERROR) IP (DMA) : Parameter (Instance) has Id (USART1_TX) currently not set
2024-07-31 16:58:54,364 [INFO] ImportTextPane:194 - (OptionalMessage_ERROR) IP (DMA) : Parameter (Channel) has Id (USART1_TX) currently not set
2024-07-31 16:58:54,364 [INFO] ImportTextPane:194 - (OptionalMessage_ERROR) IP (DMA) : Parameter (Direction) has Id (USART1_TX) currently not set
2024-07-31 16:58:54,365 [INFO] ImportTextPane:194 - (OptionalMessage_ERROR) IP (DMA) : Parameter (PeriphInc) has Id (USART1_TX) currently not set
2024-07-31 16:58:54,365 [INFO] ImportTextPane:194 - (OptionalMessage_ERROR) IP (DMA) : Parameter (MemInc) has Id (USART1_TX) currently not set
2024-07-31 16:58:54,365 [INFO] ImportTextPane:194 - (OptionalMessage_ERROR) IP (DMA) : Parameter (PeriphDataAlignment) has Id (USART1_TX) currently not set
2024-07-31 16:58:54,365 [INFO] ImportTextPane:194 - (OptionalMessage_ERROR) IP (DMA) : Parameter (MemDataAlignment) has Id (USART1_TX) currently not set
2024-07-31 16:58:54,365 [INFO] ImportTextPane:194 - (OptionalMessage_ERROR) IP (DMA) : Parameter (Mode) has Id (USART1_TX) currently not set
2024-07-31 16:58:54,365 [INFO] ImportTextPane:194 - (OptionalMessage_ERROR) IP (DMA) : Parameter (Priority) has Id (USART1_TX) currently not set
2024-07-31 16:58:54,365 [INFO] ImportTextPane:194 - (OptionalMessage_ERROR) IP (DMA) : Parameter (FIFOMode) has Id (USART1_TX) currently not set
2024-07-31 16:58:54,365 [INFO] ImportTextPane:194 - (OptionalMessage_ERROR) IP (DMA) : Parameter (Instance) has Id (USART1_RX) currently not set
2024-07-31 16:58:54,365 [INFO] ImportTextPane:194 - (OptionalMessage_ERROR) IP (DMA) : Parameter (Channel) has Id (USART1_RX) currently not set
2024-07-31 16:58:54,365 [INFO] ImportTextPane:194 - (OptionalMessage_ERROR) IP (DMA) : Parameter (Direction) has Id (USART1_RX) currently not set
2024-07-31 16:58:54,365 [INFO] ImportTextPane:194 - (OptionalMessage_ERROR) IP (DMA) : Parameter (PeriphInc) has Id (USART1_RX) currently not set
2024-07-31 16:58:54,365 [INFO] ImportTextPane:194 - (OptionalMessage_ERROR) IP (DMA) : Parameter (MemInc) has Id (USART1_RX) currently not set
2024-07-31 16:58:54,365 [INFO] ImportTextPane:194 - (OptionalMessage_ERROR) IP (DMA) : Parameter (PeriphDataAlignment) has Id (USART1_RX) currently not set
2024-07-31 16:58:54,365 [INFO] ImportTextPane:194 - (OptionalMessage_ERROR) IP (DMA) : Parameter (MemDataAlignment) has Id (USART1_RX) currently not set
2024-07-31 16:58:54,366 [INFO] ImportTextPane:194 - (OptionalMessage_ERROR) IP (DMA) : Parameter (Mode) has Id (USART1_RX) currently not set
2024-07-31 16:58:54,366 [INFO] ImportTextPane:194 - (OptionalMessage_ERROR) IP (DMA) : Parameter (Priority) has Id (USART1_RX) currently not set
2024-07-31 16:58:54,366 [INFO] ImportTextPane:194 - (OptionalMessage_ERROR) IP (DMA) : Parameter (FIFOMode) has Id (USART1_RX) currently not set
2024-07-31 16:58:54,377 [WARN] IP:2119 - LWIP_NETIF_HOSTNAME not found: check if there is a RefParameter without a condition.
2024-07-31 16:58:54,401 [INFO] ImportTextPane:194 - (OptionalMessage_ERROR) IP (RCC) : Invalid parameter (FamilyName)
2024-07-31 16:58:54,402 [INFO] ImportTextPane:194 - (OptionalMessage_ERROR) IP (RCC) : Parameter (RNGFreq_Value) has invalid value (216000000)
2024-07-31 16:58:54,402 [INFO] ImportTextPane:194 - (OptionalMessage_ERROR) IP (RCC) : Parameter (SDMMC2Freq_Value) has invalid value (216000000)
2024-07-31 16:58:54,402 [INFO] ImportTextPane:194 - (OptionalMessage_ERROR) IP (RCC) : Parameter (SDMMCFreq_Value) has invalid value (216000000)
2024-07-31 16:58:54,402 [INFO] ImportTextPane:194 - (OptionalMessage_ERROR) IP (RCC) : Parameter (USBFreq_Value) has invalid value (216000000)
2024-07-31 16:58:54,877 [INFO] UtilMem:75 - End LoadConfig() Used Memory: 185164000 Bytes (536870912)
2024-07-31 16:58:54,986 [INFO] ApiDb:581 - Connected to CubeFinder SQLite database (C:\Users\ECA1WX\.stmcufinder\plugins\mcufinder\mcu\cube-finder-db.db)
2024-07-31 16:58:55,048 [INFO] ApiDb:668 - CubeFinder database Data Model version=2.1
2024-07-31 16:58:55,048 [INFO] ApiDb:669 - CubeFinder database Configuration version=3.0.39
2024-07-31 16:58:55,048 [INFO] ApiDb:670 - CubeFinder database generation date=2023-11-06 (1699269565)
2024-07-31 16:58:55,048 [INFO] ApiDb:671 - CubeFinder database FW Pack versions=[FP-ATR-ASTRA1_V2.0.0, FP-SNS-FLIGHT1_V5.0.1, FP-SNS-FLIGHT1_V5.0.2, FP-SNS-MOTENV1_V4.3.1, FP-SNS-MOTENV1_V4.3.2, FP-SNS-MOTENVWB1_V1.3.0, FP-SNS-SMARTAG2_V1.2.0, STM32Cube_FW_C0_V1.1.0, STM32Cube_FW_F4_V1.28.0, STM32Cube_FW_F7_V1.17.0, STM32Cube_FW_G0_V1.6.1, STM32Cube_FW_G4_V1.5.1, STM32Cube_FW_H5_V0.5.1, STM32Cube_FW_H5_V1.1.1, STM32Cube_FW_H5_V1.2.0RC2, STM32Cube_FW_H7_V1.11.0, STM32Cube_FW_L0_V1.12.2, STM32Cube_FW_L5_V1.5.0, STM32Cube_FW_U5_V1.3.0RC4, STM32Cube_FW_U5_V1.4.0, STM32Cube_FW_WBA_V1.0.0RC1, STM32Cube_FW_WBA_V1.1.0RC1, STM32Cube_FW_WBA_V1.2.0, STM32Cube_FW_WBA_V1.2.0RC2, STM32Cube_FW_WB_V1.15.0RC1, STM32Cube_FW_WB_V1.16.0, STM32Cube_FW_WB_V1.16.0RC2, STM32Cube_FW_WB_V1.18.0, STM32Cube_FW_WL_V1.3.0, X-CUBE-ALGOBUILD_V1.3.0, X-CUBE-ALS_V1.0.1, X-CUBE-AZRTOS-F4_V1.1.0, X-CUBE-AZRTOS-F7_V1.1.0, X-CUBE-AZRTOS-G0_V1.1.0, X-CUBE-AZRTOS-G4_V2.0.0, X-CUBE-AZRTOS-H7_V3.1.0, X-CUBE-AZRTOS-L4_V1.0.0, X-CUBE-AZRTOS-L4_V2.0.0, X-CUBE-AZRTOS-L5_V1.1.0, X-CUBE-AZRTOS-WB_V2.0.0, X-CUBE-AZRTOS-WL_V2.0.0, X-CUBE-BLE1_V7.0.0, X-CUBE-BLE2_V3.3.0, X-CUBE-BLEMGR_V2.0.0, X-CUBE-EEPRMA1_V4.1.0, X-CUBE-EEPRMA1_V4.2.0, X-CUBE-FREERTOS_V1.1.0, X-CUBE-GNSS1_V6.0.0, X-CUBE-MEMS1_V10.0.0, X-CUBE-MEMS1_V9.1.0, X-CUBE-MEMS1_V9.4.0, X-CUBE-MEMS1_V9.6.0, X-CUBE-NFC4_V3.0.0, X-CUBE-NFC7_V1.0.1, X-CUBE-SFXS2LP1_V4.0.0, X-CUBE-SUBG2_V5.0.0, X-CUBE-TOF1_V3.3.1]
2024-07-31 16:58:56,792 [INFO] ApiDb:240 - Found 371 in-development CPN: [B-G473E-ZEST1S, B-WB1M-WPAN1, B-WL5M-SUBG1, NUCLEO-C031C6, NUCLEO-H503RB, NUCLEO-H563ZI, NUCLEO-U545RE-Q, NUCLEO-U5A5ZJ-Q, NUCLEO-WBA52CG, NUCLEO-WBA55CG, STEVAL-MKBOXPRO, STEVAL-PROTEUS1, STEVAL-STWINBX1, STM320518-EVAL, STM32C0116-DK, STM32C011D6Y3TR, STM32C011D6Y6TR, STM32C011F4P3, STM32C011F4P6, STM32C011F4U3, STM32C011F4U6TR, STM32C011F6P3, STM32C011F6P6, STM32C011F6U3, STM32C011F6U6TR, STM32C011J4M3, STM32C011J4M6, STM32C011J6M3, STM32C011J6M6, STM32C0316-DK, STM32C031C4T3, STM32C031C4T6, STM32C031C4U3, STM32C031C4U6, STM32C031C6T3, STM32C031C6T6, STM32C031C6U3, STM32C031C6U6, STM32C031F4P3, STM32C031F4P6, STM32C031F6P3, STM32C031F6P6, STM32C031G4U3, STM32C031G4U6, STM32C031G6U3, STM32C031G6U6, STM32C031K4T3, STM32C031K4T6, STM32C031K4U3, STM32C031K4U6, STM32C031K6T3, STM32C031K6T6, STM32C031K6U3, STM32C031K6U6, STM32G071K8TXN, STM32G071K8UXN, STM32G081GBU6N, STM32G081KBT6N, STM32G081KBUXN, STM32G0B1CCT6N, STM32G0B1KCT6, STM32G0B1NEY6TR, STM32G0B1RCT6N, STM32G0C1CCT6, STM32G0C1CCT6N, STM32G0C1CCU6N, STM32G0C1CET6N, STM32G0C1CEU6N, STM32G0C1KCT6, STM32G0C1NEY6TR, STM32G0C1RCI6N, STM32G0C1RCT6N, STM32G0C1REI6N, STM32G0C1RET6N, STM32G0C1VCI6, STM32G0C1VEI6, STM32G471CCT6, STM32G471CCU6, STM32G471CET3, STM32G471CET6, STM32G471CEU3, STM32G471CEU6, STM32G471MCT6, STM32G471MET3, STM32G471MET6, STM32G471MEY6TR, STM32G471QCT6, STM32G471QET3, STM32G471RCT6, STM32G471RET3, STM32G471RET6, STM32G471VCH6, STM32G471VCI6, STM32G471VCT6, STM32G471VEH3, STM32G471VEH6, STM32G471VEI3, STM32G471VEI6, STM32G471VET3, STM32G471VET6, STM32G474CCT6, STM32H503CBT6, STM32H503CBU6, STM32H503EBY6TR, STM32H503KBU6, STM32H503RBT6, STM32H562AGI6, STM32H562AII6, STM32H562IGK6, STM32H562IGT6, STM32H562IIK6, STM32H562IIT6, STM32H562RGT6, STM32H562RGV6, STM32H562RIT6, STM32H562RIV6, STM32H562VGT6, STM32H562VIT6, STM32H562ZGT6, STM32H562ZIT6, STM32H563AGI6, STM32H563AII3Q, STM32H563AII6, STM32H563IGK6, STM32H563IGT6, STM32H563IIK3Q, STM32H563IIK6, STM32H563IIT3Q, STM32H563IIT6, STM32H563MIY3QTR, STM32H563RGT6, STM32H563RGV6, STM32H563RIT6, STM32H563RIV6, STM32H563VGT6, STM32H563VIT3Q, STM32H563VIT6, STM32H563ZGT6, STM32H563ZIT3Q, STM32H563ZIT6, STM32H573AII3Q, STM32H573AII6, STM32H573I-DK, STM32H573IIK3Q, STM32H573IIK6, STM32H573IIT3Q, STM32H573IIT6, STM32H573MIY3QTR, STM32H573RIT6, STM32H573RIV6, STM32H573VIT3Q, STM32H573VIT6, STM32H573ZIT3Q, STM32H573ZIT6, STM32L4R5QGI6STR, STM32MP131AAE3, STM32MP131AAF3, STM32MP131AAG3, STM32MP131CAE3, STM32MP131CAF3, STM32MP131CAG3, STM32MP131DAE7, STM32MP131DAF7, STM32MP131DAG7, STM32MP131FAE7, STM32MP131FAF7, STM32MP131FAG7, STM32MP133AAE3, STM32MP133AAF3, STM32MP133AAG3, STM32MP133CAE3, STM32MP133CAF3, STM32MP133CAG3, STM32MP133DAE7, STM32MP133DAF7, STM32MP133DAG7, STM32MP133FAE7, STM32MP133FAF7, STM32MP133FAG7, STM32MP135AAE3, STM32MP135AAF3, STM32MP135AAG3, STM32MP135CAE3, STM32MP135CAF3, STM32MP135CAG3, STM32MP135DAE7, STM32MP135DAF7, STM32MP135DAG7, STM32MP135F-DK, STM32MP135FAE7, STM32MP135FAF7, STM32MP135FAF7T, STM32MP135FAF7U, STM32MP135FAG7, STM32U535CBT6, STM32U535CBT6Q, STM32U535CBU6, STM32U535CBU6Q, STM32U535CCT6, STM32U535CCT6Q, STM32U535CCU6, STM32U535CCU6Q, STM32U535CET6, STM32U535CET6Q, STM32U535CEU6, STM32U535CEU6Q, STM32U535JEY6QTR, STM32U535NCY6QTR, STM32U535NEY6QTR, STM32U535RBI6, STM32U535RBI6Q, STM32U535RBT6, STM32U535RBT6Q, STM32U535RCI6, STM32U535RCI6Q, STM32U535RCT6, STM32U535RCT6Q, STM32U535REI6, STM32U535REI6Q, STM32U535RET6, STM32U535RET6Q, STM32U535VCI6, STM32U535VCI6Q, STM32U535VCT6, STM32U535VCT6Q, STM32U535VEI6, STM32U535VEI6Q, STM32U535VET6, STM32U535VET6Q, STM32U545CET6, STM32U545CET6Q, STM32U545CEU6, STM32U545CEU6Q, STM32U545JEY6QTR, STM32U545NEY6QTR, STM32U545REI6, STM32U545REI6Q, STM32U545RET6, STM32U545RET6Q, STM32U545VEI6, STM32U545VEI6Q, STM32U545VET6, STM32U545VET6Q, STM32U595AIH6, STM32U595AIH6Q, STM32U595AJH6, STM32U595AJH6Q, STM32U595QII6, STM32U595QII6Q, STM32U595QJI6, STM32U595QJI6Q, STM32U595RIT6, STM32U595RIT6Q, STM32U595RJT6, STM32U595RJT6Q, STM32U595VIT6, STM32U595VIT6Q, STM32U595VJT6, STM32U595VJT6Q, STM32U595ZIT6, STM32U595ZIT6Q, STM32U595ZIY6QTR, STM32U595ZJT6, STM32U595ZJT6Q, STM32U595ZJY6QTR, STM32U599BJY6QTR, STM32U599NIH6Q, STM32U599NJH6Q, STM32U599VIT6Q, STM32U599VJT6, STM32U599VJT6Q, STM32U599ZIT6Q, STM32U599ZIY6QTR, STM32U599ZJT6Q, STM32U599ZJY6QTR, STM32U5A5AJH6, STM32U5A5AJH6Q, STM32U5A5QJI6, STM32U5A5QJI6Q, STM32U5A5RJT6, STM32U5A5RJT6Q, STM32U5A5VJT6, STM32U5A5VJT6Q, STM32U5A5ZJT6, STM32U5A5ZJT6Q, STM32U5A5ZJY6QTR, STM32U5A9BJY6QTR, STM32U5A9J-DK, STM32U5A9NJH6Q, STM32U5A9VJT6Q, STM32U5A9ZJT6Q, STM32U5A9ZJY6QTR, STM32U5F7VIT6, STM32U5F7VIT6Q, STM32U5F7VJT6, STM32U5F7VJT6Q, STM32U5F9BJY6QTR, STM32U5F9NJH6Q, STM32U5F9VIT6Q, STM32U5F9VJT6Q, STM32U5F9ZIJ6QTR, STM32U5F9ZIT6Q, STM32U5F9ZJJ6QTR, STM32U5F9ZJT6Q, STM32U5G7VJT6, STM32U5G7VJT6Q, STM32U5G9BJY6QTR, STM32U5G9J-DK1, STM32U5G9J-DK2, STM32U5G9NJH6Q, STM32U5G9VJT6Q, STM32U5G9ZJJ6QTR, STM32U5G9ZJT6Q, STM32WB1MMCH6, STM32WBA50KEU6, STM32WBA50KEU6TR, STM32WBA50KGU6, STM32WBA50KGU6TR, STM32WBA52CEU6, STM32WBA52CEU6TR, STM32WBA52CEU7, STM32WBA52CEU7TR, STM32WBA52CGU6, STM32WBA52CGU6TR, STM32WBA52CGU6U, STM32WBA52CGU7, STM32WBA52CGU7TR, STM32WBA52KEU6, STM32WBA52KEU6TR, STM32WBA52KGU6, STM32WBA52KGU6TR, STM32WBA54CEU6, STM32WBA54CEU6TR, STM32WBA54CEU7, STM32WBA54CEU7TR, STM32WBA54CGU6, STM32WBA54CGU6TR, STM32WBA54CGU7, STM32WBA54CGU7TR, STM32WBA54KEU6, STM32WBA54KEU6TR, STM32WBA54KEU7, STM32WBA54KEU7TR, STM32WBA54KGU6, STM32WBA54KGU6TR, STM32WBA54KGU7, STM32WBA54KGU7TR, STM32WBA55CEU6, STM32WBA55CEU6TR, STM32WBA55CEU7, STM32WBA55CEU7TR, STM32WBA55CGU6, STM32WBA55CGU6TR, STM32WBA55CGU6U, STM32WBA55CGU7, STM32WBA55CGU7TR, STM32WBA55G-DK1, STM32WBA55HEF6, STM32WBA55HEF7, STM32WBA55HGF6, STM32WBA55HGF7, STM32WBA55UEI6, STM32WBA55UEI6TR, STM32WBA55UEI7, STM32WBA55UEI7TR, STM32WBA55UGI6, STM32WBA55UGI6TR, STM32WBA55UGI7, STM32WBA55UGI7TR, STM32WL5MOCH6, STM32WL5MOCH6TR]
2024-07-31 16:58:56,796 [INFO] DbMcus:218 - Found 3930 MCUs, 3930 are supported
2024-07-31 16:58:56,799 [INFO] ApiDb:423 - Load user favorites file C:\Users\ECA1WX/.stm32cubeide/favorites.mcus.txt: 1 item(s)
2024-07-31 16:58:56,799 [INFO] ApiDb:427 - User favorites MCUs=[STM32F767IGT6]
2024-07-31 16:58:56,799 [INFO] DbMcus:224 - Set 1 / 1 favorites MCUs
2024-07-31 16:58:57,014 [INFO] MicroXplorer:468 - Change Database Path : 
2024-07-31 16:58:57,014 [INFO] MicroXplorer:498 - Change Database Version : DB.6.0.100
2024-07-31 16:58:57,014 [WARN] ThirdParty:833 - waiting for thirdparty lock release [change project]
2024-07-31 16:58:57,014 [INFO] ThirdParty:835 - entering critical section [change project]
2024-07-31 16:58:57,014 [INFO] ThirdParty:1030 - CMSIS Pack Vendor :STMicroelectronics USBPD 4.1
2024-07-31 16:58:57,015 [INFO] ThirdParty:1030 - CMSIS Pack Vendor :STMicroelectronics X-CUBE-GNSS1 6.0.0
2024-07-31 16:58:57,015 [INFO] ThirdParty:1030 - CMSIS Pack Vendor :STMicroelectronics USB_HOST 2.0.0
2024-07-31 16:58:57,015 [INFO] ThirdParty:1030 - CMSIS Pack Vendor :STMicroelectronics FP-SNS-MOTENVWB1 1.4.0
2024-07-31 16:58:57,015 [INFO] ThirdParty:1030 - CMSIS Pack Vendor :STMicroelectronics X-CUBE-AZRTOS-F4 1.1.0
2024-07-31 16:58:57,015 [INFO] ThirdParty:1030 - CMSIS Pack Vendor :STMicroelectronics LIBJPEG 8.0.0
2024-07-31 16:58:57,015 [INFO] ThirdParty:1030 - CMSIS Pack Vendor :STMicroelectronics X-CUBE-SMBUS 2.1.0
2024-07-31 16:58:57,015 [INFO] ThirdParty:1030 - CMSIS Pack Vendor :STMicroelectronics USB_DEVICE 3.0.0
2024-07-31 16:58:57,015 [INFO] ThirdParty:1030 - CMSIS Pack Vendor :STMicroelectronics X-CUBE-TCPP 4.1.0
2024-07-31 16:58:57,015 [INFO] ThirdParty:1030 - CMSIS Pack Vendor :STMicroelectronics X-CUBE-FREERTOS 1.2.0
2024-07-31 16:58:57,015 [INFO] ThirdParty:1030 - CMSIS Pack Vendor :STMicroelectronics X-CUBE-AZRTOS-WB 2.0.0
2024-07-31 16:58:57,015 [INFO] ThirdParty:1030 - CMSIS Pack Vendor :STMicroelectronics X-CUBE-TOUCHGFX 4.23.1
2024-07-31 16:58:57,015 [INFO] ThirdParty:1030 - CMSIS Pack Vendor :STMicroelectronics X-CUBE-TOUCHGFX 4.23.0
2024-07-31 16:58:57,015 [INFO] ThirdParty:1030 - CMSIS Pack Vendor :STMicroelectronics X-CUBE-TOUCHGFX 4.23.2
2024-07-31 16:58:57,015 [INFO] ThirdParty:1030 - CMSIS Pack Vendor :STMicroelectronics X-CUBE-AZRTOS-F7 1.1.0
2024-07-31 16:58:57,015 [INFO] ThirdParty:1030 - CMSIS Pack Vendor :STMicroelectronics X-CUBE-AZRTOS-L5 2.0.0
2024-07-31 16:58:57,015 [INFO] ThirdParty:1030 - CMSIS Pack Vendor :STMicroelectronics USB_DEVICE 2.0.0
2024-07-31 16:58:57,015 [INFO] ThirdParty:1030 - CMSIS Pack Vendor :STMicroelectronics X-CUBE-NFC6 3.1.0
2024-07-31 16:58:57,015 [INFO] ThirdParty:1030 - CMSIS Pack Vendor :ITTIA_DB I-CUBE-ITTIADB 8.8.0
2024-07-31 16:58:57,015 [INFO] ThirdParty:1030 - CMSIS Pack Vendor :STMicroelectronics FP-SNS-STBOX1 2.0.0
2024-07-31 16:58:57,015 [INFO] ThirdParty:1030 - CMSIS Pack Vendor :STMicroelectronics FP-SNS-MOTENV1 4.3.2
2024-07-31 16:58:57,015 [INFO] ThirdParty:1030 - CMSIS Pack Vendor :STMicroelectronics X-CUBE-ALGOBUILD 1.3.0
2024-07-31 16:58:57,015 [INFO] ThirdParty:1030 - CMSIS Pack Vendor :STMicroelectronics FreeRTOS 0.0.1
2024-07-31 16:58:57,015 [INFO] ThirdParty:1030 - CMSIS Pack Vendor :STMicroelectronics X-CUBE-AZRTOS-G0 1.1.0
2024-07-31 16:58:57,015 [INFO] ThirdParty:1030 - CMSIS Pack Vendor :STMicroelectronics X-CUBE-SAFEA1 1.2.2
2024-07-31 16:58:57,015 [INFO] ThirdParty:1030 - CMSIS Pack Vendor :STMicroelectronics X-CUBE-NFC4 3.0.0
2024-07-31 16:58:57,015 [INFO] ThirdParty:1030 - CMSIS Pack Vendor :STMicroelectronics X-CUBE-DPower 1.2.0
2024-07-31 16:58:57,015 [INFO] ThirdParty:1030 - CMSIS Pack Vendor :STMicroelectronics X-CUBE-SUBG2 5.0.0
2024-07-31 16:58:57,015 [INFO] ThirdParty:1030 - CMSIS Pack Vendor :STMicroelectronics STM32_WPAN 1.0.0
2024-07-31 16:58:57,015 [INFO] ThirdParty:1030 - CMSIS Pack Vendor :EmbeddedOffice I-CUBE-FS-RTOS 1.0.1
2024-07-31 16:58:57,015 [INFO] ThirdParty:1030 - CMSIS Pack Vendor :STMicroelectronics lwIP 2.0.3
2024-07-31 16:58:57,015 [INFO] ThirdParty:1030 - CMSIS Pack Vendor :STMicroelectronics FP-SNS-FLIGHT1 5.0.2
2024-07-31 16:58:57,015 [INFO] ThirdParty:1030 - CMSIS Pack Vendor :Cesanta I-CUBE-Mongoose 7.13.0
2024-07-31 16:58:57,015 [INFO] ThirdParty:1030 - CMSIS Pack Vendor :STMicroelectronics USB_HOST 1.0.0
2024-07-31 16:58:57,015 [INFO] ThirdParty:1030 - CMSIS Pack Vendor :STMicroelectronics X-CUBE-AI 9.0.0
2024-07-31 16:58:57,015 [INFO] ThirdParty:1030 - CMSIS Pack Vendor :STMicroelectronics X-CUBE-AZRTOS-G4 2.0.0
2024-07-31 16:58:57,015 [INFO] ThirdParty:1030 - CMSIS Pack Vendor :STMicroelectronics PDM2PCM 3.1.0
2024-07-31 16:58:57,015 [INFO] ThirdParty:1030 - CMSIS Pack Vendor :Infineon AIROC-Wi-Fi-Bluetooth-STM32 1.5.1
2024-07-31 16:58:57,015 [INFO] ThirdParty:1030 - CMSIS Pack Vendor :STMicroelectronics PDM2PCM 3.3.0
2024-07-31 16:58:57,015 [INFO] ThirdParty:1030 - CMSIS Pack Vendor :STMicroelectronics X-CUBE-DISPLAY 3.0.0
2024-07-31 16:58:57,015 [INFO] ThirdParty:1030 - CMSIS Pack Vendor :RealThread X-CUBE-RT-Thread_Nano 4.1.1
2024-07-31 16:58:57,015 [INFO] ThirdParty:1030 - CMSIS Pack Vendor :STMicroelectronics FP-SNS-MOTENVWB1 1.3.1
2024-07-31 16:58:57,015 [INFO] ThirdParty:1030 - CMSIS Pack Vendor :STMicroelectronics X-CUBE-BLE1 7.0.0
2024-07-31 16:58:57,015 [INFO] ThirdParty:1030 - CMSIS Pack Vendor :STMicroelectronics FP-ATR-SIGFOX1 3.2.0
2024-07-31 16:58:57,016 [INFO] ThirdParty:1030 - CMSIS Pack Vendor :STMicroelectronics HAL Drivers 0.0.0
2024-07-31 16:58:57,016 [INFO] ThirdParty:1030 - CMSIS Pack Vendor :STMicroelectronics MBEDTLS 2.16.2
2024-07-31 16:58:57,016 [INFO] ThirdParty:1030 - CMSIS Pack Vendor :STMicroelectronics X-CUBE-ALS 1.0.2
2024-07-31 16:58:57,016 [INFO] ThirdParty:1030 - CMSIS Pack Vendor :emotas I-CUBE-CANOPEN 1.3.0
2024-07-31 16:58:57,016 [INFO] ThirdParty:1030 - CMSIS Pack Vendor :STMicroelectronics X-CUBE-MEMS1 10.0.0
2024-07-31 16:58:57,016 [INFO] ThirdParty:1030 - CMSIS Pack Vendor :STMicroelectronics X-CUBE-FREERTOS 1.1.0
2024-07-31 16:58:57,016 [INFO] ThirdParty:1030 - CMSIS Pack Vendor :STMicroelectronics X-CUBE-NFC7 1.0.1
2024-07-31 16:58:57,016 [INFO] ThirdParty:1030 - CMSIS Pack Vendor :STMicroelectronics MBEDTLS 2.14.1
2024-07-31 16:58:57,016 [INFO] ThirdParty:1030 - CMSIS Pack Vendor :STMicroelectronics X-CUBE-TOUCHGFX 4.24.0
2024-07-31 16:58:57,016 [INFO] ThirdParty:1030 - CMSIS Pack Vendor :wolfSSL I-CUBE-wolfTPM 3.2.0
2024-07-31 16:58:57,016 [INFO] ThirdParty:1030 - CMSIS Pack Vendor :STMicroelectronics X-CUBE-NFC6 3.0.0
2024-07-31 16:58:57,016 [INFO] ThirdParty:1030 - CMSIS Pack Vendor :portGmbH I-Cube-SoM-uGOAL 1.1.0
2024-07-31 16:58:57,016 [INFO] ThirdParty:1030 - CMSIS Pack Vendor :STMicroelectronics X-CUBE-ALS 1.0.1
2024-07-31 16:58:57,016 [INFO] ThirdParty:1030 - CMSIS Pack Vendor :STMicroelectronics ThreadX 1.0.0
2024-07-31 16:58:57,016 [INFO] ThirdParty:1030 - CMSIS Pack Vendor :STMicroelectronics FP-SNS-SMARTAG2 1.2.0
2024-07-31 16:58:57,016 [INFO] ThirdParty:1030 - CMSIS Pack Vendor :STMicroelectronics X-CUBE-AZRTOS-WL 2.0.0
2024-07-31 16:58:57,016 [INFO] ThirdParty:1030 - CMSIS Pack Vendor :SEGGER I-CUBE-embOS 1.3.1
2024-07-31 16:58:57,016 [INFO] ThirdParty:1030 - CMSIS Pack Vendor :STMicroelectronics X-CUBE-ALGOBUILD 1.4.0
2024-07-31 16:58:57,016 [INFO] ThirdParty:1030 - CMSIS Pack Vendor :STMicroelectronics FP-SNS-MOTENV1 5.0.0
2024-07-31 16:58:57,016 [INFO] ThirdParty:1030 - CMSIS Pack Vendor :STMicroelectronics USB_DEVICE 1.0.0
2024-07-31 16:58:57,016 [INFO] ThirdParty:1030 - CMSIS Pack Vendor :STMicroelectronics X-CUBE-AI 8.1.0
2024-07-31 16:58:57,016 [INFO] ThirdParty:1030 - CMSIS Pack Vendor :STMicroelectronics X-CUBE-AZRTOS-H7RS 1.0.0
2024-07-31 16:58:57,016 [INFO] ThirdParty:1030 - CMSIS Pack Vendor :wolfSSL I-CUBE-wolfMQTT 1.19.0
2024-07-31 16:58:57,016 [INFO] ThirdParty:1030 - CMSIS Pack Vendor :STMicroelectronics X-CUBE-AZRTOS-L4 2.0.0
2024-07-31 16:58:57,016 [INFO] ThirdParty:1030 - CMSIS Pack Vendor :STMicroelectronics ThreadX 0.0.2
2024-07-31 16:58:57,016 [INFO] ThirdParty:1030 - CMSIS Pack Vendor :STMicroelectronics FP-ATR-ASTRA1 2.0.0
2024-07-31 16:58:57,016 [INFO] ThirdParty:1030 - CMSIS Pack Vendor :STMicroelectronics lwIP 2.1.2
2024-07-31 16:58:57,016 [INFO] ThirdParty:1030 - CMSIS Pack Vendor :STMicroelectronics X-CUBE-SFXS2LP1 4.0.0
2024-07-31 16:58:57,016 [INFO] ThirdParty:1030 - CMSIS Pack Vendor :STMicroelectronics X-CUBE-BLE2 3.3.0
2024-07-31 16:58:57,016 [INFO] ThirdParty:1030 - CMSIS Pack Vendor :STMicroelectronics X-CUBE-TOF1 3.4.2
2024-07-31 16:58:57,016 [INFO] ThirdParty:1030 - CMSIS Pack Vendor :STMicroelectronics X-CUBE-TOF1 3.4.1
2024-07-31 16:58:57,016 [INFO] ThirdParty:1030 - CMSIS Pack Vendor :STMicroelectronics PDM2PCM 3.2.0
2024-07-31 16:58:57,016 [INFO] ThirdParty:1030 - CMSIS Pack Vendor :wolfSSL I-CUBE-wolfSSH 1.4.17
2024-07-31 16:58:57,017 [INFO] ThirdParty:841 - exiting critical section [change project]
2024-07-31 16:58:57,349 [INFO] PinOutPanel:1499 - setPackage(No Configuration,No Configuration)
2024-07-31 16:58:57,351 [INFO] PinOutPanel:1499 - setPackage(STM32F767IGTx,LQFP176)
2024-07-31 16:58:57,888 [INFO] UtilMem:75 - Before build in PCC Used Memory: 340605456 Bytes (536870912)
2024-07-31 16:58:58,631 [INFO] UtilMem:75 - After build in PCC Used Memory: 423575344 Bytes (536870912)
2024-07-31 16:58:58,732 [INFO] ApiDbMcu:508 - Load IP Config File for FREERTOS
2024-07-31 16:58:58,746 [INFO] ApiDbMcu:508 - Load IP Config File for LWIP
2024-07-31 16:58:58,775 [INFO] IPUIPlugin:80 - create IPUIPlugin
2024-07-31 16:58:58,775 [INFO] IPUIPlugin:80 - create IPUIPlugin
2024-07-31 16:58:58,775 [INFO] IPUIPlugin:80 - create IPUIPlugin
2024-07-31 16:58:58,775 [INFO] IPUIPlugin:80 - create IPUIPlugin
2024-07-31 16:58:58,775 [INFO] IPUIPlugin:80 - create IPUIPlugin
2024-07-31 16:58:58,775 [INFO] IPUIPlugin:80 - create IPUIPlugin
2024-07-31 16:58:58,775 [INFO] IPUIPlugin:80 - create IPUIPlugin
2024-07-31 16:58:58,777 [INFO] IPUIPlugin:80 - create IPUIPlugin
2024-07-31 16:58:58,777 [INFO] IPUIPlugin:80 - create IPUIPlugin
2024-07-31 16:58:58,777 [INFO] IPUIPlugin:80 - create IPUIPlugin
2024-07-31 16:58:58,777 [INFO] IPUIPlugin:80 - create IPUIPlugin
2024-07-31 16:58:58,777 [INFO] IPUIPlugin:80 - create IPUIPlugin
2024-07-31 16:58:58,777 [INFO] IPUIPlugin:80 - create IPUIPlugin
2024-07-31 16:58:58,777 [INFO] IPUIPlugin:80 - create IPUIPlugin
2024-07-31 16:58:58,777 [INFO] IPUIPlugin:80 - create IPUIPlugin
2024-07-31 16:58:58,777 [INFO] IPUIPlugin:80 - create IPUIPlugin
2024-07-31 16:58:58,777 [INFO] IPUIPlugin:80 - create IPUIPlugin
2024-07-31 16:58:58,777 [INFO] IPUIPlugin:80 - create IPUIPlugin
2024-07-31 16:58:58,777 [INFO] IPUIPlugin:80 - create IPUIPlugin
2024-07-31 16:58:58,777 [INFO] IPUIPlugin:80 - create IPUIPlugin
2024-07-31 16:58:58,778 [INFO] IPUIPlugin:80 - create IPUIPlugin
2024-07-31 16:58:58,778 [INFO] IPUIPlugin:80 - create IPUIPlugin
2024-07-31 16:58:58,778 [INFO] IPUIPlugin:80 - create IPUIPlugin
2024-07-31 16:58:58,778 [INFO] IPUIPlugin:80 - create IPUIPlugin
2024-07-31 16:58:58,778 [INFO] IPUIPlugin:80 - create IPUIPlugin
2024-07-31 16:58:58,778 [INFO] IPUIPlugin:80 - create IPUIPlugin
2024-07-31 16:58:58,778 [INFO] IPUIPlugin:80 - create IPUIPlugin
2024-07-31 16:58:58,778 [INFO] IPUIPlugin:80 - create IPUIPlugin
2024-07-31 16:58:58,778 [INFO] IPUIPlugin:80 - create IPUIPlugin
2024-07-31 16:58:58,778 [INFO] IPUIPlugin:80 - create IPUIPlugin
2024-07-31 16:58:58,778 [INFO] IPUIPlugin:80 - create IPUIPlugin
2024-07-31 16:58:58,778 [INFO] IPUIPlugin:80 - create IPUIPlugin
2024-07-31 16:58:58,778 [INFO] IPUIPlugin:80 - create IPUIPlugin
2024-07-31 16:58:58,778 [INFO] IPUIPlugin:80 - create IPUIPlugin
2024-07-31 16:58:58,778 [INFO] IPUIPlugin:80 - create IPUIPlugin
2024-07-31 16:58:58,778 [INFO] IPUIPlugin:80 - create IPUIPlugin
2024-07-31 16:58:58,778 [INFO] IPUIPlugin:80 - create IPUIPlugin
2024-07-31 16:58:58,780 [INFO] IPUIPlugin:80 - create IPUIPlugin
2024-07-31 16:58:58,780 [INFO] IPUIPlugin:80 - create IPUIPlugin
2024-07-31 16:58:58,780 [INFO] IPUIPlugin:80 - create IPUIPlugin
2024-07-31 16:58:58,780 [INFO] IPUIPlugin:80 - create IPUIPlugin
2024-07-31 16:58:58,781 [INFO] IPUIPlugin:80 - create IPUIPlugin
2024-07-31 16:58:58,781 [INFO] IPUIPlugin:80 - create IPUIPlugin
2024-07-31 16:58:58,781 [INFO] IPUIPlugin:80 - create IPUIPlugin
2024-07-31 16:58:58,781 [INFO] IPUIPlugin:80 - create IPUIPlugin
2024-07-31 16:58:58,781 [INFO] IPUIPlugin:80 - create IPUIPlugin
2024-07-31 16:58:58,782 [INFO] IPUIPlugin:80 - create IPUIPlugin
2024-07-31 16:58:58,782 [INFO] IPUIPlugin:80 - create IPUIPlugin
2024-07-31 16:58:58,782 [INFO] IPUIPlugin:80 - create IPUIPlugin
2024-07-31 16:58:58,782 [INFO] IPUIPlugin:80 - create IPUIPlugin
2024-07-31 16:58:58,782 [INFO] IPUIPlugin:80 - create IPUIPlugin
2024-07-31 16:58:58,783 [INFO] IPUIPlugin:80 - create IPUIPlugin
2024-07-31 16:58:58,783 [INFO] IPUIPlugin:80 - create IPUIPlugin
2024-07-31 16:58:58,783 [INFO] IPUIPlugin:80 - create IPUIPlugin
2024-07-31 16:58:58,783 [INFO] IPUIPlugin:80 - create IPUIPlugin
2024-07-31 16:58:58,783 [INFO] IPUIPlugin:80 - create IPUIPlugin
2024-07-31 16:58:58,783 [INFO] IPUIPlugin:80 - create IPUIPlugin
2024-07-31 16:58:58,783 [INFO] IPUIPlugin:80 - create IPUIPlugin
2024-07-31 16:58:58,783 [INFO] IPUIPlugin:80 - create IPUIPlugin
2024-07-31 16:58:58,783 [INFO] IPUIPlugin:80 - create IPUIPlugin
2024-07-31 16:58:58,783 [INFO] IPUIPlugin:80 - create IPUIPlugin
2024-07-31 16:58:58,784 [INFO] IPUIPlugin:80 - create IPUIPlugin
2024-07-31 16:58:58,784 [INFO] IPUIPlugin:80 - create IPUIPlugin
2024-07-31 16:58:58,784 [INFO] IPUIPlugin:80 - create IPUIPlugin
2024-07-31 16:58:58,784 [INFO] IPUIPlugin:80 - create IPUIPlugin
2024-07-31 16:58:58,784 [INFO] IPUIPlugin:80 - create IPUIPlugin
2024-07-31 16:58:58,784 [INFO] IPUIPlugin:80 - create IPUIPlugin
2024-07-31 16:58:58,785 [INFO] IPUIPlugin:80 - create IPUIPlugin
2024-07-31 16:58:58,785 [INFO] IPUIPlugin:80 - create IPUIPlugin
2024-07-31 16:58:58,785 [INFO] IPUIPlugin:80 - create IPUIPlugin
2024-07-31 16:58:58,785 [INFO] IPUIPlugin:80 - create IPUIPlugin
2024-07-31 16:58:58,786 [INFO] IPUIPlugin:80 - create IPUIPlugin
2024-07-31 16:58:58,786 [INFO] IPUIPlugin:80 - create IPUIPlugin
2024-07-31 16:58:58,786 [INFO] IPUIPlugin:80 - create IPUIPlugin
2024-07-31 16:58:58,786 [INFO] IPUIPlugin:80 - create IPUIPlugin
2024-07-31 16:58:58,787 [INFO] IPUIPlugin:80 - create IPUIPlugin
2024-07-31 16:58:58,787 [INFO] IPUIPlugin:80 - create IPUIPlugin
2024-07-31 16:58:58,787 [INFO] IPUIPlugin:80 - create IPUIPlugin
2024-07-31 16:58:58,804 [INFO] IPUIPlugin:80 - create IPUIPlugin
2024-07-31 16:58:58,813 [INFO] ApiDbMcu:508 - Load IP Config File for PDM2PCM
2024-07-31 16:58:58,842 [WARN] FreeRTOS:1023 - Null or empty value: should not occur! (nothing added to the table)
2024-07-31 16:58:58,847 [WARN] IP:2119 - LWIP_NETIF_HOSTNAME not found: check if there is a RefParameter without a condition.
2024-07-31 16:58:58,874 [WARN] IP:2119 - LWIP_NETIF_HOSTNAME not found: check if there is a RefParameter without a condition.
2024-07-31 16:58:59,079 [INFO] CADModel:165 - CPN selected for project levelSTM32F767IGT6
2024-07-31 16:58:59,079 [INFO] CADModel:114 - Register for checkConnection events
2024-07-31 16:58:59,083 [INFO] RtosManager:697 - Active RTOS found at IOC load: FREERTOS [Cortex-M7NS]
2024-07-31 16:58:59,135 [INFO] OpenFileManager:343 - Restore cursor
2024-07-31 16:58:59,326 [WARN] IP:2119 - LWIP_NETIF_HOSTNAME not found: check if there is a RefParameter without a condition.
2024-07-31 16:58:59,345 [WARN] IP:2119 - LWIP_NETIF_HOSTNAME not found: check if there is a RefParameter without a condition.
2024-07-31 16:59:09,758 [ERROR] LogOutputStream:75 - [STDERR_REDIRECT] SLF4J: Failed to load class "org.slf4j.impl.StaticLoggerBinder".
2024-07-31 16:59:09,759 [ERROR] LogOutputStream:75 - [STDERR_REDIRECT] SLF4J: Defaulting to no-operation (NOP) logger implementation
2024-07-31 16:59:09,759 [ERROR] LogOutputStream:75 - [STDERR_REDIRECT] SLF4J: See http://www.slf4j.org/codes.html#StaticLoggerBinder for further details.
2024-07-31 18:11:56,357 [ERROR] LogOutputStream:75 - [STDERR_REDIRECT] 
